{"contracts\\base\\AccessControlled.sol":{"l":{"43":147,"45":147,"46":147,"48":147,"49":147,"51":147,"52":147,"53":147,"54":147,"55":147,"56":147,"60":274,"61":274,"65":51,"66":50,"70":1,"71":1,"75":0,"76":0,"80":2,"81":2,"85":0,"86":0,"90":19,"91":19,"95":0,"96":0,"98":0,"102":2,"103":1,"105":1,"109":1,"113":1,"119":0,"120":0,"121":0,"128":4,"129":4,"131":4,"132":7,"133":7,"134":7,"136":7,"144":2,"145":2,"147":2,"148":3,"149":3,"154":1,"155":1,"156":1,"157":1,"158":1,"159":1,"160":1,"161":1,"165":1,"166":1,"167":3,"168":2,"170":0},"path":"C:\\Users\\amir2\\Desktop\\realyx\\contracts\\base\\AccessControlled.sol","s":{"1":147,"2":147,"3":147,"4":147,"5":147,"6":147,"7":147,"8":147,"9":147,"10":147,"11":147,"12":274,"13":51,"14":1,"15":0,"16":2,"17":0,"18":19,"19":0,"20":2,"21":1,"22":1,"23":0,"24":0,"25":4,"26":4,"27":4,"28":7,"29":7,"30":7,"31":2,"32":2,"33":2,"34":3,"35":1,"36":1,"37":3,"38":1,"39":0},"b":{"1":[147,0],"2":[0,147],"3":[0,274],"4":[1,50],"5":[0,1],"6":[0,0],"7":[0,2],"8":[0,0],"9":[0,19],"10":[0,0],"11":[1,1],"12":[1,1],"13":[1,0],"14":[0,0],"15":[0,0],"16":[4,0],"17":[0,4],"18":[0,7],"19":[7,0],"20":[2,0],"21":[0,2],"22":[1,2]},"f":{"1":147,"2":274,"3":51,"4":1,"5":0,"6":2,"7":0,"8":19,"9":0,"10":2,"11":1,"12":1,"13":0,"14":4,"15":2,"16":1,"17":1},"fnMap":{"1":{"name":"__AccessControlled_init","line":42,"loc":{"start":{"line":42,"column":4},"end":{"line":57,"column":4}}},"2":{"name":"onlyAdmin","line":59,"loc":{"start":{"line":59,"column":4},"end":{"line":62,"column":4}}},"3":{"name":"onlyOperator","line":64,"loc":{"start":{"line":64,"column":4},"end":{"line":67,"column":4}}},"4":{"name":"onlyGuardian","line":69,"loc":{"start":{"line":69,"column":4},"end":{"line":72,"column":4}}},"5":{"name":"onlyOracle","line":74,"loc":{"start":{"line":74,"column":4},"end":{"line":77,"column":4}}},"6":{"name":"onlyLiquidator","line":79,"loc":{"start":{"line":79,"column":4},"end":{"line":82,"column":4}}},"7":{"name":"onlyKeeper","line":84,"loc":{"start":{"line":84,"column":4},"end":{"line":87,"column":4}}},"8":{"name":"onlyTradingCore","line":89,"loc":{"start":{"line":89,"column":4},"end":{"line":92,"column":4}}},"9":{"name":"onlyAdminOrOperator","line":94,"loc":{"start":{"line":94,"column":4},"end":{"line":99,"column":4}}},"10":{"name":"onlyAdminOrGuardian","line":101,"loc":{"start":{"line":101,"column":4},"end":{"line":106,"column":4}}},"11":{"name":"pause","line":108,"loc":{"start":{"line":108,"column":4},"end":{"line":110,"column":4}}},"12":{"name":"unpause","line":112,"loc":{"start":{"line":112,"column":4},"end":{"line":114,"column":4}}},"13":{"name":"setCircuitBreakerHub","line":118,"loc":{"start":{"line":118,"column":4},"end":{"line":122,"column":4}}},"14":{"name":"batchGrantRole","line":127,"loc":{"start":{"line":124,"column":4},"end":{"line":138,"column":4}}},"15":{"name":"batchRevokeRole","line":143,"loc":{"start":{"line":140,"column":4},"end":{"line":151,"column":4}}},"16":{"name":"_getAllRoles","line":153,"loc":{"start":{"line":153,"column":4},"end":{"line":162,"column":4}}},"17":{"name":"hasAnyRole","line":164,"loc":{"start":{"line":164,"column":4},"end":{"line":171,"column":4}}}},"statementMap":{"1":{"start":{"line":43,"column":8},"end":{"line":43,"column":53}},"2":{"start":{"line":45,"column":8},"end":{"line":45,"column":29}},"3":{"start":{"line":46,"column":8},"end":{"line":46,"column":24}},"4":{"start":{"line":48,"column":8},"end":{"line":48,"column":44}},"5":{"start":{"line":49,"column":8},"end":{"line":49,"column":36}},"6":{"start":{"line":51,"column":8},"end":{"line":51,"column":47}},"7":{"start":{"line":52,"column":8},"end":{"line":52,"column":47}},"8":{"start":{"line":53,"column":8},"end":{"line":53,"column":45}},"9":{"start":{"line":54,"column":8},"end":{"line":54,"column":49}},"10":{"start":{"line":55,"column":8},"end":{"line":55,"column":45}},"11":{"start":{"line":56,"column":8},"end":{"line":56,"column":51}},"12":{"start":{"line":60,"column":8},"end":{"line":60,"column":63}},"13":{"start":{"line":65,"column":8},"end":{"line":65,"column":69}},"14":{"start":{"line":70,"column":8},"end":{"line":70,"column":69}},"15":{"start":{"line":75,"column":8},"end":{"line":75,"column":65}},"16":{"start":{"line":80,"column":8},"end":{"line":80,"column":73}},"17":{"start":{"line":85,"column":8},"end":{"line":85,"column":65}},"18":{"start":{"line":90,"column":8},"end":{"line":90,"column":76}},"19":{"start":{"line":95,"column":8},"end":{"line":95,"column":3057}},"20":{"start":{"line":102,"column":8},"end":{"line":102,"column":3254}},"21":{"start":{"line":109,"column":8},"end":{"line":109,"column":15}},"22":{"start":{"line":113,"column":8},"end":{"line":113,"column":17}},"23":{"start":{"line":119,"column":8},"end":{"line":119,"column":52}},"24":{"start":{"line":121,"column":8},"end":{"line":121,"column":43}},"25":{"start":{"line":128,"column":8},"end":{"line":128,"column":37}},"26":{"start":{"line":129,"column":8},"end":{"line":129,"column":70}},"27":{"start":{"line":131,"column":8},"end":{"line":131,"column":4106}},"28":{"start":{"line":132,"column":12},"end":{"line":132,"column":63}},"29":{"start":{"line":133,"column":12},"end":{"line":133,"column":4221}},"30":{"start":{"line":134,"column":16},"end":{"line":134,"column":44}},"31":{"start":{"line":144,"column":8},"end":{"line":144,"column":37}},"32":{"start":{"line":145,"column":8},"end":{"line":145,"column":70}},"33":{"start":{"line":147,"column":8},"end":{"line":147,"column":4623}},"34":{"start":{"line":148,"column":12},"end":{"line":148,"column":41}},"35":{"start":{"line":165,"column":8},"end":{"line":165,"column":48}},"36":{"start":{"line":166,"column":8},"end":{"line":166,"column":5255}},"37":{"start":{"line":167,"column":12},"end":{"line":167,"column":55}},"38":{"start":{"line":167,"column":44},"end":{"line":167,"column":55}},"39":{"start":{"line":170,"column":8},"end":{"line":170,"column":20}}},"branchMap":{"1":{"line":42,"type":"if","locations":[{"start":{"line":42,"column":61},"end":{"line":42,"column":61}},{"start":{"line":42,"column":61},"end":{"line":42,"column":61}}]},"2":{"line":43,"type":"if","locations":[{"start":{"line":43,"column":8},"end":{"line":43,"column":8}},{"start":{"line":43,"column":8},"end":{"line":43,"column":8}}]},"3":{"line":60,"type":"if","locations":[{"start":{"line":60,"column":8},"end":{"line":60,"column":8}},{"start":{"line":60,"column":8},"end":{"line":60,"column":8}}]},"4":{"line":65,"type":"if","locations":[{"start":{"line":65,"column":8},"end":{"line":65,"column":8}},{"start":{"line":65,"column":8},"end":{"line":65,"column":8}}]},"5":{"line":70,"type":"if","locations":[{"start":{"line":70,"column":8},"end":{"line":70,"column":8}},{"start":{"line":70,"column":8},"end":{"line":70,"column":8}}]},"6":{"line":75,"type":"if","locations":[{"start":{"line":75,"column":8},"end":{"line":75,"column":8}},{"start":{"line":75,"column":8},"end":{"line":75,"column":8}}]},"7":{"line":80,"type":"if","locations":[{"start":{"line":80,"column":8},"end":{"line":80,"column":8}},{"start":{"line":80,"column":8},"end":{"line":80,"column":8}}]},"8":{"line":85,"type":"if","locations":[{"start":{"line":85,"column":8},"end":{"line":85,"column":8}},{"start":{"line":85,"column":8},"end":{"line":85,"column":8}}]},"9":{"line":90,"type":"if","locations":[{"start":{"line":90,"column":8},"end":{"line":90,"column":8}},{"start":{"line":90,"column":8},"end":{"line":90,"column":8}}]},"10":{"line":95,"type":"if","locations":[{"start":{"line":95,"column":8},"end":{"line":95,"column":8}},{"start":{"line":95,"column":8},"end":{"line":95,"column":8}}]},"11":{"line":102,"type":"if","locations":[{"start":{"line":102,"column":8},"end":{"line":102,"column":8}},{"start":{"line":102,"column":8},"end":{"line":102,"column":8}}]},"12":{"line":108,"type":"if","locations":[{"start":{"line":108,"column":38},"end":{"line":108,"column":38}},{"start":{"line":108,"column":38},"end":{"line":108,"column":38}}]},"13":{"line":112,"type":"if","locations":[{"start":{"line":112,"column":40},"end":{"line":112,"column":40}},{"start":{"line":112,"column":40},"end":{"line":112,"column":40}}]},"14":{"line":118,"type":"if","locations":[{"start":{"line":118,"column":57},"end":{"line":118,"column":57}},{"start":{"line":118,"column":57},"end":{"line":118,"column":57}}]},"15":{"line":119,"type":"if","locations":[{"start":{"line":119,"column":8},"end":{"line":119,"column":8}},{"start":{"line":119,"column":8},"end":{"line":119,"column":8}}]},"16":{"line":127,"type":"if","locations":[{"start":{"line":127,"column":15},"end":{"line":127,"column":15}},{"start":{"line":127,"column":15},"end":{"line":127,"column":15}}]},"17":{"line":129,"type":"if","locations":[{"start":{"line":129,"column":8},"end":{"line":129,"column":8}},{"start":{"line":129,"column":8},"end":{"line":129,"column":8}}]},"18":{"line":132,"type":"if","locations":[{"start":{"line":132,"column":12},"end":{"line":132,"column":12}},{"start":{"line":132,"column":12},"end":{"line":132,"column":12}}]},"19":{"line":133,"type":"if","locations":[{"start":{"line":133,"column":12},"end":{"line":133,"column":12}},{"start":{"line":133,"column":12},"end":{"line":133,"column":12}}]},"20":{"line":143,"type":"if","locations":[{"start":{"line":143,"column":15},"end":{"line":143,"column":15}},{"start":{"line":143,"column":15},"end":{"line":143,"column":15}}]},"21":{"line":145,"type":"if","locations":[{"start":{"line":145,"column":8},"end":{"line":145,"column":8}},{"start":{"line":145,"column":8},"end":{"line":145,"column":8}}]},"22":{"line":167,"type":"if","locations":[{"start":{"line":167,"column":12},"end":{"line":167,"column":12}},{"start":{"line":167,"column":12},"end":{"line":167,"column":12}}]}}},"contracts\\core\\DividendManager.sol":{"l":{"35":50,"36":50,"38":50,"39":50,"45":50,"46":50,"47":50,"48":1,"50":50,"51":50,"55":2,"57":1,"58":1,"62":8,"72":4,"74":4,"75":3,"78":1,"79":1,"80":1,"81":1,"83":1,"84":1,"85":0,"87":1,"89":1,"92":1,"101":2,"102":2,"104":2,"105":2,"106":2,"108":2},"path":"C:\\Users\\amir2\\Desktop\\realyx\\contracts\\core\\DividendManager.sol","s":{"1":50,"2":50,"3":50,"4":50,"5":50,"6":50,"7":50,"8":1,"9":50,"10":2,"11":1,"12":8,"13":4,"14":4,"15":3,"16":1,"17":1,"18":1,"19":1,"20":1,"21":1,"22":1,"23":1,"24":2,"25":2,"26":0,"27":2,"28":2,"29":0,"30":2,"31":2,"32":1,"33":1},"b":{"1":[50,0],"2":[0,0],"3":[50,0],"4":[0,50],"5":[1,49],"6":[2,0],"7":[1,1],"8":[4,0],"9":[3,1],"10":[0,1],"11":[0,1],"12":[1,0],"13":[0,1],"14":[0,2],"15":[0,2],"16":[1,1]},"f":{"1":50,"2":0,"3":50,"4":2,"5":8,"6":4,"7":2},"fnMap":{"1":{"name":"initialize","line":34,"loc":{"start":{"line":34,"column":4},"end":{"line":40,"column":4}}},"2":{"name":"_authorizeUpgrade","line":42,"loc":{"start":{"line":42,"column":4},"end":{"line":42,"column":88}}},"3":{"name":"setTradingCore","line":44,"loc":{"start":{"line":44,"column":4},"end":{"line":52,"column":4}}},"4":{"name":"distributeDividend","line":54,"loc":{"start":{"line":54,"column":4},"end":{"line":59,"column":4}}},"5":{"name":"getDividendIndex","line":61,"loc":{"start":{"line":61,"column":4},"end":{"line":63,"column":4}}},"6":{"name":"settleDividends","line":71,"loc":{"start":{"line":65,"column":4},"end":{"line":93,"column":4}}},"7":{"name":"getUnsettledDividends","line":95,"loc":{"start":{"line":95,"column":4},"end":{"line":110,"column":4}}}},"statementMap":{"1":{"start":{"line":35,"column":8},"end":{"line":35,"column":29}},"2":{"start":{"line":36,"column":8},"end":{"line":36,"column":31}},"3":{"start":{"line":38,"column":8},"end":{"line":38,"column":44}},"4":{"start":{"line":39,"column":8},"end":{"line":39,"column":38}},"5":{"start":{"line":45,"column":8},"end":{"line":45,"column":69}},"6":{"start":{"line":46,"column":8},"end":{"line":46,"column":38}},"7":{"start":{"line":47,"column":8},"end":{"line":47,"column":1699}},"8":{"start":{"line":48,"column":12},"end":{"line":48,"column":51}},"9":{"start":{"line":51,"column":8},"end":{"line":51,"column":50}},"10":{"start":{"line":55,"column":8},"end":{"line":55,"column":78}},"11":{"start":{"line":58,"column":8},"end":{"line":58,"column":102}},"12":{"start":{"line":62,"column":8},"end":{"line":62,"column":40}},"13":{"start":{"line":72,"column":8},"end":{"line":72,"column":56}},"14":{"start":{"line":74,"column":8},"end":{"line":74,"column":2777}},"15":{"start":{"line":75,"column":12},"end":{"line":75,"column":36}},"16":{"start":{"line":78,"column":8},"end":{"line":78,"column":53}},"17":{"start":{"line":79,"column":8},"end":{"line":79,"column":71}},"18":{"start":{"line":80,"column":8},"end":{"line":80,"column":104}},"19":{"start":{"line":81,"column":8},"end":{"line":81,"column":63}},"20":{"start":{"line":83,"column":8},"end":{"line":83,"column":3184}},"21":{"start":{"line":84,"column":12},"end":{"line":84,"column":3218}},"22":{"start":{"line":89,"column":12},"end":{"line":89,"column":74}},"23":{"start":{"line":92,"column":8},"end":{"line":92,"column":45}},"24":{"start":{"line":101,"column":8},"end":{"line":101,"column":56}},"25":{"start":{"line":102,"column":8},"end":{"line":102,"column":47}},"26":{"start":{"line":102,"column":39},"end":{"line":102,"column":47}},"27":{"start":{"line":104,"column":8},"end":{"line":104,"column":53}},"28":{"start":{"line":105,"column":8},"end":{"line":105,"column":87}},"29":{"start":{"line":105,"column":79},"end":{"line":105,"column":87}},"30":{"start":{"line":106,"column":8},"end":{"line":106,"column":63}},"31":{"start":{"line":108,"column":8},"end":{"line":108,"column":4083}},"32":{"start":{"line":108,"column":20},"end":{"line":108,"column":40}},"33":{"start":{"line":109,"column":13},"end":{"line":109,"column":34}}},"branchMap":{"1":{"line":34,"type":"if","locations":[{"start":{"line":34,"column":46},"end":{"line":34,"column":46}},{"start":{"line":34,"column":46},"end":{"line":34,"column":46}}]},"2":{"line":42,"type":"if","locations":[{"start":{"line":42,"column":58},"end":{"line":42,"column":58}},{"start":{"line":42,"column":58},"end":{"line":42,"column":58}}]},"3":{"line":44,"type":"if","locations":[{"start":{"line":44,"column":59},"end":{"line":44,"column":59}},{"start":{"line":44,"column":59},"end":{"line":44,"column":59}}]},"4":{"line":45,"type":"if","locations":[{"start":{"line":45,"column":8},"end":{"line":45,"column":8}},{"start":{"line":45,"column":8},"end":{"line":45,"column":8}}]},"5":{"line":47,"type":"if","locations":[{"start":{"line":47,"column":8},"end":{"line":47,"column":8}},{"start":{"line":47,"column":8},"end":{"line":47,"column":8}}]},"6":{"line":54,"type":"if","locations":[{"start":{"line":54,"column":91},"end":{"line":54,"column":91}},{"start":{"line":54,"column":91},"end":{"line":54,"column":91}}]},"7":{"line":55,"type":"if","locations":[{"start":{"line":55,"column":8},"end":{"line":55,"column":8}},{"start":{"line":55,"column":8},"end":{"line":55,"column":8}}]},"8":{"line":71,"type":"if","locations":[{"start":{"line":71,"column":24},"end":{"line":71,"column":24}},{"start":{"line":71,"column":24},"end":{"line":71,"column":24}}]},"9":{"line":74,"type":"if","locations":[{"start":{"line":74,"column":8},"end":{"line":74,"column":8}},{"start":{"line":74,"column":8},"end":{"line":74,"column":8}}]},"10":{"line":79,"type":"if","locations":[{"start":{"line":79,"column":8},"end":{"line":79,"column":8}},{"start":{"line":79,"column":8},"end":{"line":79,"column":8}}]},"11":{"line":80,"type":"if","locations":[{"start":{"line":80,"column":8},"end":{"line":80,"column":8}},{"start":{"line":80,"column":8},"end":{"line":80,"column":8}}]},"12":{"line":83,"type":"if","locations":[{"start":{"line":83,"column":8},"end":{"line":83,"column":8}},{"start":{"line":83,"column":8},"end":{"line":83,"column":8}}]},"13":{"line":84,"type":"if","locations":[{"start":{"line":84,"column":12},"end":{"line":84,"column":12}},{"start":{"line":84,"column":12},"end":{"line":84,"column":12}}]},"14":{"line":102,"type":"if","locations":[{"start":{"line":102,"column":8},"end":{"line":102,"column":8}},{"start":{"line":102,"column":8},"end":{"line":102,"column":8}}]},"15":{"line":105,"type":"if","locations":[{"start":{"line":105,"column":8},"end":{"line":105,"column":8}},{"start":{"line":105,"column":8},"end":{"line":105,"column":8}}]},"16":{"line":108,"type":"if","locations":[{"start":{"line":108,"column":8},"end":{"line":108,"column":8}},{"start":{"line":108,"column":8},"end":{"line":108,"column":8}}]}}},"contracts\\core\\MarketCalendar.sol":{"l":{"38":50,"39":50,"41":50,"42":50,"54":3,"55":3,"57":3,"65":3,"66":0,"67":0,"69":0,"70":0,"72":3,"73":3,"77":3,"81":0,"82":0,"86":0,"87":0,"92":12,"96":12,"97":12,"98":1,"100":0,"101":0,"102":0,"104":0,"105":0,"107":0,"109":0,"110":0,"112":0,"113":0,"115":0,"119":0,"120":0,"121":0,"122":0,"123":0,"124":0,"125":0,"126":0,"127":0,"128":0,"130":0,"134":0,"135":0,"137":0,"138":0,"139":0,"140":0,"141":0,"143":0,"144":0,"145":0,"146":0,"147":0,"148":0,"149":0,"150":0,"152":0,"153":0,"154":0,"156":0,"157":0,"158":0,"160":0,"161":0,"163":0,"165":0},"path":"C:\\Users\\amir2\\Desktop\\realyx\\contracts\\core\\MarketCalendar.sol","s":{"1":50,"2":50,"3":50,"4":50,"5":3,"6":3,"7":3,"8":0,"9":3,"10":3,"11":0,"12":0,"13":0,"14":0,"15":12,"16":12,"17":12,"18":11,"19":1,"20":1,"21":0,"22":0,"23":0,"24":0,"25":0,"26":0,"27":0,"28":0,"29":0,"30":0,"31":0,"32":0,"33":0,"34":0,"35":0,"36":0,"37":0,"38":0,"39":0,"40":0,"41":0,"42":0,"43":0,"44":0,"45":0,"46":0,"47":0,"48":0,"49":0,"50":0,"51":0,"52":0,"53":0,"54":0,"55":0,"56":0,"57":0,"58":0,"59":0,"60":0,"61":0,"62":0,"63":0,"64":0,"65":0,"66":0,"67":0,"68":0,"69":0},"b":{"1":[50,0],"2":[0,0],"3":[3,0],"4":[0,3],"5":[0,0],"6":[0,3],"7":[0,3],"8":[0,0],"9":[0,0],"10":[0,0],"11":[0,0],"12":[11,1],"13":[1,0],"14":[0,0],"15":[0,0],"16":[0,0],"17":[0,0],"18":[0,0],"19":[0,0],"20":[0,0],"21":[0,0],"22":[0,0],"23":[0,0],"24":[0,0],"25":[0,0]},"f":{"1":50,"2":0,"3":3,"4":0,"5":0,"6":12,"7":12,"8":0,"9":0},"fnMap":{"1":{"name":"initialize","line":37,"loc":{"start":{"line":37,"column":4},"end":{"line":43,"column":4}}},"2":{"name":"_authorizeUpgrade","line":45,"loc":{"start":{"line":45,"column":4},"end":{"line":45,"column":88}}},"3":{"name":"setMarketConfig","line":53,"loc":{"start":{"line":47,"column":4},"end":{"line":78,"column":4}}},"4":{"name":"setTradingDay","line":80,"loc":{"start":{"line":80,"column":4},"end":{"line":83,"column":4}}},"5":{"name":"setHoliday","line":85,"loc":{"start":{"line":85,"column":4},"end":{"line":89,"column":4}}},"6":{"name":"isMarketOpen","line":91,"loc":{"start":{"line":91,"column":4},"end":{"line":93,"column":4}}},"7":{"name":"isMarketOpen","line":95,"loc":{"start":{"line":95,"column":4},"end":{"line":116,"column":4}}},"8":{"name":"_timestampToDate","line":118,"loc":{"start":{"line":118,"column":4},"end":{"line":131,"column":4}}},"9":{"name":"getNextOpenTime","line":133,"loc":{"start":{"line":133,"column":4},"end":{"line":166,"column":4}}}},"statementMap":{"1":{"start":{"line":38,"column":8},"end":{"line":38,"column":29}},"2":{"start":{"line":39,"column":8},"end":{"line":39,"column":31}},"3":{"start":{"line":41,"column":8},"end":{"line":41,"column":44}},"4":{"start":{"line":42,"column":8},"end":{"line":42,"column":38}},"5":{"start":{"line":54,"column":8},"end":{"line":54,"column":71}},"6":{"start":{"line":55,"column":8},"end":{"line":55,"column":76}},"7":{"start":{"line":65,"column":8},"end":{"line":65,"column":2046}},"8":{"start":{"line":66,"column":12},"end":{"line":66,"column":2078}},"9":{"start":{"line":72,"column":12},"end":{"line":72,"column":2301}},"10":{"start":{"line":77,"column":8},"end":{"line":77,"column":74}},"11":{"start":{"line":81,"column":8},"end":{"line":81,"column":46}},"12":{"start":{"line":87,"column":8},"end":{"line":87,"column":2953}},"13":{"start":{"line":87,"column":23},"end":{"line":87,"column":64}},"14":{"start":{"line":88,"column":13},"end":{"line":88,"column":56}},"15":{"start":{"line":92,"column":8},"end":{"line":92,"column":54}},"16":{"start":{"line":96,"column":8},"end":{"line":96,"column":60}},"17":{"start":{"line":97,"column":8},"end":{"line":97,"column":39}},"18":{"start":{"line":97,"column":28},"end":{"line":97,"column":39}},"19":{"start":{"line":98,"column":8},"end":{"line":98,"column":38}},"20":{"start":{"line":98,"column":27},"end":{"line":98,"column":38}},"21":{"start":{"line":100,"column":8},"end":{"line":100,"column":86}},"22":{"start":{"line":101,"column":8},"end":{"line":101,"column":42}},"23":{"start":{"line":101,"column":30},"end":{"line":101,"column":42}},"24":{"start":{"line":102,"column":8},"end":{"line":102,"column":47}},"25":{"start":{"line":104,"column":8},"end":{"line":104,"column":48}},"26":{"start":{"line":105,"column":8},"end":{"line":105,"column":57}},"27":{"start":{"line":107,"column":8},"end":{"line":107,"column":59}},"28":{"start":{"line":107,"column":47},"end":{"line":107,"column":59}},"29":{"start":{"line":109,"column":8},"end":{"line":109,"column":48}},"30":{"start":{"line":110,"column":8},"end":{"line":110,"column":50}},"31":{"start":{"line":110,"column":38},"end":{"line":110,"column":50}},"32":{"start":{"line":112,"column":8},"end":{"line":112,"column":46}},"33":{"start":{"line":113,"column":8},"end":{"line":113,"column":48}},"34":{"start":{"line":115,"column":8},"end":{"line":115,"column":81}},"35":{"start":{"line":119,"column":8},"end":{"line":119,"column":46}},"36":{"start":{"line":120,"column":8},"end":{"line":120,"column":56}},"37":{"start":{"line":121,"column":8},"end":{"line":121,"column":63}},"38":{"start":{"line":122,"column":8},"end":{"line":122,"column":69}},"39":{"start":{"line":123,"column":8},"end":{"line":123,"column":60}},"40":{"start":{"line":124,"column":8},"end":{"line":124,"column":55}},"41":{"start":{"line":125,"column":8},"end":{"line":125,"column":36}},"42":{"start":{"line":126,"column":8},"end":{"line":126,"column":44}},"43":{"start":{"line":127,"column":8},"end":{"line":127,"column":45}},"44":{"start":{"line":128,"column":8},"end":{"line":128,"column":50}},"45":{"start":{"line":130,"column":8},"end":{"line":130,"column":50}},"46":{"start":{"line":134,"column":8},"end":{"line":134,"column":60}},"47":{"start":{"line":135,"column":8},"end":{"line":135,"column":65}},"48":{"start":{"line":135,"column":45},"end":{"line":135,"column":65}},"49":{"start":{"line":137,"column":8},"end":{"line":137,"column":65}},"50":{"start":{"line":138,"column":8},"end":{"line":138,"column":63}},"51":{"start":{"line":139,"column":8},"end":{"line":139,"column":46}},"52":{"start":{"line":139,"column":26},"end":{"line":139,"column":46}},"53":{"start":{"line":140,"column":8},"end":{"line":140,"column":43}},"54":{"start":{"line":141,"column":8},"end":{"line":141,"column":35}},"55":{"start":{"line":143,"column":8},"end":{"line":143,"column":5355}},"56":{"start":{"line":144,"column":12},"end":{"line":144,"column":52}},"57":{"start":{"line":145,"column":12},"end":{"line":145,"column":61}},"58":{"start":{"line":146,"column":12},"end":{"line":146,"column":52}},"59":{"start":{"line":147,"column":12},"end":{"line":147,"column":50}},"60":{"start":{"line":148,"column":12},"end":{"line":148,"column":52}},"61":{"start":{"line":149,"column":12},"end":{"line":149,"column":68}},"62":{"start":{"line":150,"column":12},"end":{"line":150,"column":70}},"63":{"start":{"line":152,"column":12},"end":{"line":152,"column":5873}},"64":{"start":{"line":156,"column":12},"end":{"line":156,"column":6057}},"65":{"start":{"line":157,"column":16},"end":{"line":157,"column":80}},"66":{"start":{"line":158,"column":16},"end":{"line":158,"column":65}},"67":{"start":{"line":160,"column":12},"end":{"line":160,"column":6274}},"68":{"start":{"line":161,"column":16},"end":{"line":161,"column":36}},"69":{"start":{"line":165,"column":8},"end":{"line":165,"column":16}}},"branchMap":{"1":{"line":37,"type":"if","locations":[{"start":{"line":37,"column":46},"end":{"line":37,"column":46}},{"start":{"line":37,"column":46},"end":{"line":37,"column":46}}]},"2":{"line":45,"type":"if","locations":[{"start":{"line":45,"column":58},"end":{"line":45,"column":58}},{"start":{"line":45,"column":58},"end":{"line":45,"column":58}}]},"3":{"line":53,"type":"if","locations":[{"start":{"line":53,"column":15},"end":{"line":53,"column":15}},{"start":{"line":53,"column":15},"end":{"line":53,"column":15}}]},"4":{"line":54,"type":"if","locations":[{"start":{"line":54,"column":8},"end":{"line":54,"column":8}},{"start":{"line":54,"column":8},"end":{"line":54,"column":8}}]},"5":{"line":54,"type":"cond-expr","locations":[{"start":{"line":54,"column":12},"end":{"line":54,"column":27}},{"start":{"line":54,"column":32},"end":{"line":54,"column":48}}]},"6":{"line":55,"type":"if","locations":[{"start":{"line":55,"column":8},"end":{"line":55,"column":8}},{"start":{"line":55,"column":8},"end":{"line":55,"column":8}}]},"7":{"line":65,"type":"if","locations":[{"start":{"line":65,"column":8},"end":{"line":65,"column":8}},{"start":{"line":65,"column":8},"end":{"line":65,"column":8}}]},"8":{"line":80,"type":"if","locations":[{"start":{"line":80,"column":90},"end":{"line":80,"column":90}},{"start":{"line":80,"column":90},"end":{"line":80,"column":90}}]},"9":{"line":81,"type":"if","locations":[{"start":{"line":81,"column":8},"end":{"line":81,"column":8}},{"start":{"line":81,"column":8},"end":{"line":81,"column":8}}]},"10":{"line":85,"type":"if","locations":[{"start":{"line":85,"column":95},"end":{"line":85,"column":95}},{"start":{"line":85,"column":95},"end":{"line":85,"column":95}}]},"11":{"line":87,"type":"if","locations":[{"start":{"line":87,"column":8},"end":{"line":87,"column":8}},{"start":{"line":87,"column":8},"end":{"line":87,"column":8}}]},"12":{"line":97,"type":"if","locations":[{"start":{"line":97,"column":8},"end":{"line":97,"column":8}},{"start":{"line":97,"column":8},"end":{"line":97,"column":8}}]},"13":{"line":98,"type":"if","locations":[{"start":{"line":98,"column":8},"end":{"line":98,"column":8}},{"start":{"line":98,"column":8},"end":{"line":98,"column":8}}]},"14":{"line":101,"type":"if","locations":[{"start":{"line":101,"column":8},"end":{"line":101,"column":8}},{"start":{"line":101,"column":8},"end":{"line":101,"column":8}}]},"15":{"line":107,"type":"if","locations":[{"start":{"line":107,"column":8},"end":{"line":107,"column":8}},{"start":{"line":107,"column":8},"end":{"line":107,"column":8}}]},"16":{"line":110,"type":"if","locations":[{"start":{"line":110,"column":8},"end":{"line":110,"column":8}},{"start":{"line":110,"column":8},"end":{"line":110,"column":8}}]},"17":{"line":127,"type":"if","locations":[{"start":{"line":127,"column":30},"end":{"line":127,"column":35}},{"start":{"line":127,"column":39},"end":{"line":127,"column":44}}]},"18":{"line":128,"type":"if","locations":[{"start":{"line":128,"column":41},"end":{"line":128,"column":45}},{"start":{"line":128,"column":49},"end":{"line":128,"column":49}}]},"19":{"line":135,"type":"if","locations":[{"start":{"line":135,"column":8},"end":{"line":135,"column":8}},{"start":{"line":135,"column":8},"end":{"line":135,"column":8}}]},"20":{"line":135,"type":"cond-expr","locations":[{"start":{"line":135,"column":12},"end":{"line":135,"column":25}},{"start":{"line":135,"column":30},"end":{"line":135,"column":42}}]},"21":{"line":139,"type":"if","locations":[{"start":{"line":139,"column":8},"end":{"line":139,"column":8}},{"start":{"line":139,"column":8},"end":{"line":139,"column":8}}]},"22":{"line":152,"type":"if","locations":[{"start":{"line":152,"column":12},"end":{"line":152,"column":12}},{"start":{"line":152,"column":12},"end":{"line":152,"column":12}}]},"23":{"line":152,"type":"cond-expr","locations":[{"start":{"line":152,"column":16},"end":{"line":152,"column":48}},{"start":{"line":152,"column":53},"end":{"line":152,"column":76}}]},"24":{"line":156,"type":"if","locations":[{"start":{"line":156,"column":12},"end":{"line":156,"column":12}},{"start":{"line":156,"column":12},"end":{"line":156,"column":12}}]},"25":{"line":160,"type":"if","locations":[{"start":{"line":160,"column":12},"end":{"line":160,"column":12}},{"start":{"line":160,"column":12},"end":{"line":160,"column":12}}]}}},"contracts\\core\\OracleAggregator.sol":{"l":{"65":1,"66":1,"156":49,"157":49,"158":49,"159":49,"161":49,"162":49,"164":49,"165":49,"166":49,"167":49,"173":33,"174":0,"175":0,"176":0,"177":0,"178":0,"181":33,"182":33,"184":31,"185":30,"187":30,"188":0,"189":0,"190":0,"194":30,"195":30,"197":30,"198":30,"200":30,"201":2,"203":28,"206":30,"207":30,"209":30,"212":1,"217":23,"221":0,"222":0,"223":0,"227":11,"228":11,"229":9,"230":8,"232":2,"236":0,"237":0,"238":0,"239":0,"241":0,"242":0,"243":0,"247":0,"249":0,"250":0,"251":0,"253":0,"255":0,"260":0,"264":1,"265":1,"266":1,"270":1,"272":1,"274":1,"275":0,"276":0,"277":0,"281":1,"287":1,"288":1,"289":1,"292":1,"300":0,"301":0,"302":0,"303":0,"304":0,"306":0,"307":0,"308":0,"309":0,"310":0,"311":0,"317":0,"321":0,"325":1,"326":1,"327":1,"331":4,"332":4,"334":3,"335":3,"336":3,"337":3,"338":3,"340":0,"345":9,"349":0,"353":0,"354":0,"358":1,"359":1,"360":1,"365":1,"366":1,"367":1,"379":10,"380":10,"381":10,"382":10,"386":0,"387":0,"391":1,"401":4,"409":0,"410":0,"414":98,"415":98,"416":98,"421":1,"425":15,"433":0,"434":0,"438":0,"453":0,"460":0,"464":0,"465":0,"468":0,"469":0,"470":0,"471":0,"473":0,"474":0,"475":0,"477":0,"482":0,"483":0,"484":0,"485":0,"489":0,"490":0,"500":60,"502":60,"504":60,"506":60,"507":60,"509":0,"514":0,"515":0},"path":"C:\\Users\\amir2\\Desktop\\realyx\\contracts\\core\\OracleAggregator.sol","s":{"1":1,"2":49,"3":49,"4":49,"5":49,"6":33,"7":0,"8":0,"9":0,"10":0,"11":0,"12":33,"13":33,"14":31,"15":30,"16":30,"17":0,"18":0,"19":30,"20":30,"21":30,"22":30,"23":30,"24":2,"25":28,"26":30,"27":30,"28":30,"29":23,"30":0,"31":0,"32":11,"33":11,"34":8,"35":2,"36":0,"37":0,"38":0,"39":0,"40":0,"41":0,"42":0,"43":0,"44":0,"45":1,"46":0,"47":1,"48":1,"49":1,"50":1,"51":1,"52":0,"53":0,"54":0,"55":1,"56":1,"57":0,"58":0,"59":0,"60":0,"61":0,"62":0,"63":0,"64":0,"65":0,"66":0,"67":0,"68":1,"69":1,"70":0,"71":1,"72":4,"73":4,"74":1,"75":3,"76":3,"77":3,"78":0,"79":3,"80":0,"81":3,"82":0,"83":9,"84":0,"85":0,"86":1,"87":1,"88":1,"89":1,"90":0,"91":10,"92":0,"93":4,"94":0,"95":98,"96":98,"97":15,"98":0,"99":0,"100":0,"101":0,"102":0,"103":0,"104":0,"105":0,"106":0,"107":0,"108":0,"109":0,"110":0,"111":0,"112":0,"113":0,"114":0,"115":0,"116":0,"117":60,"118":0,"119":60,"120":60,"121":60,"122":60,"123":0},"b":{"1":[0,1],"2":[49,0],"3":[0,49],"4":[0,0],"5":[0,33],"6":[0,0],"7":[0,0],"8":[2,31],"9":[30,0],"10":[0,30],"11":[0,0],"12":[0,30],"13":[0,30],"14":[2,28],"15":[0,2],"16":[0,28],"17":[0,30],"18":[0,30],"19":[0,0],"20":[9,2],"21":[0,0],"22":[0,0],"23":[0,0],"24":[0,0],"25":[0,0],"26":[0,1],"27":[1,0],"28":[1,0],"29":[0,1],"30":[0,0],"31":[0,0],"32":[1,0],"33":[0,0],"34":[0,0],"35":[0,0],"36":[0,0],"37":[0,0],"38":[0,0],"39":[1,0],"40":[0,1],"41":[1,3],"42":[3,0],"43":[0,3],"44":[0,3],"45":[0,0],"46":[0,0],"47":[1,0],"48":[1,0],"49":[1,0],"50":[1,0],"51":[10,0],"52":[0,0],"53":[0,0],"54":[1,0],"55":[4,0],"56":[0,0],"57":[98,0],"58":[98,0],"59":[1,0],"60":[15,0],"61":[0,0],"62":[0,0],"63":[0,0],"64":[0,0],"65":[0,0],"66":[0,60],"67":[60,0]},"f":{"1":1,"2":49,"3":49,"4":0,"5":33,"6":23,"7":0,"8":11,"9":0,"10":0,"11":0,"12":1,"13":1,"14":0,"15":0,"16":0,"17":1,"18":4,"19":9,"20":0,"21":0,"22":1,"23":1,"24":0,"25":10,"26":0,"27":1,"28":4,"29":0,"30":98,"31":1,"32":15,"33":0,"34":0,"35":0,"36":0,"37":0,"38":0,"39":0,"40":0,"41":0,"42":0,"43":60,"44":0},"fnMap":{"1":{"name":"onlyOracleOrKeeper","line":64,"loc":{"start":{"line":64,"column":4},"end":{"line":67,"column":4}}},"2":{"name":"constructor","line":151,"loc":{"start":{"line":151,"column":4},"end":{"line":153,"column":4}}},"3":{"name":"initialize","line":155,"loc":{"start":{"line":155,"column":4},"end":{"line":168,"column":4}}},"4":{"name":"_authorizeUpgrade","line":170,"loc":{"start":{"line":170,"column":4},"end":{"line":170,"column":87}}},"5":{"name":"_getPriceView","line":172,"loc":{"start":{"line":172,"column":4},"end":{"line":214,"column":4}}},"6":{"name":"getPrice","line":216,"loc":{"start":{"line":216,"column":4},"end":{"line":218,"column":4}}},"7":{"name":"getPriceWithConfidence","line":220,"loc":{"start":{"line":220,"column":4},"end":{"line":224,"column":4}}},"8":{"name":"getTWAP","line":226,"loc":{"start":{"line":226,"column":4},"end":{"line":233,"column":4}}},"9":{"name":"getTWAPWithValidation","line":235,"loc":{"start":{"line":235,"column":4},"end":{"line":244,"column":4}}},"10":{"name":"getEthUsdPrice","line":246,"loc":{"start":{"line":246,"column":4},"end":{"line":257,"column":4}}},"11":{"name":"setEthFeedId","line":259,"loc":{"start":{"line":259,"column":4},"end":{"line":261,"column":4}}},"12":{"name":"getValidSourceCount","line":263,"loc":{"start":{"line":263,"column":4},"end":{"line":267,"column":4}}},"13":{"name":"recordPricePoint","line":269,"loc":{"start":{"line":269,"column":4},"end":{"line":293,"column":4}}},"14":{"name":"checkBreakers","line":299,"loc":{"start":{"line":295,"column":4},"end":{"line":314,"column":4}}},"15":{"name":"triggerBreaker","line":316,"loc":{"start":{"line":316,"column":4},"end":{"line":318,"column":4}}},"16":{"name":"resetBreaker","line":320,"loc":{"start":{"line":320,"column":4},"end":{"line":322,"column":4}}},"17":{"name":"autoResetBreakers","line":324,"loc":{"start":{"line":324,"column":4},"end":{"line":328,"column":4}}},"18":{"name":"isOracleHealthy","line":330,"loc":{"start":{"line":330,"column":4},"end":{"line":342,"column":4}}},"19":{"name":"isActionAllowed","line":344,"loc":{"start":{"line":344,"column":4},"end":{"line":346,"column":4}}},"20":{"name":"proposeEmergencyPause","line":348,"loc":{"start":{"line":348,"column":4},"end":{"line":350,"column":4}}},"21":{"name":"confirmEmergencyPause","line":352,"loc":{"start":{"line":352,"column":4},"end":{"line":355,"column":4}}},"22":{"name":"activateGlobalPause","line":357,"loc":{"start":{"line":357,"column":4},"end":{"line":362,"column":4}}},"23":{"name":"deactivateGlobalPause","line":364,"loc":{"start":{"line":364,"column":4},"end":{"line":369,"column":4}}},"24":{"name":"isGloballyPaused","line":371,"loc":{"start":{"line":371,"column":4},"end":{"line":371,"column":84}}},"25":{"name":"setPythFeed","line":378,"loc":{"start":{"line":373,"column":4},"end":{"line":383,"column":4}}},"26":{"name":"setMarketCalendar","line":385,"loc":{"start":{"line":385,"column":4},"end":{"line":388,"column":4}}},"27":{"name":"setMarketId","line":390,"loc":{"start":{"line":390,"column":4},"end":{"line":392,"column":4}}},"28":{"name":"configureBreaker","line":400,"loc":{"start":{"line":394,"column":4},"end":{"line":402,"column":4}}},"29":{"name":"setBreakerEnabled","line":408,"loc":{"start":{"line":404,"column":4},"end":{"line":411,"column":4}}},"30":{"name":"registerPausable","line":413,"loc":{"start":{"line":413,"column":4},"end":{"line":418,"column":4}}},"31":{"name":"setGuardianQuorum","line":420,"loc":{"start":{"line":420,"column":4},"end":{"line":422,"column":4}}},"32":{"name":"addSupportedMarket","line":424,"loc":{"start":{"line":424,"column":4},"end":{"line":426,"column":4}}},"33":{"name":"proposeEmergencyPrice","line":432,"loc":{"start":{"line":428,"column":4},"end":{"line":435,"column":4}}},"34":{"name":"confirmEmergencyPrice","line":437,"loc":{"start":{"line":437,"column":4},"end":{"line":447,"column":4}}},"35":{"name":"getBreakerStatus","line":449,"loc":{"start":{"line":449,"column":4},"end":{"line":454,"column":4}}},"36":{"name":"getBreakerConfig","line":456,"loc":{"start":{"line":456,"column":4},"end":{"line":461,"column":4}}},"37":{"name":"isMarketRestricted","line":463,"loc":{"start":{"line":463,"column":4},"end":{"line":479,"column":4}}},"38":{"name":"getHistoricalPrice","line":481,"loc":{"start":{"line":481,"column":4},"end":{"line":486,"column":4}}},"39":{"name":"getOracleConfig","line":488,"loc":{"start":{"line":488,"column":4},"end":{"line":491,"column":4}}},"40":{"name":"getPausableList","line":493,"loc":{"start":{"line":493,"column":4},"end":{"line":493,"column":96}}},"41":{"name":"getSupportedMarkets","line":495,"loc":{"start":{"line":495,"column":4},"end":{"line":495,"column":103}}},"42":{"name":"getGuardianQuorum","line":497,"loc":{"start":{"line":497,"column":4},"end":{"line":497,"column":99}}},"43":{"name":"_normalizePythPrice","line":499,"loc":{"start":{"line":499,"column":4},"end":{"line":511,"column":4}}},"44":{"name":"_recordPrice","line":513,"loc":{"start":{"line":513,"column":4},"end":{"line":516,"column":4}}}},"statementMap":{"1":{"start":{"line":65,"column":8},"end":{"line":65,"column":110}},"2":{"start":{"line":156,"column":8},"end":{"line":156,"column":68}},"3":{"start":{"line":157,"column":8},"end":{"line":157,"column":31}},"4":{"start":{"line":158,"column":8},"end":{"line":158,"column":37}},"5":{"start":{"line":159,"column":8},"end":{"line":159,"column":31}},"6":{"start":{"line":173,"column":8},"end":{"line":173,"column":6454}},"7":{"start":{"line":174,"column":12},"end":{"line":174,"column":67}},"8":{"start":{"line":175,"column":12},"end":{"line":175,"column":59}},"9":{"start":{"line":176,"column":12},"end":{"line":176,"column":107}},"10":{"start":{"line":177,"column":12},"end":{"line":177,"column":107}},"11":{"start":{"line":178,"column":12},"end":{"line":178,"column":60}},"12":{"start":{"line":181,"column":8},"end":{"line":181,"column":57}},"13":{"start":{"line":182,"column":8},"end":{"line":182,"column":63}},"14":{"start":{"line":184,"column":8},"end":{"line":184,"column":7106}},"15":{"start":{"line":185,"column":12},"end":{"line":185,"column":98}},"16":{"start":{"line":187,"column":12},"end":{"line":187,"column":7309}},"17":{"start":{"line":188,"column":16},"end":{"line":188,"column":57}},"18":{"start":{"line":189,"column":16},"end":{"line":189,"column":7433}},"19":{"start":{"line":194,"column":12},"end":{"line":194,"column":87}},"20":{"start":{"line":195,"column":12},"end":{"line":195,"column":60}},"21":{"start":{"line":197,"column":12},"end":{"line":197,"column":90}},"22":{"start":{"line":198,"column":12},"end":{"line":198,"column":103}},"23":{"start":{"line":200,"column":12},"end":{"line":200,"column":7941}},"24":{"start":{"line":201,"column":17},"end":{"line":201,"column":91}},"25":{"start":{"line":203,"column":18},"end":{"line":203,"column":92}},"26":{"start":{"line":206,"column":12},"end":{"line":206,"column":99}},"27":{"start":{"line":207,"column":12},"end":{"line":207,"column":99}},"28":{"start":{"line":209,"column":12},"end":{"line":209,"column":75}},"29":{"start":{"line":217,"column":8},"end":{"line":217,"column":40}},"30":{"start":{"line":221,"column":8},"end":{"line":221,"column":26}},"31":{"start":{"line":223,"column":8},"end":{"line":223,"column":72}},"32":{"start":{"line":227,"column":8},"end":{"line":227,"column":60}},"33":{"start":{"line":228,"column":8},"end":{"line":228,"column":9183}},"34":{"start":{"line":230,"column":12},"end":{"line":230,"column":28}},"35":{"start":{"line":232,"column":8},"end":{"line":232,"column":122}},"36":{"start":{"line":236,"column":8},"end":{"line":236,"column":60}},"37":{"start":{"line":237,"column":8},"end":{"line":237,"column":9665}},"38":{"start":{"line":239,"column":12},"end":{"line":239,"column":37}},"39":{"start":{"line":241,"column":8},"end":{"line":241,"column":30}},"40":{"start":{"line":247,"column":8},"end":{"line":247,"column":58}},"41":{"start":{"line":249,"column":8},"end":{"line":249,"column":10191}},"42":{"start":{"line":250,"column":12},"end":{"line":250,"column":94}},"43":{"start":{"line":251,"column":12},"end":{"line":251,"column":60}},"44":{"start":{"line":253,"column":12},"end":{"line":253,"column":71}},"45":{"start":{"line":264,"column":8},"end":{"line":264,"column":63}},"46":{"start":{"line":264,"column":55},"end":{"line":264,"column":63}},"47":{"start":{"line":265,"column":8},"end":{"line":265,"column":53}},"48":{"start":{"line":266,"column":8},"end":{"line":266,"column":30}},"49":{"start":{"line":270,"column":8},"end":{"line":270,"column":74}},"50":{"start":{"line":272,"column":8},"end":{"line":272,"column":60}},"51":{"start":{"line":274,"column":8},"end":{"line":274,"column":11198}},"52":{"start":{"line":275,"column":12},"end":{"line":275,"column":89}},"53":{"start":{"line":276,"column":12},"end":{"line":276,"column":11329}},"54":{"start":{"line":277,"column":17},"end":{"line":277,"column":23}},"55":{"start":{"line":288,"column":8},"end":{"line":288,"column":11747}},"56":{"start":{"line":292,"column":8},"end":{"line":292,"column":99}},"57":{"start":{"line":300,"column":8},"end":{"line":300,"column":45}},"58":{"start":{"line":301,"column":8},"end":{"line":301,"column":118}},"59":{"start":{"line":302,"column":8},"end":{"line":302,"column":12290}},"60":{"start":{"line":304,"column":12},"end":{"line":304,"column":123}},"61":{"start":{"line":306,"column":8},"end":{"line":306,"column":117}},"62":{"start":{"line":307,"column":8},"end":{"line":307,"column":12709}},"63":{"start":{"line":308,"column":12},"end":{"line":308,"column":72}},"64":{"start":{"line":309,"column":12},"end":{"line":309,"column":12825}},"65":{"start":{"line":311,"column":16},"end":{"line":311,"column":126}},"66":{"start":{"line":317,"column":8},"end":{"line":317,"column":99}},"67":{"start":{"line":321,"column":8},"end":{"line":321,"column":113}},"68":{"start":{"line":325,"column":8},"end":{"line":325,"column":53}},"69":{"start":{"line":326,"column":8},"end":{"line":326,"column":28}},"70":{"start":{"line":326,"column":22},"end":{"line":326,"column":28}},"71":{"start":{"line":327,"column":8},"end":{"line":327,"column":72}},"72":{"start":{"line":331,"column":8},"end":{"line":331,"column":57}},"73":{"start":{"line":332,"column":8},"end":{"line":332,"column":73}},"74":{"start":{"line":332,"column":41},"end":{"line":332,"column":73}},"75":{"start":{"line":334,"column":8},"end":{"line":334,"column":14101}},"76":{"start":{"line":335,"column":12},"end":{"line":335,"column":98}},"77":{"start":{"line":336,"column":12},"end":{"line":336,"column":97}},"78":{"start":{"line":336,"column":68},"end":{"line":336,"column":97}},"79":{"start":{"line":337,"column":12},"end":{"line":337,"column":69}},"80":{"start":{"line":337,"column":38},"end":{"line":337,"column":69}},"81":{"start":{"line":338,"column":12},"end":{"line":338,"column":29}},"82":{"start":{"line":340,"column":12},"end":{"line":340,"column":41}},"83":{"start":{"line":345,"column":8},"end":{"line":345,"column":104}},"84":{"start":{"line":349,"column":8},"end":{"line":349,"column":80}},"85":{"start":{"line":353,"column":8},"end":{"line":353,"column":132}},"86":{"start":{"line":358,"column":8},"end":{"line":358,"column":15345}},"87":{"start":{"line":360,"column":12},"end":{"line":360,"column":49}},"88":{"start":{"line":365,"column":8},"end":{"line":365,"column":15537}},"89":{"start":{"line":367,"column":12},"end":{"line":367,"column":51}},"90":{"start":{"line":371,"column":63},"end":{"line":371,"column":82}},"91":{"start":{"line":382,"column":8},"end":{"line":382,"column":44}},"92":{"start":{"line":386,"column":8},"end":{"line":386,"column":57}},"93":{"start":{"line":401,"column":8},"end":{"line":401,"column":126}},"94":{"start":{"line":410,"column":8},"end":{"line":410,"column":68}},"95":{"start":{"line":414,"column":8},"end":{"line":414,"column":17224}},"96":{"start":{"line":416,"column":12},"end":{"line":416,"column":37}},"97":{"start":{"line":425,"column":8},"end":{"line":425,"column":40}},"98":{"start":{"line":434,"column":8},"end":{"line":434,"column":141}},"99":{"start":{"line":438,"column":8},"end":{"line":438,"column":18060}},"100":{"start":{"line":453,"column":8},"end":{"line":453,"column":56}},"101":{"start":{"line":460,"column":8},"end":{"line":460,"column":55}},"102":{"start":{"line":464,"column":8},"end":{"line":464,"column":18929}},"103":{"start":{"line":468,"column":8},"end":{"line":468,"column":75}},"104":{"start":{"line":469,"column":8},"end":{"line":469,"column":19078}},"105":{"start":{"line":470,"column":12},"end":{"line":470,"column":72}},"106":{"start":{"line":471,"column":12},"end":{"line":471,"column":94}},"107":{"start":{"line":473,"column":12},"end":{"line":473,"column":19308}},"108":{"start":{"line":482,"column":8},"end":{"line":482,"column":66}},"109":{"start":{"line":483,"column":8},"end":{"line":483,"column":76}},"110":{"start":{"line":484,"column":8},"end":{"line":484,"column":45}},"111":{"start":{"line":485,"column":8},"end":{"line":485,"column":20}},"112":{"start":{"line":489,"column":8},"end":{"line":489,"column":52}},"113":{"start":{"line":490,"column":8},"end":{"line":490,"column":65}},"114":{"start":{"line":493,"column":74},"end":{"line":493,"column":94}},"115":{"start":{"line":495,"column":78},"end":{"line":495,"column":101}},"116":{"start":{"line":497,"column":76},"end":{"line":497,"column":97}},"117":{"start":{"line":500,"column":8},"end":{"line":500,"column":32}},"118":{"start":{"line":500,"column":24},"end":{"line":500,"column":32}},"119":{"start":{"line":502,"column":8},"end":{"line":502,"column":42}},"120":{"start":{"line":504,"column":8},"end":{"line":504,"column":46}},"121":{"start":{"line":506,"column":8},"end":{"line":506,"column":20651}},"122":{"start":{"line":507,"column":12},"end":{"line":507,"column":51}},"123":{"start":{"line":509,"column":12},"end":{"line":509,"column":52}}},"branchMap":{"1":{"line":65,"type":"if","locations":[{"start":{"line":65,"column":8},"end":{"line":65,"column":8}},{"start":{"line":65,"column":8},"end":{"line":65,"column":8}}]},"2":{"line":155,"type":"if","locations":[{"start":{"line":155,"column":63},"end":{"line":155,"column":63}},{"start":{"line":155,"column":63},"end":{"line":155,"column":63}}]},"3":{"line":156,"type":"if","locations":[{"start":{"line":156,"column":8},"end":{"line":156,"column":8}},{"start":{"line":156,"column":8},"end":{"line":156,"column":8}}]},"4":{"line":170,"type":"if","locations":[{"start":{"line":170,"column":76},"end":{"line":170,"column":76}},{"start":{"line":170,"column":76},"end":{"line":170,"column":76}}]},"5":{"line":173,"type":"if","locations":[{"start":{"line":173,"column":8},"end":{"line":173,"column":8}},{"start":{"line":173,"column":8},"end":{"line":173,"column":8}}]},"6":{"line":176,"type":"if","locations":[{"start":{"line":176,"column":12},"end":{"line":176,"column":12}},{"start":{"line":176,"column":12},"end":{"line":176,"column":12}}]},"7":{"line":177,"type":"if","locations":[{"start":{"line":177,"column":12},"end":{"line":177,"column":12}},{"start":{"line":177,"column":12},"end":{"line":177,"column":12}}]},"8":{"line":182,"type":"if","locations":[{"start":{"line":182,"column":8},"end":{"line":182,"column":8}},{"start":{"line":182,"column":8},"end":{"line":182,"column":8}}]},"9":{"line":185,"type":"if","locations":[{"start":{"line":185,"column":57},"end":{"line":185,"column":75}},{"start":{"line":185,"column":79},"end":{"line":185,"column":97}}]},"10":{"line":187,"type":"if","locations":[{"start":{"line":187,"column":12},"end":{"line":187,"column":12}},{"start":{"line":187,"column":12},"end":{"line":187,"column":12}}]},"11":{"line":189,"type":"if","locations":[{"start":{"line":189,"column":16},"end":{"line":189,"column":16}},{"start":{"line":189,"column":16},"end":{"line":189,"column":16}}]},"12":{"line":194,"type":"if","locations":[{"start":{"line":194,"column":12},"end":{"line":194,"column":12}},{"start":{"line":194,"column":12},"end":{"line":194,"column":12}}]},"13":{"line":195,"type":"if","locations":[{"start":{"line":195,"column":12},"end":{"line":195,"column":12}},{"start":{"line":195,"column":12},"end":{"line":195,"column":12}}]},"14":{"line":200,"type":"if","locations":[{"start":{"line":200,"column":12},"end":{"line":200,"column":12}},{"start":{"line":200,"column":12},"end":{"line":200,"column":12}}]},"15":{"line":201,"type":"if","locations":[{"start":{"line":201,"column":17},"end":{"line":201,"column":17}},{"start":{"line":201,"column":17},"end":{"line":201,"column":17}}]},"16":{"line":203,"type":"if","locations":[{"start":{"line":203,"column":18},"end":{"line":203,"column":18}},{"start":{"line":203,"column":18},"end":{"line":203,"column":18}}]},"17":{"line":206,"type":"if","locations":[{"start":{"line":206,"column":12},"end":{"line":206,"column":12}},{"start":{"line":206,"column":12},"end":{"line":206,"column":12}}]},"18":{"line":207,"type":"if","locations":[{"start":{"line":207,"column":12},"end":{"line":207,"column":12}},{"start":{"line":207,"column":12},"end":{"line":207,"column":12}}]},"19":{"line":223,"type":"if","locations":[{"start":{"line":223,"column":8},"end":{"line":223,"column":8}},{"start":{"line":223,"column":8},"end":{"line":223,"column":8}}]},"20":{"line":228,"type":"if","locations":[{"start":{"line":228,"column":8},"end":{"line":228,"column":8}},{"start":{"line":228,"column":8},"end":{"line":228,"column":8}}]},"21":{"line":237,"type":"if","locations":[{"start":{"line":237,"column":8},"end":{"line":237,"column":8}},{"start":{"line":237,"column":8},"end":{"line":237,"column":8}}]},"22":{"line":247,"type":"if","locations":[{"start":{"line":247,"column":8},"end":{"line":247,"column":8}},{"start":{"line":247,"column":8},"end":{"line":247,"column":8}}]},"23":{"line":250,"type":"if","locations":[{"start":{"line":250,"column":12},"end":{"line":250,"column":12}},{"start":{"line":250,"column":12},"end":{"line":250,"column":12}}]},"24":{"line":251,"type":"if","locations":[{"start":{"line":251,"column":12},"end":{"line":251,"column":12}},{"start":{"line":251,"column":12},"end":{"line":251,"column":12}}]},"25":{"line":259,"type":"if","locations":[{"start":{"line":259,"column":52},"end":{"line":259,"column":52}},{"start":{"line":259,"column":52},"end":{"line":259,"column":52}}]},"26":{"line":264,"type":"if","locations":[{"start":{"line":264,"column":8},"end":{"line":264,"column":8}},{"start":{"line":264,"column":8},"end":{"line":264,"column":8}}]},"27":{"line":266,"type":"if","locations":[{"start":{"line":266,"column":25},"end":{"line":266,"column":25}},{"start":{"line":266,"column":29},"end":{"line":266,"column":29}}]},"28":{"line":269,"type":"if","locations":[{"start":{"line":269,"column":68},"end":{"line":269,"column":68}},{"start":{"line":269,"column":68},"end":{"line":269,"column":68}}]},"29":{"line":274,"type":"if","locations":[{"start":{"line":274,"column":8},"end":{"line":274,"column":8}},{"start":{"line":274,"column":8},"end":{"line":274,"column":8}}]},"30":{"line":275,"type":"if","locations":[{"start":{"line":275,"column":51},"end":{"line":275,"column":70}},{"start":{"line":275,"column":74},"end":{"line":275,"column":88}}]},"31":{"line":276,"type":"if","locations":[{"start":{"line":276,"column":12},"end":{"line":276,"column":12}},{"start":{"line":276,"column":12},"end":{"line":276,"column":12}}]},"32":{"line":288,"type":"if","locations":[{"start":{"line":288,"column":8},"end":{"line":288,"column":8}},{"start":{"line":288,"column":8},"end":{"line":288,"column":8}}]},"33":{"line":299,"type":"if","locations":[{"start":{"line":299,"column":15},"end":{"line":299,"column":15}},{"start":{"line":299,"column":15},"end":{"line":299,"column":15}}]},"34":{"line":302,"type":"if","locations":[{"start":{"line":302,"column":8},"end":{"line":302,"column":8}},{"start":{"line":302,"column":8},"end":{"line":302,"column":8}}]},"35":{"line":307,"type":"if","locations":[{"start":{"line":307,"column":8},"end":{"line":307,"column":8}},{"start":{"line":307,"column":8},"end":{"line":307,"column":8}}]},"36":{"line":309,"type":"if","locations":[{"start":{"line":309,"column":12},"end":{"line":309,"column":12}},{"start":{"line":309,"column":12},"end":{"line":309,"column":12}}]},"37":{"line":316,"type":"if","locations":[{"start":{"line":316,"column":92},"end":{"line":316,"column":92}},{"start":{"line":316,"column":92},"end":{"line":316,"column":92}}]},"38":{"line":320,"type":"if","locations":[{"start":{"line":320,"column":90},"end":{"line":320,"column":90}},{"start":{"line":320,"column":90},"end":{"line":320,"column":90}}]},"39":{"line":324,"type":"if","locations":[{"start":{"line":324,"column":60},"end":{"line":324,"column":60}},{"start":{"line":324,"column":60},"end":{"line":324,"column":60}}]},"40":{"line":326,"type":"if","locations":[{"start":{"line":326,"column":8},"end":{"line":326,"column":8}},{"start":{"line":326,"column":8},"end":{"line":326,"column":8}}]},"41":{"line":332,"type":"if","locations":[{"start":{"line":332,"column":8},"end":{"line":332,"column":8}},{"start":{"line":332,"column":8},"end":{"line":332,"column":8}}]},"42":{"line":335,"type":"if","locations":[{"start":{"line":335,"column":57},"end":{"line":335,"column":75}},{"start":{"line":335,"column":79},"end":{"line":335,"column":97}}]},"43":{"line":336,"type":"if","locations":[{"start":{"line":336,"column":12},"end":{"line":336,"column":12}},{"start":{"line":336,"column":12},"end":{"line":336,"column":12}}]},"44":{"line":337,"type":"if","locations":[{"start":{"line":337,"column":12},"end":{"line":337,"column":12}},{"start":{"line":337,"column":12},"end":{"line":337,"column":12}}]},"45":{"line":348,"type":"if","locations":[{"start":{"line":348,"column":89},"end":{"line":348,"column":89}},{"start":{"line":348,"column":89},"end":{"line":348,"column":89}}]},"46":{"line":352,"type":"if","locations":[{"start":{"line":352,"column":61},"end":{"line":352,"column":61}},{"start":{"line":352,"column":61},"end":{"line":352,"column":61}}]},"47":{"line":357,"type":"if","locations":[{"start":{"line":357,"column":44},"end":{"line":357,"column":44}},{"start":{"line":357,"column":44},"end":{"line":357,"column":44}}]},"48":{"line":358,"type":"if","locations":[{"start":{"line":358,"column":8},"end":{"line":358,"column":8}},{"start":{"line":358,"column":8},"end":{"line":358,"column":8}}]},"49":{"line":364,"type":"if","locations":[{"start":{"line":364,"column":46},"end":{"line":364,"column":46}},{"start":{"line":364,"column":46},"end":{"line":364,"column":46}}]},"50":{"line":365,"type":"if","locations":[{"start":{"line":365,"column":8},"end":{"line":365,"column":8}},{"start":{"line":365,"column":8},"end":{"line":365,"column":8}}]},"51":{"line":378,"type":"if","locations":[{"start":{"line":378,"column":15},"end":{"line":378,"column":15}},{"start":{"line":378,"column":15},"end":{"line":378,"column":15}}]},"52":{"line":385,"type":"if","locations":[{"start":{"line":385,"column":59},"end":{"line":385,"column":59}},{"start":{"line":385,"column":59},"end":{"line":385,"column":59}}]},"53":{"line":386,"type":"if","locations":[{"start":{"line":386,"column":8},"end":{"line":386,"column":8}},{"start":{"line":386,"column":8},"end":{"line":386,"column":8}}]},"54":{"line":390,"type":"if","locations":[{"start":{"line":390,"column":78},"end":{"line":390,"column":78}},{"start":{"line":390,"column":78},"end":{"line":390,"column":78}}]},"55":{"line":400,"type":"if","locations":[{"start":{"line":400,"column":15},"end":{"line":400,"column":15}},{"start":{"line":400,"column":15},"end":{"line":400,"column":15}}]},"56":{"line":408,"type":"if","locations":[{"start":{"line":408,"column":15},"end":{"line":408,"column":15}},{"start":{"line":408,"column":15},"end":{"line":408,"column":15}}]},"57":{"line":413,"type":"if","locations":[{"start":{"line":413,"column":55},"end":{"line":413,"column":55}},{"start":{"line":413,"column":55},"end":{"line":413,"column":55}}]},"58":{"line":414,"type":"if","locations":[{"start":{"line":414,"column":8},"end":{"line":414,"column":8}},{"start":{"line":414,"column":8},"end":{"line":414,"column":8}}]},"59":{"line":420,"type":"if","locations":[{"start":{"line":420,"column":56},"end":{"line":420,"column":56}},{"start":{"line":420,"column":56},"end":{"line":420,"column":56}}]},"60":{"line":424,"type":"if","locations":[{"start":{"line":424,"column":61},"end":{"line":424,"column":61}},{"start":{"line":424,"column":61},"end":{"line":424,"column":61}}]},"61":{"line":432,"type":"if","locations":[{"start":{"line":432,"column":15},"end":{"line":432,"column":15}},{"start":{"line":432,"column":15},"end":{"line":432,"column":15}}]},"62":{"line":437,"type":"if","locations":[{"start":{"line":437,"column":64},"end":{"line":437,"column":64}},{"start":{"line":437,"column":64},"end":{"line":437,"column":64}}]},"63":{"line":464,"type":"if","locations":[{"start":{"line":464,"column":8},"end":{"line":464,"column":8}},{"start":{"line":464,"column":8},"end":{"line":464,"column":8}}]},"64":{"line":473,"type":"if","locations":[{"start":{"line":473,"column":12},"end":{"line":473,"column":12}},{"start":{"line":473,"column":12},"end":{"line":473,"column":12}}]},"65":{"line":484,"type":"if","locations":[{"start":{"line":484,"column":8},"end":{"line":484,"column":8}},{"start":{"line":484,"column":8},"end":{"line":484,"column":8}}]},"66":{"line":500,"type":"if","locations":[{"start":{"line":500,"column":8},"end":{"line":500,"column":8}},{"start":{"line":500,"column":8},"end":{"line":500,"column":8}}]},"67":{"line":506,"type":"if","locations":[{"start":{"line":506,"column":8},"end":{"line":506,"column":8}},{"start":{"line":506,"column":8},"end":{"line":506,"column":8}}]}}},"contracts\\core\\PositionToken.sol":{"l":{"76":49,"77":49,"78":49,"79":49,"81":49,"82":49,"83":49,"85":49,"91":49,"92":49,"93":49,"94":49,"98":0,"99":0,"100":0,"101":0,"102":0,"106":0,"107":0,"108":0,"109":0,"113":0,"114":0,"118":7,"119":7,"122":7,"126":0,"127":0,"131":0,"140":7,"141":7,"142":7,"144":7,"145":7,"147":7,"148":7,"150":7,"152":7,"156":1,"157":1,"159":1,"160":1,"162":1,"163":1,"166":1,"168":1,"176":8,"177":8,"178":0,"180":0,"182":0,"185":8,"186":8,"187":0,"188":0,"190":8,"194":1,"195":1,"196":1,"197":1,"198":1,"199":1,"200":1,"202":0,"207":0,"211":0,"212":0,"216":0,"217":0,"221":0,"222":0,"226":0,"230":0,"234":0,"243":0},"path":"C:\\Users\\amir2\\Desktop\\realyx\\contracts\\core\\PositionToken.sol","s":{"1":49,"2":49,"3":49,"4":49,"5":49,"6":49,"7":49,"8":49,"9":49,"10":49,"11":0,"12":0,"13":0,"14":0,"15":0,"16":0,"17":0,"18":0,"19":7,"20":7,"21":0,"22":7,"23":7,"24":7,"25":7,"26":1,"27":1,"28":1,"29":1,"30":8,"31":0,"32":8,"33":0,"34":0,"35":8,"36":1,"37":1,"38":1,"39":1,"40":1,"41":0,"42":0,"43":0,"44":0,"45":0,"46":0,"47":0,"48":0,"49":0,"50":0,"51":0},"b":{"1":[49,0],"2":[0,0],"3":[49,0],"4":[0,49],"5":[0,0],"6":[0,0],"7":[0,0],"8":[0,0],"9":[0,0],"10":[0,0],"11":[0,7],"12":[0,0],"13":[0,0],"14":[0,0],"15":[7,1],"16":[1,0],"17":[8,0],"18":[0,8],"19":[0,8],"20":[1,0],"21":[0,0],"22":[0,0],"23":[0,0]},"f":{"1":49,"2":49,"3":0,"4":49,"5":0,"6":0,"7":0,"8":7,"9":0,"10":0,"11":7,"12":1,"13":8,"14":1,"15":0,"16":0,"17":0,"18":0,"19":0,"20":0,"21":0,"22":0},"fnMap":{"1":{"name":"constructor","line":67,"loc":{"start":{"line":67,"column":4},"end":{"line":69,"column":4}}},"2":{"name":"initialize","line":75,"loc":{"start":{"line":71,"column":4},"end":{"line":86,"column":4}}},"3":{"name":"_authorizeUpgrade","line":88,"loc":{"start":{"line":88,"column":4},"end":{"line":88,"column":83}}},"4":{"name":"setTradingCore","line":90,"loc":{"start":{"line":90,"column":4},"end":{"line":95,"column":4}}},"5":{"name":"setTransferFee","line":97,"loc":{"start":{"line":97,"column":4},"end":{"line":103,"column":4}}},"6":{"name":"setFeeRecipient","line":105,"loc":{"start":{"line":105,"column":4},"end":{"line":110,"column":4}}},"7":{"name":"setBaseURI","line":112,"loc":{"start":{"line":112,"column":4},"end":{"line":115,"column":4}}},"8":{"name":"_checkNotContract","line":117,"loc":{"start":{"line":117,"column":4},"end":{"line":123,"column":4}}},"9":{"name":"setContractWhitelist","line":125,"loc":{"start":{"line":125,"column":4},"end":{"line":128,"column":4}}},"10":{"name":"mint","line":130,"loc":{"start":{"line":130,"column":4},"end":{"line":132,"column":4}}},"11":{"name":"mint","line":139,"loc":{"start":{"line":134,"column":4},"end":{"line":153,"column":4}}},"12":{"name":"burn","line":155,"loc":{"start":{"line":155,"column":4},"end":{"line":169,"column":4}}},"13":{"name":"_update","line":175,"loc":{"start":{"line":171,"column":4},"end":{"line":191,"column":4}}},"14":{"name":"_removeFromOwnerPositions","line":193,"loc":{"start":{"line":193,"column":4},"end":{"line":204,"column":4}}},"15":{"name":"_baseURI","line":206,"loc":{"start":{"line":206,"column":4},"end":{"line":208,"column":4}}},"16":{"name":"tokenURI","line":210,"loc":{"start":{"line":210,"column":4},"end":{"line":213,"column":4}}},"17":{"name":"getPositionMarket","line":215,"loc":{"start":{"line":215,"column":4},"end":{"line":218,"column":4}}},"18":{"name":"getPositionDirection","line":220,"loc":{"start":{"line":220,"column":4},"end":{"line":223,"column":4}}},"19":{"name":"positionExists","line":225,"loc":{"start":{"line":225,"column":4},"end":{"line":227,"column":4}}},"20":{"name":"getPositionsByOwner","line":229,"loc":{"start":{"line":229,"column":4},"end":{"line":231,"column":4}}},"21":{"name":"totalSupply","line":233,"loc":{"start":{"line":233,"column":4},"end":{"line":235,"column":4}}},"22":{"name":"supportsInterface","line":237,"loc":{"start":{"line":237,"column":4},"end":{"line":244,"column":4}}}},"statementMap":{"1":{"start":{"line":76,"column":8},"end":{"line":76,"column":36}},"2":{"start":{"line":77,"column":8},"end":{"line":77,"column":29}},"3":{"start":{"line":78,"column":8},"end":{"line":78,"column":31}},"4":{"start":{"line":79,"column":8},"end":{"line":79,"column":31}},"5":{"start":{"line":81,"column":8},"end":{"line":81,"column":49}},"6":{"start":{"line":82,"column":8},"end":{"line":82,"column":42}},"7":{"start":{"line":83,"column":8},"end":{"line":83,"column":44}},"8":{"start":{"line":91,"column":8},"end":{"line":91,"column":60}},"9":{"start":{"line":93,"column":8},"end":{"line":93,"column":44}},"10":{"start":{"line":94,"column":8},"end":{"line":94,"column":45}},"11":{"start":{"line":98,"column":8},"end":{"line":98,"column":53}},"12":{"start":{"line":99,"column":8},"end":{"line":99,"column":56}},"13":{"start":{"line":100,"column":8},"end":{"line":100,"column":39}},"14":{"start":{"line":102,"column":8},"end":{"line":102,"column":47}},"15":{"start":{"line":106,"column":8},"end":{"line":106,"column":57}},"16":{"start":{"line":107,"column":8},"end":{"line":107,"column":43}},"17":{"start":{"line":109,"column":8},"end":{"line":109,"column":57}},"18":{"start":{"line":114,"column":8},"end":{"line":114,"column":39}},"19":{"start":{"line":118,"column":8},"end":{"line":118,"column":20}},"20":{"start":{"line":122,"column":8},"end":{"line":122,"column":87}},"21":{"start":{"line":126,"column":8},"end":{"line":126,"column":60}},"22":{"start":{"line":140,"column":8},"end":{"line":140,"column":28}},"23":{"start":{"line":142,"column":8},"end":{"line":142,"column":29}},"24":{"start":{"line":150,"column":8},"end":{"line":150,"column":40}},"25":{"start":{"line":152,"column":8},"end":{"line":152,"column":61}},"26":{"start":{"line":156,"column":8},"end":{"line":156,"column":41}},"27":{"start":{"line":157,"column":8},"end":{"line":157,"column":21}},"28":{"start":{"line":166,"column":8},"end":{"line":166,"column":48}},"29":{"start":{"line":168,"column":8},"end":{"line":168,"column":41}},"30":{"start":{"line":177,"column":8},"end":{"line":177,"column":6088}},"31":{"start":{"line":178,"column":12},"end":{"line":178,"column":6179}},"32":{"start":{"line":186,"column":8},"end":{"line":186,"column":6511}},"33":{"start":{"line":187,"column":12},"end":{"line":187,"column":51}},"34":{"start":{"line":188,"column":12},"end":{"line":188,"column":44}},"35":{"start":{"line":190,"column":8},"end":{"line":190,"column":19}},"36":{"start":{"line":194,"column":8},"end":{"line":194,"column":60}},"37":{"start":{"line":195,"column":8},"end":{"line":195,"column":38}},"38":{"start":{"line":196,"column":8},"end":{"line":196,"column":6891}},"39":{"start":{"line":197,"column":12},"end":{"line":197,"column":6939}},"40":{"start":{"line":199,"column":16},"end":{"line":199,"column":30}},"41":{"start":{"line":207,"column":8},"end":{"line":207,"column":27}},"42":{"start":{"line":211,"column":8},"end":{"line":211,"column":71}},"43":{"start":{"line":212,"column":8},"end":{"line":212,"column":71}},"44":{"start":{"line":216,"column":8},"end":{"line":216,"column":71}},"45":{"start":{"line":217,"column":8},"end":{"line":217,"column":40}},"46":{"start":{"line":221,"column":8},"end":{"line":221,"column":71}},"47":{"start":{"line":222,"column":8},"end":{"line":222,"column":43}},"48":{"start":{"line":226,"column":8},"end":{"line":226,"column":46}},"49":{"start":{"line":230,"column":8},"end":{"line":230,"column":37}},"50":{"start":{"line":234,"column":8},"end":{"line":234,"column":40}},"51":{"start":{"line":243,"column":8},"end":{"line":243,"column":51}}},"branchMap":{"1":{"line":75,"type":"if","locations":[{"start":{"line":75,"column":13},"end":{"line":75,"column":13}},{"start":{"line":75,"column":13},"end":{"line":75,"column":13}}]},"2":{"line":88,"type":"if","locations":[{"start":{"line":88,"column":58},"end":{"line":88,"column":58}},{"start":{"line":88,"column":58},"end":{"line":88,"column":58}}]},"3":{"line":90,"type":"if","locations":[{"start":{"line":90,"column":59},"end":{"line":90,"column":59}},{"start":{"line":90,"column":59},"end":{"line":90,"column":59}}]},"4":{"line":91,"type":"if","locations":[{"start":{"line":91,"column":8},"end":{"line":91,"column":8}},{"start":{"line":91,"column":8},"end":{"line":91,"column":8}}]},"5":{"line":97,"type":"if","locations":[{"start":{"line":97,"column":53},"end":{"line":97,"column":53}},{"start":{"line":97,"column":53},"end":{"line":97,"column":53}}]},"6":{"line":98,"type":"if","locations":[{"start":{"line":98,"column":8},"end":{"line":98,"column":8}},{"start":{"line":98,"column":8},"end":{"line":98,"column":8}}]},"7":{"line":99,"type":"if","locations":[{"start":{"line":99,"column":8},"end":{"line":99,"column":8}},{"start":{"line":99,"column":8},"end":{"line":99,"column":8}}]},"8":{"line":105,"type":"if","locations":[{"start":{"line":105,"column":57},"end":{"line":105,"column":57}},{"start":{"line":105,"column":57},"end":{"line":105,"column":57}}]},"9":{"line":106,"type":"if","locations":[{"start":{"line":106,"column":8},"end":{"line":106,"column":8}},{"start":{"line":106,"column":8},"end":{"line":106,"column":8}}]},"10":{"line":112,"type":"if","locations":[{"start":{"line":112,"column":59},"end":{"line":112,"column":59}},{"start":{"line":112,"column":59},"end":{"line":112,"column":59}}]},"11":{"line":122,"type":"if","locations":[{"start":{"line":122,"column":8},"end":{"line":122,"column":8}},{"start":{"line":122,"column":8},"end":{"line":122,"column":8}}]},"12":{"line":125,"type":"if","locations":[{"start":{"line":125,"column":79},"end":{"line":125,"column":79}},{"start":{"line":125,"column":79},"end":{"line":125,"column":79}}]},"13":{"line":126,"type":"if","locations":[{"start":{"line":126,"column":8},"end":{"line":126,"column":8}},{"start":{"line":126,"column":8},"end":{"line":126,"column":8}}]},"14":{"line":130,"type":"if","locations":[{"start":{"line":130,"column":50},"end":{"line":130,"column":50}},{"start":{"line":130,"column":50},"end":{"line":130,"column":50}}]},"15":{"line":139,"type":"if","locations":[{"start":{"line":139,"column":15},"end":{"line":139,"column":15}},{"start":{"line":139,"column":15},"end":{"line":139,"column":15}}]},"16":{"line":155,"type":"if","locations":[{"start":{"line":155,"column":44},"end":{"line":155,"column":44}},{"start":{"line":155,"column":44},"end":{"line":155,"column":44}}]},"17":{"line":175,"type":"if","locations":[{"start":{"line":175,"column":32},"end":{"line":175,"column":32}},{"start":{"line":175,"column":32},"end":{"line":175,"column":32}}]},"18":{"line":177,"type":"if","locations":[{"start":{"line":177,"column":8},"end":{"line":177,"column":8}},{"start":{"line":177,"column":8},"end":{"line":177,"column":8}}]},"19":{"line":186,"type":"if","locations":[{"start":{"line":186,"column":8},"end":{"line":186,"column":8}},{"start":{"line":186,"column":8},"end":{"line":186,"column":8}}]},"20":{"line":197,"type":"if","locations":[{"start":{"line":197,"column":12},"end":{"line":197,"column":12}},{"start":{"line":197,"column":12},"end":{"line":197,"column":12}}]},"21":{"line":211,"type":"if","locations":[{"start":{"line":211,"column":8},"end":{"line":211,"column":8}},{"start":{"line":211,"column":8},"end":{"line":211,"column":8}}]},"22":{"line":216,"type":"if","locations":[{"start":{"line":216,"column":8},"end":{"line":216,"column":8}},{"start":{"line":216,"column":8},"end":{"line":216,"column":8}}]},"23":{"line":221,"type":"if","locations":[{"start":{"line":221,"column":8},"end":{"line":221,"column":8}},{"start":{"line":221,"column":8},"end":{"line":221,"column":8}}]}}},"contracts\\core\\TradingCore.sol":{"l":{"137":11,"138":11,"142":0,"143":0,"147":0,"148":0,"152":1,"156":0,"157":0,"161":0,"162":0,"164":0,"168":10,"169":10,"171":10,"178":49,"180":49,"181":49,"182":49,"184":49,"186":49,"187":49,"188":49,"189":49,"190":49,"191":49,"192":49,"193":49,"194":49,"195":49,"196":49,"197":49,"198":49,"199":49,"201":49,"202":49,"203":49,"204":49,"205":49,"206":49,"207":49,"208":49,"209":49,"213":50,"214":49,"215":49,"216":49,"220":50,"221":50,"222":50,"226":15,"230":11,"234":0,"238":2,"242":4,"246":1,"247":1,"251":18,"252":15,"256":1,"257":0,"261":1,"265":0,"266":0,"267":0,"271":0,"272":0,"273":0,"274":0,"275":0,"276":0,"280":0,"281":0,"285":1,"286":1,"287":1,"288":1,"289":0,"293":0,"294":0,"295":0,"296":0,"297":0,"298":0,"299":0,"300":0,"310":0,"311":0,"312":0,"316":2,"317":2,"318":2,"325":1,"329":0,"334":0,"341":0,"345":0,"346":0,"347":0,"348":0,"350":0,"354":0,"358":0,"362":0,"366":2,"367":2,"371":2,"372":2,"376":10,"377":10,"378":9,"382":9,"383":9,"384":1,"386":9,"392":8,"393":8,"394":8,"395":8,"399":0,"403":1,"407":0,"411":0,"415":0,"419":4,"426":0,"430":0,"431":0,"438":3,"442":0,"443":0,"447":1,"451":2,"455":1,"459":0,"460":0,"464":0,"465":0,"466":0,"467":0,"471":0,"472":0,"473":0,"474":0,"475":0,"476":0,"477":0,"481":0,"485":0,"489":25,"490":0,"494":4,"495":4,"496":4,"504":0,"515":0},"path":"C:\\Users\\amir2\\Desktop\\realyx\\contracts\\core\\TradingCore.sol","s":{"1":0,"2":0,"3":1,"4":0,"5":0,"6":10,"7":10,"8":49,"9":49,"10":49,"11":49,"12":49,"13":50,"14":11,"15":0,"16":2,"17":4,"18":1,"19":1,"20":18,"21":15,"22":1,"23":0,"24":1,"25":0,"26":0,"27":0,"28":0,"29":0,"30":0,"31":0,"32":0,"33":0,"34":1,"35":1,"36":1,"37":1,"38":0,"39":0,"40":0,"41":0,"42":0,"43":0,"44":0,"45":0,"46":0,"47":0,"48":2,"49":2,"50":0,"51":0,"52":0,"53":0,"54":0,"55":0,"56":0,"57":0,"58":0,"59":0,"60":0,"61":0,"62":2,"63":2,"64":2,"65":2,"66":10,"67":9,"68":9,"69":9,"70":1,"71":9,"72":8,"73":8,"74":8,"75":0,"76":1,"77":0,"78":0,"79":0,"80":4,"81":0,"82":0,"83":0,"84":0,"85":3,"86":0,"87":0,"88":1,"89":2,"90":1,"91":0,"92":0,"93":0,"94":0,"95":0,"96":0,"97":0,"98":0,"99":0,"100":0,"101":0,"102":0,"103":0,"104":0,"105":0,"106":25,"107":0,"108":4,"109":4,"110":0,"111":0},"b":{"1":[0,0],"2":[0,1],"3":[0,0],"4":[0,0],"5":[10,0],"6":[0,10],"7":[49,0],"8":[0,49],"9":[0,0],"10":[0,0],"11":[50,0],"12":[1,49],"13":[1,0],"14":[0,0],"15":[50,0],"16":[15,0],"17":[0,11],"18":[0,1],"19":[18,1],"20":[1,0],"21":[1,0],"22":[0,0],"23":[0,0],"24":[0,0],"25":[0,0],"26":[0,0],"27":[0,0],"28":[0,0],"29":[0,0],"30":[0,0],"31":[0,0],"32":[0,0],"33":[1,0],"34":[1,0],"35":[1,0],"36":[0,0],"37":[0,0],"38":[0,0],"39":[0,0],"40":[0,0],"41":[2,0],"42":[2,0],"43":[2,0],"44":[0,0],"45":[0,0],"46":[0,0],"47":[0,0],"48":[0,0],"49":[0,0],"50":[0,0],"51":[0,0],"52":[0,0],"53":[2,0],"54":[2,0],"55":[10,0],"56":[10,0],"57":[10,0],"58":[10,0],"59":[9,0],"60":[9,0],"61":[1,8],"62":[1,0],"63":[7,1],"64":[8,0],"65":[0,0],"66":[1,0],"67":[0,0],"68":[0,0],"69":[0,0],"70":[0,0],"71":[0,0],"72":[0,0],"73":[0,0],"74":[0,0],"75":[0,0],"76":[0,0],"77":[0,0],"78":[0,0],"79":[0,0],"80":[0,0],"81":[0,0],"82":[0,0],"83":[0,0],"84":[0,0],"85":[0,0],"86":[25,0],"87":[0,4],"88":[0,4],"89":[0,0],"90":[0,0],"91":[0,0],"92":[0,0]},"f":{"1":11,"2":0,"3":0,"4":1,"5":0,"6":0,"7":10,"8":49,"9":49,"10":50,"11":50,"12":15,"13":11,"14":0,"15":2,"16":4,"17":1,"18":18,"19":1,"20":1,"21":0,"22":0,"23":0,"24":1,"25":0,"26":0,"27":2,"28":0,"29":0,"30":0,"31":0,"32":0,"33":0,"34":0,"35":0,"36":0,"37":2,"38":2,"39":10,"40":9,"41":0,"42":1,"43":0,"44":0,"45":0,"46":4,"47":0,"48":0,"49":0,"50":0,"51":3,"52":0,"53":1,"54":2,"55":1,"56":0,"57":0,"58":0,"59":0,"60":0,"61":25,"62":4,"63":0,"64":0,"65":0},"fnMap":{"1":{"name":"noFlashLoan","line":136,"loc":{"start":{"line":136,"column":4},"end":{"line":139,"column":4}}},"2":{"name":"rateLimited","line":141,"loc":{"start":{"line":141,"column":4},"end":{"line":144,"column":4}}},"3":{"name":"checkBreakers","line":146,"loc":{"start":{"line":146,"column":4},"end":{"line":149,"column":4}}},"4":{"name":"_requireDeadline","line":151,"loc":{"start":{"line":151,"column":4},"end":{"line":153,"column":4}}},"5":{"name":"checkProtocolHealth","line":155,"loc":{"start":{"line":155,"column":4},"end":{"line":158,"column":4}}},"6":{"name":"requireOracleSources","line":160,"loc":{"start":{"line":160,"column":4},"end":{"line":165,"column":4}}},"7":{"name":"checkCompliance","line":167,"loc":{"start":{"line":167,"column":4},"end":{"line":172,"column":4}}},"8":{"name":"constructor","line":175,"loc":{"start":{"line":175,"column":4},"end":{"line":175,"column":50}}},"9":{"name":"initialize","line":177,"loc":{"start":{"line":177,"column":4},"end":{"line":210,"column":4}}},"10":{"name":"setContracts","line":212,"loc":{"start":{"line":212,"column":4},"end":{"line":217,"column":4}}},"11":{"name":"setRWAContracts","line":219,"loc":{"start":{"line":219,"column":4},"end":{"line":223,"column":4}}},"12":{"name":"setMarketId","line":225,"loc":{"start":{"line":225,"column":4},"end":{"line":227,"column":4}}},"13":{"name":"_checkMarketOpen","line":229,"loc":{"start":{"line":229,"column":4},"end":{"line":231,"column":4}}},"14":{"name":"_closeCtx","line":233,"loc":{"start":{"line":233,"column":4},"end":{"line":235,"column":4}}},"15":{"name":"_liqCtx","line":237,"loc":{"start":{"line":237,"column":4},"end":{"line":239,"column":4}}},"16":{"name":"_collateralCtx","line":241,"loc":{"start":{"line":241,"column":4},"end":{"line":243,"column":4}}},"17":{"name":"_requireComplianceAndMarketOpen","line":245,"loc":{"start":{"line":245,"column":4},"end":{"line":248,"column":4}}},"18":{"name":"setMarket","line":250,"loc":{"start":{"line":250,"column":4},"end":{"line":253,"column":4}}},"19":{"name":"updateMarket","line":255,"loc":{"start":{"line":255,"column":4},"end":{"line":258,"column":4}}},"20":{"name":"unlistMarket","line":260,"loc":{"start":{"line":260,"column":4},"end":{"line":262,"column":4}}},"21":{"name":"setFeeConfig","line":264,"loc":{"start":{"line":264,"column":4},"end":{"line":268,"column":4}}},"22":{"name":"setLimits","line":270,"loc":{"start":{"line":270,"column":4},"end":{"line":277,"column":4}}},"23":{"name":"setTrustedForwarder","line":279,"loc":{"start":{"line":279,"column":4},"end":{"line":282,"column":4}}},"24":{"name":"closePosition","line":284,"loc":{"start":{"line":284,"column":4},"end":{"line":290,"column":4}}},"25":{"name":"partialClose","line":292,"loc":{"start":{"line":292,"column":4},"end":{"line":301,"column":4}}},"26":{"name":"recordFailedRepayment","line":309,"loc":{"start":{"line":303,"column":4},"end":{"line":313,"column":4}}},"27":{"name":"liquidatePosition","line":315,"loc":{"start":{"line":315,"column":4},"end":{"line":326,"column":4}}},"28":{"name":"resolveFailedRepayment","line":328,"loc":{"start":{"line":328,"column":4},"end":{"line":330,"column":4}}},"29":{"name":"getFailedRepayment","line":333,"loc":{"start":{"line":333,"column":4},"end":{"line":335,"column":4}}},"30":{"name":"failedRepaymentCount","line":337,"loc":{"start":{"line":337,"column":4},"end":{"line":337,"column":105}}},"31":{"name":"failedRepaymentIdAt","line":338,"loc":{"start":{"line":338,"column":4},"end":{"line":338,"column":117}}},"32":{"name":"getBalances","line":340,"loc":{"start":{"line":340,"column":4},"end":{"line":342,"column":4}}},"33":{"name":"updatePositionOwner","line":344,"loc":{"start":{"line":344,"column":4},"end":{"line":351,"column":4}}},"34":{"name":"setStopLoss","line":353,"loc":{"start":{"line":353,"column":4},"end":{"line":355,"column":4}}},"35":{"name":"setTakeProfit","line":357,"loc":{"start":{"line":357,"column":4},"end":{"line":359,"column":4}}},"36":{"name":"setTrailingStop","line":361,"loc":{"start":{"line":361,"column":4},"end":{"line":363,"column":4}}},"37":{"name":"addCollateral","line":365,"loc":{"start":{"line":365,"column":4},"end":{"line":368,"column":4}}},"38":{"name":"withdrawCollateral","line":370,"loc":{"start":{"line":370,"column":4},"end":{"line":373,"column":4}}},"39":{"name":"createOrder","line":375,"loc":{"start":{"line":375,"column":4},"end":{"line":379,"column":4}}},"40":{"name":"executeOrder","line":381,"loc":{"start":{"line":381,"column":4},"end":{"line":396,"column":4}}},"41":{"name":"withdrawKeeperFees","line":398,"loc":{"start":{"line":398,"column":4},"end":{"line":400,"column":4}}},"42":{"name":"cancelOrder","line":402,"loc":{"start":{"line":402,"column":4},"end":{"line":404,"column":4}}},"43":{"name":"withdrawOrderCollateralRefund","line":406,"loc":{"start":{"line":406,"column":4},"end":{"line":408,"column":4}}},"44":{"name":"withdrawOrderRefund","line":410,"loc":{"start":{"line":410,"column":4},"end":{"line":412,"column":4}}},"45":{"name":"settleFunding","line":414,"loc":{"start":{"line":414,"column":4},"end":{"line":416,"column":4}}},"46":{"name":"settlePositionFunding","line":418,"loc":{"start":{"line":418,"column":4},"end":{"line":423,"column":4}}},"47":{"name":"setTradingViews","line":425,"loc":{"start":{"line":425,"column":4},"end":{"line":427,"column":4}}},"48":{"name":"getPositionCollateral","line":429,"loc":{"start":{"line":429,"column":4},"end":{"line":432,"column":4}}},"49":{"name":"activeMarketCount","line":434,"loc":{"start":{"line":434,"column":4},"end":{"line":434,"column":97}}},"50":{"name":"activeMarketAt","line":435,"loc":{"start":{"line":435,"column":4},"end":{"line":435,"column":107}}},"51":{"name":"getPosition","line":437,"loc":{"start":{"line":437,"column":4},"end":{"line":439,"column":4}}},"52":{"name":"getPositionPnL","line":441,"loc":{"start":{"line":441,"column":4},"end":{"line":444,"column":4}}},"53":{"name":"getUserPositions","line":446,"loc":{"start":{"line":446,"column":4},"end":{"line":448,"column":4}}},"54":{"name":"getMarketInfo","line":450,"loc":{"start":{"line":450,"column":4},"end":{"line":452,"column":4}}},"55":{"name":"getFundingState","line":454,"loc":{"start":{"line":454,"column":4},"end":{"line":456,"column":4}}},"56":{"name":"canLiquidate","line":458,"loc":{"start":{"line":458,"column":4},"end":{"line":461,"column":4}}},"57":{"name":"cleanupPositions","line":463,"loc":{"start":{"line":463,"column":4},"end":{"line":468,"column":4}}},"58":{"name":"setParams","line":470,"loc":{"start":{"line":470,"column":4},"end":{"line":478,"column":4}}},"59":{"name":"sweepDust","line":480,"loc":{"start":{"line":480,"column":4},"end":{"line":482,"column":4}}},"60":{"name":"updateProtocolHealth","line":484,"loc":{"start":{"line":484,"column":4},"end":{"line":486,"column":4}}},"61":{"name":"getGlobalUnrealizedPnL","line":488,"loc":{"start":{"line":488,"column":4},"end":{"line":491,"column":4}}},"62":{"name":"_validateOwner","line":493,"loc":{"start":{"line":493,"column":4},"end":{"line":497,"column":4}}},"63":{"name":"_authorizeUpgrade","line":499,"loc":{"start":{"line":499,"column":4},"end":{"line":499,"column":69}}},"64":{"name":"executeStopLossTakeProfit","line":503,"loc":{"start":{"line":503,"column":4},"end":{"line":512,"column":4}}},"65":{"name":"getProtocolHealthState","line":514,"loc":{"start":{"line":514,"column":4},"end":{"line":516,"column":4}}}},"statementMap":{"1":{"start":{"line":142,"column":8},"end":{"line":142,"column":153}},"2":{"start":{"line":147,"column":8},"end":{"line":147,"column":75}},"3":{"start":{"line":152,"column":8},"end":{"line":152,"column":57}},"4":{"start":{"line":156,"column":8},"end":{"line":156,"column":65}},"5":{"start":{"line":161,"column":8},"end":{"line":161,"column":6346}},"6":{"start":{"line":168,"column":8},"end":{"line":168,"column":6556}},"7":{"start":{"line":169,"column":12},"end":{"line":169,"column":100}},"8":{"start":{"line":178,"column":8},"end":{"line":178,"column":103}},"9":{"start":{"line":180,"column":8},"end":{"line":180,"column":31}},"10":{"start":{"line":181,"column":8},"end":{"line":181,"column
[...]
rt":{"line":538,"column":16},"end":{"line":538,"column":16}},{"start":{"line":538,"column":16},"end":{"line":538,"column":16}}]},"53":{"line":554,"type":"if","locations":[{"start":{"line":554,"column":9},"end":{"line":554,"column":9}},{"start":{"line":554,"column":9},"end":{"line":554,"column":9}}]},"54":{"line":554,"type":"cond-expr","locations":[{"start":{"line":554,"column":13},"end":{"line":554,"column":66}},{"start":{"line":554,"column":71},"end":{"line":554,"column":123}}]},"55":{"line":557,"type":"if","locations":[{"start":{"line":557,"column":9},"end":{"line":557,"column":9}},{"start":{"line":557,"column":9},"end":{"line":557,"column":9}}]},"56":{"line":557,"type":"cond-expr","locations":[{"start":{"line":557,"column":13},"end":{"line":557,"column":66}},{"start":{"line":557,"column":71},"end":{"line":557,"column":123}}]},"57":{"line":574,"type":"if","locations":[{"start":{"line":574,"column":8},"end":{"line":574,"column":8}},{"start":{"line":574,"column":8},"end":{"line":574,"column":8}}]},"58":{"line":575,"type":"if","locations":[{"start":{"line":575,"column":8},"end":{"line":575,"column":8}},{"start":{"line":575,"column":8},"end":{"line":575,"column":8}}]},"59":{"line":577,"type":"if","locations":[{"start":{"line":577,"column":8},"end":{"line":577,"column":8}},{"start":{"line":577,"column":8},"end":{"line":577,"column":8}}]},"60":{"line":580,"type":"if","locations":[{"start":{"line":580,"column":12},"end":{"line":580,"column":12}},{"start":{"line":580,"column":12},"end":{"line":580,"column":12}}]},"61":{"line":580,"type":"cond-expr","locations":[{"start":{"line":580,"column":16},"end":{"line":580,"column":60}},{"start":{"line":580,"column":65},"end":{"line":580,"column":110}}]},"62":{"line":595,"type":"if","locations":[{"start":{"line":595,"column":50},"end":{"line":595,"column":64}},{"start":{"line":595,"column":68},"end":{"line":595,"column":89}}]},"63":{"line":596,"type":"if","locations":[{"start":{"line":596,"column":8},"end":{"line":596,"column":8}},{"start":{"line":596,"column":8},"end":{"line":596,"column":8}}]},"64":{"line":622,"type":"if","locations":[{"start":{"line":622,"column":8},"end":{"line":622,"column":8}},{"start":{"line":622,"column":8},"end":{"line":622,"column":8}}]},"65":{"line":622,"type":"cond-expr","locations":[{"start":{"line":622,"column":12},"end":{"line":622,"column":22}},{"start":{"line":622,"column":27},"end":{"line":622,"column":37}}]},"66":{"line":626,"type":"if","locations":[{"start":{"line":626,"column":8},"end":{"line":626,"column":8}},{"start":{"line":626,"column":8},"end":{"line":626,"column":8}}]},"67":{"line":629,"type":"if","locations":[{"start":{"line":629,"column":8},"end":{"line":629,"column":8}},{"start":{"line":629,"column":8},"end":{"line":629,"column":8}}]},"68":{"line":631,"type":"if","locations":[{"start":{"line":631,"column":18},"end":{"line":631,"column":63}},{"start":{"line":632,"column":18},"end":{"line":632,"column":63}}]},"69":{"line":633,"type":"if","locations":[{"start":{"line":633,"column":12},"end":{"line":633,"column":12}},{"start":{"line":633,"column":12},"end":{"line":633,"column":12}}]},"70":{"line":636,"type":"if","locations":[{"start":{"line":636,"column":8},"end":{"line":636,"column":8}},{"start":{"line":636,"column":8},"end":{"line":636,"column":8}}]},"71":{"line":636,"type":"cond-expr","locations":[{"start":{"line":636,"column":39},"end":{"line":636,"column":92}},{"start":{"line":636,"column":97},"end":{"line":636,"column":150}}]},"72":{"line":638,"type":"if","locations":[{"start":{"line":638,"column":18},"end":{"line":638,"column":81}},{"start":{"line":639,"column":18},"end":{"line":639,"column":81}}]},"73":{"line":640,"type":"if","locations":[{"start":{"line":640,"column":13},"end":{"line":640,"column":13}},{"start":{"line":640,"column":13},"end":{"line":640,"column":13}}]},"74":{"line":648,"type":"if","locations":[{"start":{"line":648,"column":8},"end":{"line":648,"column":8}},{"start":{"line":648,"column":8},"end":{"line":648,"column":8}}]},"75":{"line":653,"type":"if","locations":[{"start":{"line":653,"column":8},"end":{"line":653,"column":8}},{"start":{"line":653,"column":8},"end":{"line":653,"column":8}}]},"76":{"line":656,"type":"if","locations":[{"start":{"line":656,"column":8},"end":{"line":656,"column":8}},{"start":{"line":656,"column":8},"end":{"line":656,"column":8}}]},"77":{"line":691,"type":"if","locations":[{"start":{"line":691,"column":8},"end":{"line":691,"column":8}},{"start":{"line":691,"column":8},"end":{"line":691,"column":8}}]},"78":{"line":752,"type":"if","locations":[{"start":{"line":752,"column":8},"end":{"line":752,"column":8}},{"start":{"line":752,"column":8},"end":{"line":752,"column":8}}]},"79":{"line":754,"type":"if","locations":[{"start":{"line":754,"column":12},"end":{"line":754,"column":12}},{"start":{"line":754,"column":12},"end":{"line":754,"column":12}}]},"80":{"line":769,"type":"if","locations":[{"start":{"line":769,"column":8},"end":{"line":769,"column":8}},{"start":{"line":769,"column":8},"end":{"line":769,"column":8}}]},"81":{"line":771,"type":"if","locations":[{"start":{"line":771,"column":8},"end":{"line":771,"column":8}},{"start":{"line":771,"column":8},"end":{"line":771,"column":8}}]},"82":{"line":771,"type":"cond-expr","locations":[{"start":{"line":771,"column":12},"end":{"line":771,"column":21}},{"start":{"line":771,"column":26},"end":{"line":771,"column":62}}]},"83":{"line":815,"type":"if","locations":[{"start":{"line":815,"column":8},"end":{"line":815,"column":8}},{"start":{"line":815,"column":8},"end":{"line":815,"column":8}}]},"84":{"line":816,"type":"if","locations":[{"start":{"line":816,"column":60},"end":{"line":816,"column":86}},{"start":{"line":816,"column":90},"end":{"line":816,"column":90}}]},"85":{"line":817,"type":"if","locations":[{"start":{"line":817,"column":55},"end":{"line":817,"column":76}},{"start":{"line":817,"column":80},"end":{"line":817,"column":80}}]},"86":{"line":819,"type":"if","locations":[{"start":{"line":819,"column":62},"end":{"line":819,"column":89}},{"start":{"line":819,"column":93},"end":{"line":819,"column":93}}]},"87":{"line":820,"type":"if","locations":[{"start":{"line":820,"column":57},"end":{"line":820,"column":79}},{"start":{"line":820,"column":83},"end":{"line":820,"column":83}}]},"88":{"line":838,"type":"if","locations":[{"start":{"line":838,"column":8},"end":{"line":838,"column":8}},{"start":{"line":838,"column":8},"end":{"line":838,"column":8}}]},"89":{"line":840,"type":"if","locations":[{"start":{"line":840,"column":85},"end":{"line":840,"column":129}},{"start":{"line":840,"column":133},"end":{"line":840,"column":133}}]},"90":{"line":846,"type":"if","locations":[{"start":{"line":846,"column":85},"end":{"line":846,"column":129}},{"start":{"line":846,"column":133},"end":{"line":846,"column":133}}]},"91":{"line":868,"type":"if","locations":[{"start":{"line":868,"column":8},"end":{"line":868,"column":8}},{"start":{"line":868,"column":8},"end":{"line":868,"column":8}}]},"92":{"line":871,"type":"if","locations":[{"start":{"line":871,"column":8},"end":{"line":871,"column":8}},{"start":{"line":871,"column":8},"end":{"line":871,"column":8}}]},"93":{"line":875,"type":"if","locations":[{"start":{"line":875,"column":8},"end":{"line":875,"column":8}},{"start":{"line":875,"column":8},"end":{"line":875,"column":8}}]},"94":{"line":883,"type":"if","locations":[{"start":{"line":883,"column":8},"end":{"line":883,"column":8}},{"start":{"line":883,"column":8},"end":{"line":883,"column":8}}]},"95":{"line":885,"type":"if","locations":[{"start":{"line":885,"column":8},"end":{"line":885,"column":8}},{"start":{"line":885,"column":8},"end":{"line":885,"column":8}}]},"96":{"line":900,"type":"if","locations":[{"start":{"line":900,"column":8},"end":{"line":900,"column":8}},{"start":{"line":900,"column":8},"end":{"line":900,"column":8}}]},"97":{"line":903,"type":"if","locations":[{"start":{"line":903,"column":13},"end":{"line":903,"column":13}},{"start":{"line":903,"column":13},"end":{"line":903,"column":13}}]},"98":{"line":908,"type":"if","locations":[{"start":{"line":908,"column":8},"end":{"line":908,"column":8}},{"start":{"line":908,"column":8},"end":{"line":908,"column":8}}]},"99":{"line":922,"type":"if","locations":[{"start":{"line":922,"column":24},"end":{"line":922,"column":24}},{"start":{"line":922,"column":28},"end":{"line":922,"column":28}}]},"100":{"line":958,"type":"if","locations":[{"start":{"line":958,"column":8},"end":{"line":958,"column":8}},{"start":{"line":958,"column":8},"end":{"line":958,"column":8}}]},"101":{"line":958,"type":"cond-expr","locations":[{"start":{"line":958,"column":12},"end":{"line":958,"column":25}},{"start":{"line":958,"column":30},"end":{"line":958,"column":40}}]},"102":{"line":961,"type":"if","locations":[{"start":{"line":961,"column":56},"end":{"line":961,"column":56}},{"start":{"line":961,"column":60},"end":{"line":961,"column":78}}]},"103":{"line":962,"type":"if","locations":[{"start":{"line":962,"column":8},"end":{"line":962,"column":8}},{"start":{"line":962,"column":8},"end":{"line":962,"column":8}}]},"104":{"line":974,"type":"if","locations":[{"start":{"line":974,"column":12},"end":{"line":974,"column":12}},{"start":{"line":974,"column":12},"end":{"line":974,"column":12}}]},"105":{"line":996,"type":"if","locations":[{"start":{"line":996,"column":8},"end":{"line":996,"column":8}},{"start":{"line":996,"column":8},"end":{"line":996,"column":8}}]},"106":{"line":998,"type":"if","locations":[{"start":{"line":998,"column":12},"end":{"line":998,"column":12}},{"start":{"line":998,"column":12},"end":{"line":998,"column":12}}]},"107":{"line":1006,"type":"if","locations":[{"start":{"line":1006,"column":8},"end":{"line":1006,"column":8}},{"start":{"line":1006,"column":8},"end":{"line":1006,"column":8}}]},"108":{"line":1008,"type":"if","locations":[{"start":{"line":1008,"column":79},"end":{"line":1008,"column":112}},{"start":{"line":1008,"column":116},"end":{"line":1008,"column":116}}]},"109":{"line":1025,"type":"if","locations":[{"start":{"line":1025,"column":8},"end":{"line":1025,"column":8}},{"start":{"line":1025,"column":8},"end":{"line":1025,"column":8}}]},"110":{"line":1025,"type":"cond-expr","locations":[{"start":{"line":1025,"column":12},"end":{"line":1025,"column":38}},{"start":{"line":1025,"column":43},"end":{"line":1025,"column":62}}]},"111":{"line":1026,"type":"if","locations":[{"start":{"line":1026,"column":8},"end":{"line":1026,"column":8}},{"start":{"line":1026,"column":8},"end":{"line":1026,"column":8}}]},"112":{"line":1030,"type":"if","locations":[{"start":{"line":1030,"column":8},"end":{"line":1030,"column":8}},{"start":{"line":1030,"column":8},"end":{"line":1030,"column":8}}]},"113":{"line":1030,"type":"cond-expr","locations":[{"start":{"line":1030,"column":13},"end":{"line":1030,"column":66}},{"start":{"line":1030,"column":71},"end":{"line":1030,"column":123}}]},"114":{"line":1034,"type":"if","locations":[{"start":{"line":1034,"column":8},"end":{"line":1034,"column":8}},{"start":{"line":1034,"column":8},"end":{"line":1034,"column":8}}]},"115":{"line":1058,"type":"if","locations":[{"start":{"line":1058,"column":12},"end":{"line":1058,"column":12}},{"start":{"line":1058,"column":12},"end":{"line":1058,"column":12}}]},"116":{"line":1060,"type":"if","locations":[{"start":{"line":1060,"column":16},"end":{"line":1060,"column":16}},{"start":{"line":1060,"column":16},"end":{"line":1060,"column":16}}]},"117":{"line":1060,"type":"cond-expr","locations":[{"start":{"line":1060,"column":20},"end":{"line":1060,"column":65}},{"start":{"line":1060,"column":70},"end":{"line":1060,"column":117}}]},"118":{"line":1062,"type":"if","locations":[{"start":{"line":1062,"column":20},"end":{"line":1062,"column":20}},{"start":{"line":1062,"column":20},"end":{"line":1062,"column":20}}]},"119":{"line":1064,"type":"if","locations":[{"start":{"line":1064,"column":24},"end":{"line":1064,"column":24}},{"start":{"line":1064,"column":24},"end":{"line":1064,"column":24}}]},"120":{"line":1066,"type":"if","locations":[{"start":{"line":1066,"column":28},"end":{"line":1066,"column":28}},{"start":{"line":1066,"column":28},"end":{"line":1066,"column":28}}]},"121":{"line":1068,"type":"if","locations":[{"start":{"line":1068,"column":32},"end":{"line":1068,"column":32}},{"start":{"line":1068,"column":32},"end":{"line":1068,"column":32}}]},"122":{"line":1088,"type":"if","locations":[{"start":{"line":1088,"column":8},"end":{"line":1088,"column":8}},{"start":{"line":1088,"column":8},"end":{"line":1088,"column":8}}]}}},"contracts\\libraries\\WithdrawLib.sol":{"l":{"17":0,"18":0,"19":0,"20":0,"21":0,"28":0,"29":0,"30":0,"31":0,"32":0,"40":0,"41":0,"42":0,"43":0},"path":"C:\\Users\\amir2\\Desktop\\realyx\\contracts\\libraries\\WithdrawLib.sol","s":{"1":0,"2":0,"3":0,"4":0,"5":0,"6":0,"7":0,"8":0,"9":0,"10":0,"11":0,"12":0,"13":0,"14":0},"b":{"1":[0,0],"2":[0,0],"3":[0,0],"4":[0,0],"5":[0,0]},"f":{"1":0,"2":0,"3":0},"fnMap":{"1":{"name":"withdrawKeeperFees","line":13,"loc":{"start":{"line":13,"column":4},"end":{"line":22,"column":4}}},"2":{"name":"withdrawOrderRefund","line":24,"loc":{"start":{"line":24,"column":4},"end":{"line":33,"column":4}}},"3":{"name":"withdrawOrderCollateralRefund","line":35,"loc":{"start":{"line":35,"column":4},"end":{"line":44,"column":4}}}},"statementMap":{"1":{"start":{"line":17,"column":8},"end":{"line":17,"column":40}},"2":{"start":{"line":18,"column":8},"end":{"line":18,"column":31}},"3":{"start":{"line":18,"column":25},"end":{"line":18,"column":31}},"4":{"start":{"line":20,"column":8},"end":{"line":20,"column":60}},"5":{"start":{"line":21,"column":8},"end":{"line":21,"column":40}},"6":{"start":{"line":28,"column":8},"end":{"line":28,"column":40}},"7":{"start":{"line":29,"column":8},"end":{"line":29,"column":31}},"8":{"start":{"line":29,"column":25},"end":{"line":29,"column":31}},"9":{"start":{"line":31,"column":8},"end":{"line":31,"column":60}},"10":{"start":{"line":32,"column":8},"end":{"line":32,"column":40}},"11":{"start":{"line":40,"column":8},"end":{"line":40,"column":40}},"12":{"start":{"line":41,"column":8},"end":{"line":41,"column":31}},"13":{"start":{"line":41,"column":25},"end":{"line":41,"column":31}},"14":{"start":{"line":43,"column":8},"end":{"line":43,"column":40}}},"branchMap":{"1":{"line":18,"type":"if","locations":[{"start":{"line":18,"column":8},"end":{"line":18,"column":8}},{"start":{"line":18,"column":8},"end":{"line":18,"column":8}}]},"2":{"line":21,"type":"if","locations":[{"start":{"line":21,"column":8},"end":{"line":21,"column":8}},{"start":{"line":21,"column":8},"end":{"line":21,"column":8}}]},"3":{"line":29,"type":"if","locations":[{"start":{"line":29,"column":8},"end":{"line":29,"column":8}},{"start":{"line":29,"column":8},"end":{"line":29,"column":8}}]},"4":{"line":32,"type":"if","locations":[{"start":{"line":32,"column":8},"end":{"line":32,"column":8}},{"start":{"line":32,"column":8},"end":{"line":32,"column":8}}]},"5":{"line":41,"type":"if","locations":[{"start":{"line":41,"column":8},"end":{"line":41,"column":8}},{"start":{"line":41,"column":8},"end":{"line":41,"column":8}}]}}},"contracts\\modules\\AllowListCompliance.sol":{"l":{"33":50,"34":50,"36":50,"37":50,"43":2,"44":2,"48":50,"49":296,"50":296,"55":0,"56":0,"64":17},"path":"C:\\Users\\amir2\\Desktop\\realyx\\contracts\\modules\\AllowListCompliance.sol","s":{"1":50,"2":50,"3":50,"4":50,"5":2,"6":50,"7":296,"8":0,"9":17},"b":{"1":[50,0],"2":[0,0],"3":[2,1],"4":[50,0],"5":[0,0],"6":[0,0]},"f":{"1":50,"2":50,"3":0,"4":2,"5":50,"6":0,"7":17,"8":0},"fnMap":{"1":{"name":"constructor","line":28,"loc":{"start":{"line":28,"column":4},"end":{"line":30,"column":4}}},"2":{"name":"initialize","line":32,"loc":{"start":{"line":32,"column":4},"end":{"line":38,"column":4}}},"3":{"name":"_authorizeUpgrade","line":40,"loc":{"start":{"line":40,"column":4},"end":{"line":40,"column":88}}},"4":{"name":"setWhitelist","line":42,"loc":{"start":{"line":42,"column":4},"end":{"line":45,"column":4}}},"5":{"name":"batchSetWhitelist","line":47,"loc":{"start":{"line":47,"column":4},"end":{"line":52,"column":4}}},"6":{"name":"setUserCountryBlocked","line":54,"loc":{"start":{"line":54,"column":4},"end":{"line":57,"column":4}}},"7":{"name":"isAllowed","line":59,"loc":{"start":{"line":59,"column":4},"end":{"line":65,"column":4}}},"8":{"name":"registerMarket","line":67,"loc":{"start":{"line":67,"column":4},"end":{"line":68,"column":4}}}},"statementMap":{"1":{"start":{"line":33,"column":8},"end":{"line":33,"column":29}},"2":{"start":{"line":34,"column":8},"end":{"line":34,"column":31}},"3":{"start":{"line":36,"column":8},"end":{"line":36,"column":44}},"4":{"start":{"line":37,"column":8},"end":{"line":37,"column":38}},"5":{"start":{"line":44,"column":8},"end":{"line":44,"column":42}},"6":{"start":{"line":48,"column":8},"end":{"line":48,"column":1687}},"7":{"start":{"line":50,"column":12},"end":{"line":50,"column":50}},"8":{"start":{"line":56,"column":8},"end":{"line":56,"column":51}},"9":{"start":{"line":64,"column":8},"end":{"line":64,"column":63}}},"branchMap":{"1":{"line":32,"type":"if","locations":[{"start":{"line":32,"column":46},"end":{"line":32,"column":46}},{"start":{"line":32,"column":46},"end":{"line":32,"column":46}}]},"2":{"line":40,"type":"if","locations":[{"start":{"line":40,"column":58},"end":{"line":40,"column":58}},{"start":{"line":40,"column":58},"end":{"line":40,"column":58}}]},"3":{"line":42,"type":"if","locations":[{"start":{"line":42,"column":62},"end":{"line":42,"column":62}},{"start":{"line":42,"column":62},"end":{"line":42,"column":62}}]},"4":{"line":47,"type":"if","locations":[{"start":{"line":47,"column":79},"end":{"line":47,"column":79}},{"start":{"line":47,"column":79},"end":{"line":47,"column":79}}]},"5":{"line":54,"type":"if","locations":[{"start":{"line":54,"column":72},"end":{"line":54,"column":72}},{"start":{"line":54,"column":72},"end":{"line":54,"column":72}}]},"6":{"line":67,"type":"if","locations":[{"start":{"line":67,"column":55},"end":{"line":67,"column":55}},{"start":{"line":67,"column":55},"end":{"line":67,"column":55}}]}}},"contracts\\modules\\DividendKeeper.sol":{"l":{"29":1,"30":1,"32":1,"33":1,"34":1,"40":0,"41":0,"45":0},"path":"C:\\Users\\amir2\\Desktop\\realyx\\contracts\\modules\\DividendKeeper.sol","s":{"1":1,"2":1,"3":1,"4":1,"5":0,"6":0},"b":{"1":[1,0],"2":[0,0],"3":[0,0],"4":[0,0]},"f":{"1":1,"2":1,"3":0,"4":0,"5":0},"fnMap":{"1":{"name":"constructor","line":24,"loc":{"start":{"line":24,"column":4},"end":{"line":26,"column":4}}},"2":{"name":"initialize","line":28,"loc":{"start":{"line":28,"column":4},"end":{"line":35,"column":4}}},"3":{"name":"_authorizeUpgrade","line":37,"loc":{"start":{"line":37,"column":4},"end":{"line":37,"column":88}}},"4":{"name":"distribute","line":39,"loc":{"start":{"line":39,"column":4},"end":{"line":42,"column":4}}},"5":{"name":"setDividendManager","line":44,"loc":{"start":{"line":44,"column":4},"end":{"line":46,"column":4}}}},"statementMap":{"1":{"start":{"line":29,"column":8},"end":{"line":29,"column":29}},"2":{"start":{"line":30,"column":8},"end":{"line":30,"column":31}},"3":{"start":{"line":32,"column":8},"end":{"line":32,"column":44}},"4":{"start":{"line":33,"column":8},"end":{"line":33,"column":42}},"5":{"start":{"line":40,"column":8},"end":{"line":40,"column":67}},"6":{"start":{"line":41,"column":8},"end":{"line":41,"column":68}}},"branchMap":{"1":{"line":28,"type":"if","locations":[{"start":{"line":28,"column":72},"end":{"line":28,"column":72}},{"start":{"line":28,"column":72},"end":{"line":28,"column":72}}]},"2":{"line":37,"type":"if","locations":[{"start":{"line":37,"column":58},"end":{"line":37,"column":58}},{"start":{"line":37,"column":58},"end":{"line":37,"column":58}}]},"3":{"line":39,"type":"if","locations":[{"start":{"line":39,"column":83},"end":{"line":39,"column":83}},{"start":{"line":39,"column":83},"end":{"line":39,"column":83}}]},"4":{"line":44,"type":"if","locations":[{"start":{"line":44,"column":67},"end":{"line":44,"column":67}},{"start":{"line":44,"column":67},"end":{"line":44,"column":67}}]}}}}