{"contracts\\core\\CollateralRegistry.sol":{"l":{"55":10,"56":9,"57":9,"58":9,"74":18,"75":17,"76":16,"78":15,"89":15,"90":15,"101":2,"102":2,"103":1,"104":1,"105":1,"106":1,"107":1,"108":1,"109":1,"113":1,"114":1,"115":0,"116":0,"120":2,"121":2,"122":2,"123":2,"127":1,"131":8,"137":16,"138":15,"142":15,"144":15,"145":0,"150":0,"151":0,"152":0,"155":15,"156":2,"157":2,"162":15,"163":15,"164":15,"178":13,"179":12,"180":12,"182":11,"183":11,"185":11,"186":11,"188":10,"192":10,"201":4,"202":3,"203":3,"205":3,"206":3,"208":3,"212":3,"213":3,"214":3,"220":4,"221":3,"222":3,"224":3,"225":3,"226":2,"227":2,"229":2,"230":2,"234":2,"237":1,"238":1,"239":1,"241":0,"243":1},"path":"C:\\Users\\amir2\\Desktop\\realyx\\contracts\\core\\CollateralRegistry.sol","s":{"1":10,"2":9,"3":9,"4":18,"5":17,"6":16,"7":15,"8":15,"9":2,"10":2,"11":1,"12":1,"13":1,"14":1,"15":0,"16":2,"17":2,"18":2,"19":1,"20":8,"21":16,"22":1,"23":15,"24":15,"25":15,"26":0,"27":0,"28":0,"29":15,"30":2,"31":15,"32":15,"33":15,"34":13,"35":1,"36":12,"37":12,"38":11,"39":11,"40":11,"41":11,"42":10,"43":4,"44":1,"45":3,"46":3,"47":3,"48":3,"49":3,"50":3,"51":3,"52":4,"53":1,"54":3,"55":3,"56":3,"57":3,"58":2,"59":2,"60":2,"61":2,"62":1,"63":1,"64":1,"65":1},"b":{"1":[1,9],"2":[1,0],"3":[18,1],"4":[1,17],"5":[1,0],"6":[1,16],"7":[1,0],"8":[0,0],"9":[1,15],"10":[2,0],"11":[1,1],"12":[0,1],"13":[0,0],"14":[0,0],"15":[1,0],"16":[1,0],"17":[2,0],"18":[0,2],"19":[1,15],"20":[0,15],"21":[2,13],"22":[2,0],"23":[1,14],"24":[0,15],"25":[1,12],"26":[1,11],"27":[0,11],"28":[1,10],"29":[1,9],"30":[1,3],"31":[0,3],"32":[0,3],"33":[0,3],"34":[4,1],"35":[1,3],"36":[0,3],"37":[2,1],"38":[1,1],"39":[2,0],"40":[1,1],"41":[1,0]},"f":{"1":10,"2":18,"3":2,"4":1,"5":2,"6":1,"7":8,"8":16,"9":13,"10":4,"11":4,"12":2},"fnMap":{"1":{"name":"constructor","line":54,"loc":{"start":{"line":54,"column":4},"end":{"line":59,"column":4}}},"2":{"name":"registerToken","line":73,"loc":{"start":{"line":63,"column":4},"end":{"line":91,"column":4}}},"3":{"name":"setHaircut","line":100,"loc":{"start":{"line":93,"column":4},"end":{"line":110,"column":4}}},"4":{"name":"setMaxExposure","line":112,"loc":{"start":{"line":112,"column":4},"end":{"line":117,"column":4}}},"5":{"name":"setTokenEnabled","line":119,"loc":{"start":{"line":119,"column":4},"end":{"line":124,"column":4}}},"6":{"name":"getRegisteredTokens","line":126,"loc":{"start":{"line":126,"column":4},"end":{"line":128,"column":4}}},"7":{"name":"getCollateralConfig","line":130,"loc":{"start":{"line":130,"column":4},"end":{"line":132,"column":4}}},"8":{"name":"getEffectiveHaircut","line":136,"loc":{"start":{"line":136,"column":4},"end":{"line":165,"column":4}}},"9":{"name":"getCollateralValue","line":173,"loc":{"start":{"line":173,"column":4},"end":{"line":193,"column":4}}},"10":{"name":"getTokenAmountForUsdc","line":196,"loc":{"start":{"line":196,"column":4},"end":{"line":215,"column":4}}},"11":{"name":"recordDeposit","line":219,"loc":{"start":{"line":219,"column":4},"end":{"line":231,"column":4}}},"12":{"name":"recordWithdrawal","line":233,"loc":{"start":{"line":233,"column":4},"end":{"line":244,"column":4}}}},"statementMap":{"1":{"start":{"line":55,"column":8},"end":{"line":55,"column":88}},"2":{"start":{"line":56,"column":8},"end":{"line":56,"column":44}},"3":{"start":{"line":57,"column":8},"end":{"line":57,"column":39}},"4":{"start":{"line":74,"column":8},"end":{"line":74,"column":81}},"5":{"start":{"line":75,"column":8},"end":{"line":75,"column":117}},"6":{"start":{"line":76,"column":8},"end":{"line":76,"column":88}},"7":{"start":{"line":89,"column":8},"end":{"line":89,"column":35}},"8":{"start":{"line":90,"column":8},"end":{"line":90,"column":107}},"9":{"start":{"line":101,"column":8},"end":{"line":101,"column":57}},"10":{"start":{"line":102,"column":8},"end":{"line":102,"column":69}},"11":{"start":{"line":103,"column":8},"end":{"line":103,"column":117}},"12":{"start":{"line":109,"column":8},"end":{"line":109,"column":96}},"13":{"start":{"line":113,"column":8},"end":{"line":113,"column":57}},"14":{"start":{"line":114,"column":8},"end":{"line":114,"column":69}},"15":{"start":{"line":116,"column":8},"end":{"line":116,"column":92}},"16":{"start":{"line":120,"column":8},"end":{"line":120,"column":57}},"17":{"start":{"line":121,"column":8},"end":{"line":121,"column":69}},"18":{"start":{"line":123,"column":8},"end":{"line":123,"column":41}},"19":{"start":{"line":127,"column":8},"end":{"line":127,"column":31}},"20":{"start":{"line":131,"column":8},"end":{"line":131,"column":33}},"21":{"start":{"line":137,"column":8},"end":{"line":137,"column":41}},"22":{"start":{"line":137,"column":33},"end":{"line":137,"column":41}},"23":{"start":{"line":138,"column":8},"end":{"line":138,"column":57}},"24":{"start":{"line":142,"column":8},"end":{"line":142,"column":48}},"25":{"start":{"line":144,"column":8},"end":{"line":144,"column":6347}},"26":{"start":{"line":145,"column":12},"end":{"line":145,"column":93}},"27":{"start":{"line":150,"column":12},"end":{"line":150,"column":86}},"28":{"start":{"line":151,"column":12},"end":{"line":151,"column":93}},"29":{"start":{"line":155,"column":8},"end":{"line":155,"column":7045}},"30":{"start":{"line":156,"column":12},"end":{"line":156,"column":7108}},"31":{"start":{"line":162,"column":8},"end":{"line":162,"column":58}},"32":{"start":{"line":163,"column":8},"end":{"line":163,"column":56}},"33":{"start":{"line":164,"column":8},"end":{"line":164,"column":25}},"34":{"start":{"line":178,"column":8},"end":{"line":178,"column":46}},"35":{"start":{"line":178,"column":33},"end":{"line":178,"column":46}},"36":{"start":{"line":179,"column":8},"end":{"line":179,"column":57}},"37":{"start":{"line":180,"column":8},"end":{"line":180,"column":48}},"38":{"start":{"line":182,"column":8},"end":{"line":182,"column":83}},"39":{"start":{"line":183,"column":8},"end":{"line":183,"column":51}},"40":{"start":{"line":185,"column":8},"end":{"line":185,"column":74}},"41":{"start":{"line":186,"column":8},"end":{"line":186,"column":49}},"42":{"start":{"line":188,"column":8},"end":{"line":188,"column":8414}},"43":{"start":{"line":201,"column":8},"end":{"line":201,"column":49}},"44":{"start":{"line":201,"column":33},"end":{"line":201,"column":49}},"45":{"start":{"line":202,"column":8},"end":{"line":202,"column":57}},"46":{"start":{"line":203,"column":8},"end":{"line":203,"column":48}},"47":{"start":{"line":205,"column":8},"end":{"line":205,"column":83}},"48":{"start":{"line":206,"column":8},"end":{"line":206,"column":51}},"49":{"start":{"line":208,"column":8},"end":{"line":208,"column":9230}},"50":{"start":{"line":212,"column":8},"end":{"line":212,"column":79}},"51":{"start":{"line":213,"column":8},"end":{"line":213,"column":59}},"52":{"start":{"line":220,"column":8},"end":{"line":220,"column":39}},"53":{"start":{"line":220,"column":33},"end":{"line":220,"column":39}},"54":{"start":{"line":221,"column":8},"end":{"line":221,"column":57}},"55":{"start":{"line":222,"column":8},"end":{"line":222,"column":48}},"56":{"start":{"line":224,"column":8},"end":{"line":224,"column":60}},"57":{"start":{"line":225,"column":8},"end":{"line":225,"column":9976}},"58":{"start":{"line":226,"column":12},"end":{"line":226,"column":74}},"59":{"start":{"line":227,"column":12},"end":{"line":227,"column":80}},"60":{"start":{"line":230,"column":8},"end":{"line":230,"column":46}},"61":{"start":{"line":234,"column":8},"end":{"line":234,"column":39}},"62":{"start":{"line":234,"column":33},"end":{"line":234,"column":39}},"63":{"start":{"line":237,"column":8},"end":{"line":237,"column":52}},"64":{"start":{"line":238,"column":8},"end":{"line":238,"column":10626}},"65":{"start":{"line":243,"column":8},"end":{"line":243,"column":49}}},"branchMap":{"1":{"line":55,"type":"if","locations":[{"start":{"line":55,"column":8},"end":{"line":55,"column":8}},{"start":{"line":55,"column":8},"end":{"line":55,"column":8}}]},"2":{"line":55,"type":"cond-expr","locations":[{"start":{"line":55,"column":12},"end":{"line":55,"column":30}},{"start":{"line":55,"column":35},"end":{"line":55,"column":65}}]},"3":{"line":73,"type":"if","locations":[{"start":{"line":73,"column":15},"end":{"line":73,"column":15}},{"start":{"line":73,"column":15},"end":{"line":73,"column":15}}]},"4":{"line":74,"type":"if","locations":[{"start":{"line":74,"column":8},"end":{"line":74,"column":8}},{"start":{"line":74,"column":8},"end":{"line":74,"column":8}}]},"5":{"line":74,"type":"cond-expr","locations":[{"start":{"line":74,"column":12},"end":{"line":74,"column":30}},{"start":{"line":74,"column":35},"end":{"line":74,"column":58}}]},"6":{"line":75,"type":"if","locations":[{"start":{"line":75,"column":8},"end":{"line":75,"column":8}},{"start":{"line":75,"column":8},"end":{"line":75,"column":8}}]},"7":{"line":75,"type":"cond-expr","locations":[{"start":{"line":75,"column":12},"end":{"line":75,"column":33}},{"start":{"line":75,"column":38},"end":{"line":75,"column":66}}]},"8":{"line":75,"type":"cond-expr","locations":[{"start":{"line":75,"column":12},"end":{"line":75,"column":66}},{"start":{"line":75,"column":71},"end":{"line":75,"column":91}}]},"9":{"line":76,"type":"if","locations":[{"start":{"line":76,"column":8},"end":{"line":76,"column":8}},{"start":{"line":76,"column":8},"end":{"line":76,"column":8}}]},"10":{"line":100,"type":"if","locations":[{"start":{"line":100,"column":15},"end":{"line":100,"column":15}},{"start":{"line":100,"column":15},"end":{"line":100,"column":15}}]},"11":{"line":102,"type":"if","locations":[{"start":{"line":102,"column":8},"end":{"line":102,"column":8}},{"start":{"line":102,"column":8},"end":{"line":102,"column":8}}]},"12":{"line":103,"type":"if","locations":[{"start":{"line":103,"column":8},"end":{"line":103,"column":8}},{"start":{"line":103,"column":8},"end":{"line":103,"column":8}}]},"13":{"line":103,"type":"cond-expr","locations":[{"start":{"line":103,"column":12},"end":{"line":103,"column":33}},{"start":{"line":103,"column":38},"end":{"line":103,"column":66}}]},"14":{"line":103,"type":"cond-expr","locations":[{"start":{"line":103,"column":12},"end":{"line":103,"column":66}},{"start":{"line":103,"column":71},"end":{"line":103,"column":91}}]},"15":{"line":112,"type":"if","locations":[{"start":{"line":112,"column":73},"end":{"line":112,"column":73}},{"start":{"line":112,"column":73},"end":{"line":112,"column":73}}]},"16":{"line":114,"type":"if","locations":[{"start":{"line":114,"column":8},"end":{"line":114,"column":8}},{"start":{"line":114,"column":8},"end":{"line":114,"column":8}}]},"17":{"line":119,"type":"if","locations":[{"start":{"line":119,"column":67},"end":{"line":119,"column":67}},{"start":{"line":119,"column":67},"end":{"line":119,"column":67}}]},"18":{"line":121,"type":"if","locations":[{"start":{"line":121,"column":8},"end":{"line":121,"column":8}},{"start":{"line":121,"column":8},"end":{"line":121,"column":8}}]},"19":{"line":137,"type":"if","locations":[{"start":{"line":137,"column":8},"end":{"line":137,"column":8}},{"start":{"line":137,"column":8},"end":{"line":137,"column":8}}]},"20":{"line":144,"type":"if","locations":[{"start":{"line":144,"column":8},"end":{"line":144,"column":8}},{"start":{"line":144,"column":8},"end":{"line":144,"column":8}}]},"21":{"line":155,"type":"if","locations":[{"start":{"line":155,"column":8},"end":{"line":155,"column":8}},{"start":{"line":155,"column":8},"end":{"line":155,"column":8}}]},"22":{"line":156,"type":"if","locations":[{"start":{"line":156,"column":12},"end":{"line":156,"column":12}},{"start":{"line":156,"column":12},"end":{"line":156,"column":12}}]},"23":{"line":162,"type":"if","locations":[{"start":{"line":162,"column":8},"end":{"line":162,"column":8}},{"start":{"line":162,"column":8},"end":{"line":162,"column":8}}]},"24":{"line":163,"type":"if","locations":[{"start":{"line":163,"column":8},"end":{"line":163,"column":8}},{"start":{"line":163,"column":8},"end":{"line":163,"column":8}}]},"25":{"line":178,"type":"if","locations":[{"start":{"line":178,"column":8},"end":{"line":178,"column":8}},{"start":{"line":178,"column":8},"end":{"line":178,"column":8}}]},"26":{"line":180,"type":"if","locations":[{"start":{"line":180,"column":8},"end":{"line":180,"column":8}},{"start":{"line":180,"column":8},"end":{"line":180,"column":8}}]},"27":{"line":183,"type":"if","locations":[{"start":{"line":183,"column":8},"end":{"line":183,"column":8}},{"start":{"line":183,"column":8},"end":{"line":183,"column":8}}]},"28":{"line":186,"type":"if","locations":[{"start":{"line":186,"column":8},"end":{"line":186,"column":8}},{"start":{"line":186,"column":8},"end":{"line":186,"column":8}}]},"29":{"line":189,"type":"if","locations":[{"start":{"line":189,"column":14},"end":{"line":189,"column":38}},{"start":{"line":190,"column":14},"end":{"line":190,"column":52}}]},"30":{"line":201,"type":"if","locations":[{"start":{"line":201,"column":8},"end":{"line":201,"column":8}},{"start":{"line":201,"column":8},"end":{"line":201,"column":8}}]},"31":{"line":203,"type":"if","locations":[{"start":{"line":203,"column":8},"end":{"line":203,"column":8}},{"start":{"line":203,"column":8},"end":{"line":203,"column":8}}]},"32":{"line":206,"type":"if","locations":[{"start":{"line":206,"column":8},"end":{"line":206,"column":8}},{"start":{"line":206,"column":8},"end":{"line":206,"column":8}}]},"33":{"line":209,"type":"if","locations":[{"start":{"line":209,"column":14},"end":{"line":209,"column":38}},{"start":{"line":210,"column":14},"end":{"line":210,"column":52}}]},"34":{"line":219,"type":"if","locations":[{"start":{"line":219,"column":70},"end":{"line":219,"column":70}},{"start":{"line":219,"column":70},"end":{"line":219,"column":70}}]},"35":{"line":220,"type":"if","locations":[{"start":{"line":220,"column":8},"end":{"line":220,"column":8}},{"start":{"line":220,"column":8},"end":{"line":220,"column":8}}]},"36":{"line":222,"type":"if","locations":[{"start":{"line":222,"column":8},"end":{"line":222,"column":8}},{"start":{"line":222,"column":8},"end":{"line":222,"column":8}}]},"37":{"line":225,"type":"if","locations":[{"start":{"line":225,"column":8},"end":{"line":225,"column":8}},{"start":{"line":225,"column":8},"end":{"line":225,"column":8}}]},"38":{"line":227,"type":"if","locations":[{"start":{"line":227,"column":12},"end":{"line":227,"column":12}},{"start":{"line":227,"column":12},"end":{"line":227,"column":12}}]},"39":{"line":233,"type":"if","locations":[{"start":{"line":233,"column":73},"end":{"line":233,"column":73}},{"start":{"line":233,"column":73},"end":{"line":233,"column":73}}]},"40":{"line":234,"type":"if","locations":[{"start":{"line":234,"column":8},"end":{"line":234,"column":8}},{"start":{"line":234,"column":8},"end":{"line":234,"column":8}}]},"41":{"line":238,"type":"if","locations":[{"start":{"line":238,"column":8},"end":{"line":238,"column":8}},{"start":{"line":238,"column":8},"end":{"line":238,"column":8}}]}}},"contracts\\core\\CopyRegistry.sol":{"l":{"112":1,"116":1,"117":1,"118":1,"127":0,"128":0,"129":0,"130":0,"138":0,"139":0,"140":0,"141":0,"146":0,"147":0,"148":0,"153":0,"163":15,"164":14,"165":1,"167":13,"168":13,"175":13,"177":13,"190":2,"191":2,"192":1,"193":0,"195":1,"196":1,"197":1,"199":1,"203":1,"204":1,"210":1,"214":1,"218":1,"219":1,"220":1,"221":1,"222":1,"227":0,"228":0,"230":0,"231":0,"232":0,"233":0,"234":0,"235":0,"236":0,"241":1,"242":1,"243":1,"244":1,"246":1,"247":1,"248":1,"252":1,"253":1,"257":1,"258":1,"259":1,"272":11,"273":10,"276":9,"277":2,"279":7,"283":7,"285":7,"291":7,"292":7,"296":7,"301":2,"305":1,"306":1,"309":1,"310":1,"311":1,"312":1,"313":1,"314":1,"315":1,"319":1,"320":1,"325":1,"334":2,"337":1,"338":0,"340":1,"342":1,"345":1,"359":5,"360":5,"361":4,"368":1,"369":1,"370":0,"377":1,"378":1,"379":1,"386":0,"387":0,"396":1,"398":1,"399":1,"400":2,"401":2,"404":2,"408":1,"409":1,"410":1,"411":2,"412":2,"415":2,"416":2},"path":"C:\\Users\\amir2\\Desktop\\realyx\\contracts\\core\\CopyRegistry.sol","s":{"1":1,"2":1,"3":1,"4":0,"5":0,"6":0,"7":0,"8":0,"9":0,"10":15,"11":14,"12":13,"13":2,"14":2,"15":1,"16":1,"17":1,"18":1,"19":1,"20":1,"21":1,"22":0,"23":0,"24":0,"25":0,"26":1,"27":1,"28":1,"29":1,"30":1,"31":1,"32":1,"33":1,"34":11,"35":10,"36":9,"37":7,"38":7,"39":7,"40":7,"41":2,"42":1,"43":1,"44":1,"45":1,"46":1,"47":1,"48":1,"49":1,"50":2,"51":1,"52":1,"53":5,"54":5,"55":4,"56":1,"57":1,"58":0,"59":1,"60":1,"61":1,"62":0,"63":0,"64":1,"65":1,"66":1,"67":2,"68":2,"69":1,"70":1,"71":2,"72":2},"b":{"1":[1,0],"2":[0,0],"3":[0,0],"4":[0,0],"5":[0,0],"6":[0,0],"7":[0,0],"8":[0,0],"9":[1,14],"10":[1,13],"11":[1,1],"12":[0,1],"13":[0,1],"14":[1,0],"15":[0,0],"16":[0,0],"17":[0,1],"18":[1,0],"19":[1,10],"20":[1,9],"21":[2,7],"22":[1,1],"23":[0,7],"24":[1,1],"25":[1,0],"26":[1,0],"27":[1,1],"28":[0,1],"29":[0,0],"30":[1,4],"31":[1,0],"32":[0,1],"33":[0,0],"34":[0,2],"35":[2,0],"36":[0,2],"37":[2,0]},"f":{"1":1,"2":1,"3":0,"4":0,"5":0,"6":0,"7":15,"8":2,"9":1,"10":0,"11":1,"12":11,"13":2,"14":2,"15":5,"16":1,"17":1,"18":0,"19":1},"fnMap":{"1":{"name":"constructor","line":111,"loc":{"start":{"line":111,"column":4},"end":{"line":113,"column":4}}},"2":{"name":"initialize","line":115,"loc":{"start":{"line":115,"column":4},"end":{"line":119,"column":4}}},"3":{"name":"_authorizeUpgrade","line":123,"loc":{"start":{"line":121,"column":4},"end":{"line":131,"column":4}}},"4":{"name":"proposeImplementation","line":137,"loc":{"start":{"line":137,"column":4},"end":{"line":142,"column":4}}},"5":{"name":"cancelPendingImplementation","line":145,"loc":{"start":{"line":145,"column":4},"end":{"line":149,"column":4}}},"6":{"name":"pendingImplementation","line":152,"loc":{"start":{"line":152,"column":4},"end":{"line":154,"column":4}}},"7":{"name":"registerAsLeadTrader","line":159,"loc":{"start":{"line":159,"column":4},"end":{"line":183,"column":4}}},"8":{"name":"updateLeadTrader","line":186,"loc":{"start":{"line":186,"column":4},"end":{"line":200,"column":4}}},"9":{"name":"deregisterAsLeadTrader","line":202,"loc":{"start":{"line":202,"column":4},"end":{"line":224,"column":4}}},"10":{"name":"deregisterChunk","line":226,"loc":{"start":{"line":226,"column":4},"end":{"line":238,"column":4}}},"11":{"name":"_deregisterChunk","line":240,"loc":{"start":{"line":240,"column":4},"end":{"line":262,"column":4}}},"12":{"name":"followTrader","line":267,"loc":{"start":{"line":267,"column":4},"end":{"line":297,"column":4}}},"13":{"name":"unfollowTrader","line":300,"loc":{"start":{"line":300,"column":4},"end":{"line":326,"column":4}}},"14":{"name":"updateCopierConfig","line":329,"loc":{"start":{"line":329,"column":4},"end":{"line":351,"column":4}}},"15":{"name":"getLeadTraderInfo","line":356,"loc":{"start":{"line":356,"column":4},"end":{"line":362,"column":4}}},"16":{"name":"getLeadTraderInfoById","line":365,"loc":{"start":{"line":365,"column":4},"end":{"line":371,"column":4}}},"17":{"name":"getCopiersOfLeadTrader","line":374,"loc":{"start":{"line":374,"column":4},"end":{"line":380,"column":4}}},"18":{"name":"getCopiersOfLeadTraderById","line":383,"loc":{"start":{"line":383,"column":4},"end":{"line":388,"column":4}}},"19":{"name":"getCopierFollowing","line":391,"loc":{"start":{"line":391,"column":4},"end":{"line":419,"column":4}}}},"statementMap":{"1":{"start":{"line":112,"column":8},"end":{"line":112,"column":29}},"2":{"start":{"line":116,"column":8},"end":{"line":116,"column":29}},"3":{"start":{"line":117,"column":8},"end":{"line":117,"column":31}},"4":{"start":{"line":127,"column":8},"end":{"line":127,"column":85}},"5":{"start":{"line":128,"column":8},"end":{"line":128,"column":113}},"6":{"start":{"line":138,"column":8},"end":{"line":138,"column":65}},"7":{"start":{"line":141,"column":8},"end":{"line":141,"column":77}},"8":{"start":{"line":146,"column":8},"end":{"line":146,"column":50}},"9":{"start":{"line":153,"column":8},"end":{"line":153,"column":52}},"10":{"start":{"line":163,"column":8},"end":{"line":163,"column":78}},"11":{"start":{"line":164,"column":8},"end":{"line":164,"column":5856}},"12":{"start":{"line":177,"column":8},"end":{"line":177,"column":6275}},"13":{"start":{"line":190,"column":8},"end":{"line":190,"column":60}},"14":{"start":{"line":191,"column":8},"end":{"line":191,"column":49}},"15":{"start":{"line":192,"column":8},"end":{"line":192,"column":6757}},"16":{"start":{"line":195,"column":8},"end":{"line":195,"column":60}},"17":{"start":{"line":199,"column":8},"end":{"line":199,"column":67}},"18":{"start":{"line":203,"column":8},"end":{"line":203,"column":60}},"19":{"start":{"line":204,"column":8},"end":{"line":204,"column":49}},"20":{"start":{"line":214,"column":8},"end":{"line":214,"column":62}},"21":{"start":{"line":218,"column":8},"end":{"line":218,"column":7874}},"22":{"start":{"line":227,"column":8},"end":{"line":227,"column":60}},"23":{"start":{"line":228,"column":8},"end":{"line":228,"column":49}},"24":{"start":{"line":231,"column":8},"end":{"line":231,"column":60}},"25":{"start":{"line":232,"column":8},"end":{"line":232,"column":8496}},"26":{"start":{"line":241,"column":8},"end":{"line":241,"column":66}},"27":{"start":{"line":242,"column":8},"end":{"line":242,"column":36}},"28":{"start":{"line":243,"column":8},"end":{"line":243,"column":67}},"29":{"start":{"line":244,"column":8},"end":{"line":244,"column":9045}},"30":{"start":{"line":246,"column":12},"end":{"line":246,"column":56}},"31":{"start":{"line":248,"column":12},"end":{"line":248,"column":24}},"32":{"start":{"line":252,"column":12},"end":{"line":252,"column":9483}},"33":{"start":{"line":257,"column":12},"end":{"line":257,"column":53}},"34":{"start":{"line":272,"column":8},"end":{"line":272,"column":74}},"35":{"start":{"line":273,"column":8},"end":{"line":273,"column":10147}},"36":{"start":{"line":276,"column":8},"end":{"line":276,"column":10264}},"37":{"start":{"line":279,"column":8},"end":{"line":279,"column":60}},"38":{"start":{"line":283,"column":8},"end":{"line":283,"column":65}},"39":{"start":{"line":291,"column":8},"end":{"line":291,"column":54}},"40":{"start":{"line":296,"column":8},"end":{"line":296,"column":79}},"41":{"start":{"line":301,"column":8},"end":{"line":301,"column":11285}},"42":{"start":{"line":305,"column":8},"end":{"line":305,"column":60}},"43":{"start":{"line":309,"column":8},"end":{"line":309,"column":62}},"44":{"start":{"line":310,"column":8},"end":{"line":310,"column":32}},"45":{"start":{"line":311,"column":8},"end":{"line":311,"column":11664}},"46":{"start":{"line":312,"column":12},"end":{"line":312,"column":11716}},"47":{"start":{"line":314,"column":16},"end":{"line":314,"column":24}},"48":{"start":{"line":319,"column":8},"end":{"line":319,"column":11862}},"49":{"start":{"line":325,"column":8},"end":{"line":325,"column":53}},"50":{"start":{"line":334,"column":8},"end":{"line":334,"column":12329}},"51":{"start":{"line":337,"column":8},"end":{"line":337,"column":12447}},"52":{"start":{"line":345,"column":8},"end":{"line":345,"column":12695}},"53":{"start":{"line":359,"column":8},"end":{"line":359,"column":56}},"54":{"start":{"line":360,"column":8},"end":{"line":360,"column":49}},"55":{"start":{"line":361,"column":8},"end":{"line":361,"column":37}},"56":{"start":{"line":368,"column":8},"end":{"line":368,"column":63}},"57":{"start":{"line":369,"column":8},"end":{"line":369,"column":61}},"58":{"start":{"line":370,"column":8},"end":{"line":370,"column":19}},"59":{"start":{"line":377,"column":8},"end":{"line":377,"column":60}},"60":{"start":{"line":378,"column":8},"end":{"line":378,"column":49}},"61":{"start":{"line":379,"column":8},"end":{"line":379,"column":45}},"62":{"start":{"line":386,"column":8},"end":{"line":386,"column":68}},"63":{"start":{"line":387,"column":8},"end":{"line":387,"column":49}},"64":{"start":{"line":396,"column":8},"end":{"line":396,"column":40}},"65":{"start":{"line":398,"column":8},"end":{"line":398,"column":25}},"66":{"start":{"line":399,"column":8},"end":{"line":399,"column":14562}},"67":{"start":{"line":400,"column":12},"end":{"line":400,"column":62}},"68":{"start":{"line":401,"column":12},"end":{"line":401,"column":14680}},"69":{"start":{"line":409,"column":8},"end":{"line":409,"column":19}},"70":{"start":{"line":410,"column":8},"end":{"line":410,"column":14931}},"71":{"start":{"line":411,"column":12},"end":{"line":411,"column":62}},"72":{"start":{"line":412,"column":12},"end":{"line":412,"column":15049}}},"branchMap":{"1":{"line":115,"type":"if","locations":[{"start":{"line":115,"column":47},"end":{"line":115,"column":47}},{"start":{"line":115,"column":47},"end":{"line":115,"column":47}}]},"2":{"line":123,"type":"if","locations":[{"start":{"line":123,"column":24},"end":{"line":123,"column":24}},{"start":{"line":123,"column":24},"end":{"line":123,"column":24}}]},"3":{"line":127,"type":"if","locations":[{"start":{"line":127,"column":8},"end":{"line":127,"column":8}},{"start":{"line":127,"column":8},"end":{"line":127,"column":8}}]},"4":{"line":128,"type":"if","locations":[{"start":{"line":128,"column":8},"end":{"line":128,"column":8}},{"start":{"line":128,"column":8},"end":{"line":128,"column":8}}]},"5":{"line":128,"type":"cond-expr","locations":[{"start":{"line":128,"column":12},"end":{"line":128,"column":37}},{"start":{"line":128,"column":42},"end":{"line":128,"column":80}}]},"6":{"line":137,"type":"if","locations":[{"start":{"line":137,"column":71},"end":{"line":137,"column":71}},{"start":{"line":137,"column":71},"end":{"line":137,"column":71}}]},"7":{"line":138,"type":"if","locations":[{"start":{"line":138,"column":8},"end":{"line":138,"column":8}},{"start":{"line":138,"column":8},"end":{"line":138,"column":8}}]},"8":{"line":145,"type":"if","locations":[{"start":{"line":145,"column":52},"end":{"line":145,"column":52}},{"start":{"line":145,"column":52},"end":{"line":145,"column":52}}]},"9":{"line":163,"type":"if","locations":[{"start":{"line":163,"column":8},"end":{"line":163,"column":8}},{"start":{"line":163,"column":8},"end":{"line":163,"column":8}}]},"10":{"line":164,"type":"if","locations":[{"start":{"line":164,"column":8},"end":{"line":164,"column":8}},{"start":{"line":164,"column":8},"end":{"line":164,"column":8}}]},"11":{"line":191,"type":"if","locations":[{"start":{"line":191,"column":8},"end":{"line":191,"column":8}},{"start":{"line":191,"column":8},"end":{"line":191,"column":8}}]},"12":{"line":192,"type":"if","locations":[{"start":{"line":192,"column":8},"end":{"line":192,"column":8}},{"start":{"line":192,"column":8},"end":{"line":192,"column":8}}]},"13":{"line":204,"type":"if","locations":[{"start":{"line":204,"column":8},"end":{"line":204,"column":8}},{"start":{"line":204,"column":8},"end":{"line":204,"column":8}}]},"14":{"line":218,"type":"if","locations":[{"start":{"line":218,"column":8},"end":{"line":218,"column":8}},{"start":{"line":218,"column":8},"end":{"line":218,"column":8}}]},"15":{"line":228,"type":"if","locations":[{"start":{"line":228,"column":8},"end":{"line":228,"column":8}},{"start":{"line":228,"column":8},"end":{"line":228,"column":8}}]},"16":{"line":232,"type":"if","locations":[{"start":{"line":232,"column":8},"end":{"line":232,"column":8}},{"start":{"line":232,"column":8},"end":{"line":232,"column":8}}]},"17":{"line":243,"type":"if","locations":[{"start":{"line":243,"column":48},"end":{"line":243,"column":60}},{"start":{"line":243,"column":64},"end":{"line":243,"column":66}}]},"18":{"line":252,"type":"if","locations":[{"start":{"line":252,"column":12},"end":{"line":252,"column":12}},{"start":{"line":252,"column":12},"end":{"line":252,"column":12}}]},"19":{"line":272,"type":"if","locations":[{"start":{"line":272,"column":8},"end":{"line":272,"column":8}},{"start":{"line":272,"column":8},"end":{"line":272,"column":8}}]},"20":{"line":273,"type":"if","locations":[{"start":{"line":273,"column":8},"end":{"line":273,"column":8}},{"start":{"line":273,"column":8},"end":{"line":273,"column":8}}]},"21":{"line":276,"type":"if","locations":[{"start":{"line":276,"column":8},"end":{"line":276,"column":8}},{"start":{"line":276,"column":8},"end":{"line":276,"column":8}}]},"22":{"line":276,"type":"cond-expr","locations":[{"start":{"line":276,"column":12},"end":{"line":276,"column":27}},{"start":{"line":276,"column":32},"end":{"line":276,"column":48}}]},"23":{"line":283,"type":"if","locations":[{"start":{"line":283,"column":8},"end":{"line":283,"column":8}},{"start":{"line":283,"column":8},"end":{"line":283,"column":8}}]},"24":{"line":301,"type":"if","locations":[{"start":{"line":301,"column":8},"end":{"line":301,"column":8}},{"start":{"line":301,"column":8},"end":{"line":301,"column":8}}]},"25":{"line":312,"type":"if","locations":[{"start":{"line":312,"column":12},"end":{"line":312,"column":12}},{"start":{"line":312,"column":12},"end":{"line":312,"column":12}}]},"26":{"line":319,"type":"if","locations":[{"start":{"line":319,"column":8},"end":{"line":319,"column":8}},{"start":{"line":319,"column":8},"end":{"line":319,"column":8}}]},"27":{"line":334,"type":"if","locations":[{"start":{"line":334,"column":8},"end":{"line":334,"column":8}},{"start":{"line":334,"column":8},"end":{"line":334,"column":8}}]},"28":{"line":337,"type":"if","locations":[{"start":{"line":337,"column":8},"end":{"line":337,"column":8}},{"start":{"line":337,"column":8},"end":{"line":337,"column":8}}]},"29":{"line":337,"type":"cond-expr","locations":[{"start":{"line":337,"column":12},"end":{"line":337,"column":27}},{"start":{"line":337,"column":32},"end":{"line":337,"column":48}}]},"30":{"line":360,"type":"if","locations":[{"start":{"line":360,"column":8},"end":{"line":360,"column":8}},{"start":{"line":360,"column":8},"end":{"line":360,"column":8}}]},"31":{"line":369,"type":"if","locations":[{"start":{"line":369,"column":8},"end":{"line":369,"column":8}},{"start":{"line":369,"column":8},"end":{"line":369,"column":8}}]},"32":{"line":378,"type":"if","locations":[{"start":{"line":378,"column":8},"end":{"line":378,"column":8}},{"start":{"line":378,"column":8},"end":{"line":378,"column":8}}]},"33":{"line":386,"type":"if","locations":[{"start":{"line":386,"column":8},"end":{"line":386,"column":8}},{"start":{"line":386,"column":8},"end":{"line":386,"column":8}}]},"34":{"line":400,"type":"if","locations":[{"start":{"line":400,"column":12},"end":{"line":400,"column":12}},{"start":{"line":400,"column":12},"end":{"line":400,"column":12}}]},"35":{"line":401,"type":"if","locations":[{"start":{"line":401,"column":12},"end":{"line":401,"column":12}},{"start":{"line":401,"column":12},"end":{"line":401,"column":12}}]},"36":{"line":411,"type":"if","locations":[{"start":{"line":411,"column":12},"end":{"line":411,"column":12}},{"start":{"line":411,"column":12},"end":{"line":411,"column":12}}]},"37":{"line":412,"type":"if","locations":[{"start":{"line":412,"column":12},"end":{"line":412,"column":12}},{"start":{"line":412,"column":12},"end":{"line":412,"column":12}}]}}},"contracts\\core\\DividendManager.sol":{"l":{"53":9,"54":9,"56":9,"57":9,"64":0,"65":0,"66":0,"67":0,"72":2,"73":1,"74":1,"75":1,"80":1,"81":1,"82":1,"87":0,"91":13,"92":12,"93":12,"94":1,"96":12,"97":12,"104":8,"105":7,"107":6,"108":6,"112":44,"122":23,"125":23,"127":22,"128":19,"131":3,"132":3,"133":3,"134":3,"136":3,"137":3,"138":2,"140":1,"142":3,"145":3,"154":3,"155":3,"157":2,"158":2,"159":2,"161":2},"path":"C:\\Users\\amir2\\Desktop\\realyx\\contracts\\core\\DividendManager.sol","s":{"1":9,"2":9,"3":9,"4":9,"5":0,"6":0,"7":2,"8":1,"9":1,"10":0,"11":13,"12":12,"13":12,"14":1,"15":12,"16":8,"17":7,"18":6,"19":44,"20":23,"21":23,"22":22,"23":19,"24":3,"25":3,"26":3,"27":3,"28":3,"29":3,"30":3,"31":3,"32":3,"33":3,"34":1,"35":2,"36":2,"37":0,"38":2,"39":2,"40":1,"41":1},"b":{"1":[9,0],"2":[0,0],"3":[0,0],"4":[0,0],"5":[0,0],"6":[2,0],"7":[1,1],"8":[1,0],"9":[13,0],"10":[1,12],"11":[1,11],"12":[8,1],"13":[1,7],"14":[1,6],"15":[23,1],"16":[1,22],"17":[19,3],"18":[0,3],"19":[0,3],"20":[3,0],"21":[2,1],"22":[1,2],"23":[0,2],"24":[1,1]},"f":{"1":9,"2":0,"3":2,"4":1,"5":0,"6":13,"7":8,"8":44,"9":23,"10":3},"fnMap":{"1":{"name":"initialize","line":52,"loc":{"start":{"line":52,"column":4},"end":{"line":58,"column":4}}},"2":{"name":"_authorizeUpgrade","line":60,"loc":{"start":{"line":60,"column":4},"end":{"line":68,"column":4}}},"3":{"name":"proposeImplementation","line":71,"loc":{"start":{"line":71,"column":4},"end":{"line":76,"column":4}}},"4":{"name":"cancelPendingImplementation","line":79,"loc":{"start":{"line":79,"column":4},"end":{"line":83,"column":4}}},"5":{"name":"pendingImplementation","line":86,"loc":{"start":{"line":86,"column":4},"end":{"line":88,"column":4}}},"6":{"name":"setTradingCore","line":90,"loc":{"start":{"line":90,"column":4},"end":{"line":98,"column":4}}},"7":{"name":"distributeDividend","line":100,"loc":{"start":{"line":100,"column":4},"end":{"line":109,"column":4}}},"8":{"name":"getDividendIndex","line":111,"loc":{"start":{"line":111,"column":4},"end":{"line":113,"column":4}}},"9":{"name":"settleDividends","line":121,"loc":{"start":{"line":115,"column":4},"end":{"line":146,"column":4}}},"10":{"name":"getUnsettledDividends","line":148,"loc":{"start":{"line":148,"column":4},"end":{"line":163,"column":4}}}},"statementMap":{"1":{"start":{"line":53,"column":8},"end":{"line":53,"column":29}},"2":{"start":{"line":54,"column":8},"end":{"line":54,"column":31}},"3":{"start":{"line":56,"column":8},"end":{"line":56,"column":44}},"4":{"start":{"line":57,"column":8},"end":{"line":57,"column":38}},"5":{"start":{"line":64,"column":8},"end":{"line":64,"column":85}},"6":{"start":{"line":65,"column":8},"end":{"line":65,"column":113}},"7":{"start":{"line":72,"column":8},"end":{"line":72,"column":65}},"8":{"start":{"line":75,"column":8},"end":{"line":75,"column":77}},"9":{"start":{"line":80,"column":8},"end":{"line":80,"column":50}},"10":{"start":{"line":87,"column":8},"end":{"line":87,"column":52}},"11":{"start":{"line":91,"column":8},"end":{"line":91,"column":69}},"12":{"start":{"line":92,"column":8},"end":{"line":92,"column":38}},"13":{"start":{"line":93,"column":8},"end":{"line":93,"column":4376}},"14":{"start":{"line":94,"column":12},"end":{"line":94,"column":51}},"15":{"start":{"line":97,"column":8},"end":{"line":97,"column":50}},"16":{"start":{"line":104,"column":8},"end":{"line":104,"column":78}},"17":{"start":{"line":105,"column":8},"end":{"line":105,"column":78}},"18":{"start":{"line":108,"column":8},"end":{"line":108,"column":102}},"19":{"start":{"line":112,"column":8},"end":{"line":112,"column":40}},"20":{"start":{"line":122,"column":8},"end":{"line":122,"column":56}},"21":{"start":{"line":125,"column":8},"end":{"line":125,"column":65}},"22":{"start":{"line":127,"column":8},"end":{"line":127,"column":5830}},"23":{"start":{"line":128,"column":12},"end":{"line":128,"column":36}},"24":{"start":{"line":131,"column":8},"end":{"line":131,"column":53}},"25":{"start":{"line":132,"column":8},"end":{"line":132,"column":71}},"26":{"start":{"line":133,"column":8},"end":{"line":133,"column":104}},"27":{"start":{"line":134,"column":8},"end":{"line":134,"column":63}},"28":{"start":{"line":136,"column":8},"end":{"line":136,"column":6220}},"29":{"start":{"line":137,"column":12},"end":{"line":137,"column":6253}},"30":{"start":{"line":142,"column":12},"end":{"line":142,"column":74}},"31":{"start":{"line":145,"column":8},"end":{"line":145,"column":45}},"32":{"start":{"line":154,"column":8},"end":{"line":154,"column":56}},"33":{"start":{"line":155,"column":8},"end":{"line":155,"column":47}},"34":{"start":{"line":155,"column":39},"end":{"line":155,"column":47}},"35":{"start":{"line":157,"column":8},"end":{"line":157,"column":53}},"36":{"start":{"line":158,"column":8},"end":{"line":158,"column":87}},"37":{"start":{"line":158,"column":79},"end":{"line":158,"column":87}},"38":{"start":{"line":159,"column":8},"end":{"line":159,"column":63}},"39":{"start":{"line":161,"column":8},"end":{"line":161,"column":7083}},"40":{"start":{"line":161,"column":20},"end":{"line":161,"column":40}},"41":{"start":{"line":162,"column":13},"end":{"line":162,"column":34}}},"branchMap":{"1":{"line":52,"type":"if","locations":[{"start":{"line":52,"column":46},"end":{"line":52,"column":46}},{"start":{"line":52,"column":46},"end":{"line":52,"column":46}}]},"2":{"line":60,"type":"if","locations":[{"start":{"line":60,"column":76},"end":{"line":60,"column":76}},{"start":{"line":60,"column":76},"end":{"line":60,"column":76}}]},"3":{"line":64,"type":"if","locations":[{"start":{"line":64,"column":8},"end":{"line":64,"column":8}},{"start":{"line":64,"column":8},"end":{"line":64,"column":8}}]},"4":{"line":65,"type":"if","locations":[{"start":{"line":65,"column":8},"end":{"line":65,"column":8}},{"start":{"line":65,"column":8},"end":{"line":65,"column":8}}]},"5":{"line":65,"type":"cond-expr","locations":[{"start":{"line":65,"column":12},"end":{"line":65,"column":37}},{"start":{"line":65,"column":42},"end":{"line":65,"column":80}}]},"6":{"line":71,"type":"if","locations":[{"start":{"line":71,"column":71},"end":{"line":71,"column":71}},{"start":{"line":71,"column":71},"end":{"line":71,"column":71}}]},"7":{"line":72,"type":"if","locations":[{"start":{"line":72,"column":8},"end":{"line":72,"column":8}},{"start":{"line":72,"column":8},"end":{"line":72,"column":8}}]},"8":{"line":79,"type":"if","locations":[{"start":{"line":79,"column":52},"end":{"line":79,"column":52}},{"start":{"line":79,"column":52},"end":{"line":79,"column":52}}]},"9":{"line":90,"type":"if","locations":[{"start":{"line":90,"column":59},"end":{"line":90,"column":59}},{"start":{"line":90,"column":59},"end":{"line":90,"column":59}}]},"10":{"line":91,"type":"if","locations":[{"start":{"line":91,"column":8},"end":{"line":91,"column":8}},{"start":{"line":91,"column":8},"end":{"line":91,"column":8}}]},"11":{"line":93,"type":"if","locations":[{"start":{"line":93,"column":8},"end":{"line":93,"column":8}},{"start":{"line":93,"column":8},"end":{"line":93,"column":8}}]},"12":{"line":100,"type":"if","locations":[{"start":{"line":100,"column":91},"end":{"line":100,"column":91}},{"start":{"line":100,"column":91},"end":{"line":100,"column":91}}]},"13":{"line":104,"type":"if","locations":[{"start":{"line":104,"column":8},"end":{"line":104,"column":8}},{"start":{"line":104,"column":8},"end":{"line":104,"column":8}}]},"14":{"line":105,"type":"if","locations":[{"start":{"line":105,"column":8},"end":{"line":105,"column":8}},{"start":{"line":105,"column":8},"end":{"line":105,"column":8}}]},"15":{"line":121,"type":"if","locations":[{"start":{"line":121,"column":24},"end":{"line":121,"column":24}},{"start":{"line":121,"column":24},"end":{"line":121,"column":24}}]},"16":{"line":125,"type":"if","locations":[{"start":{"line":125,"column":8},"end":{"line":125,"column":8}},{"start":{"line":125,"column":8},"end":{"line":125,"column":8}}]},"17":{"line":127,"type":"if","locations":[{"start":{"line":127,"column":8},"end":{"line":127,"column":8}},{"start":{"line":127,"column":8},"end":{"line":127,"column":8}}]},"18":{"line":132,"type":"if","locations":[{"start":{"line":132,"column":8},"end":{"line":132,"column":8}},{"start":{"line":132,"column":8},"end":{"line":132,"column":8}}]},"19":{"line":133,"type":"if","locations":[{"start":{"line":133,"column":8},"end":{"line":133,"column":8}},{"start":{"line":133,"column":8},"end":{"line":133,"column":8}}]},"20":{"line":136,"type":"if","locations":[{"start":{"line":136,"column":8},"end":{"line":136,"column":8}},{"start":{"line":136,"column":8},"end":{"line":136,"column":8}}]},"21":{"line":137,"type":"if","locations":[{"start":{"line":137,"column":12},"end":{"line":137,"column":12}},{"start":{"line":137,"column":12},"end":{"line":137,"column":12}}]},"22":{"line":155,"type":"if","locations":[{"start":{"line":155,"column":8},"end":{"line":155,"column":8}},{"start":{"line":155,"column":8},"end":{"line":155,"column":8}}]},"23":{"line":158,"type":"if","locations":[{"start":{"line":158,"column":8},"end":{"line":158,"column":8}},{"start":{"line":158,"column":8},"end":{"line":158,"column":8}}]},"24":{"line":161,"type":"if","locations":[{"start":{"line":161,"column":8},"end":{"line":161,"column":8}},{"start":{"line":161,"column":8},"end":{"line":161,"column":8}}]}}},"contracts\\core\\MarketCalendar.sol":{"l":{"60":8,"61":8,"63":8,"64":8,"72":0,"73":0,"74":0,"75":0,"80":2,"81":1,"82":1,"83":1,"88":1,"89":1,"90":1,"95":2,"105":17,"106":16,"108":15,"110":13,"118":13,"119":9,"120":9,"122":9,"123":9,"125":4,"126":4,"130":13,"134":6,"135":5,"141":5,"142":5,"143":5,"144":5,"145":25,"146":4,"147":4,"150":5,"155":1,"156":1,"161":225,"165":231,"171":231,"172":230,"174":6,"176":5,"177":5,"178":5,"180":5,"181":5,"183":5,"185":4,"186":4,"188":3,"189":3,"191":3,"195":7,"196":7,"197":7,"198":7,"199":7,"200":7,"201":7,"202":7,"203":7,"204":7,"206":7,"210":4,"211":4,"213":2,"216":2,"217":2,"218":4,"219":2,"220":2,"223":2,"225":2,"226":2,"227":2,"228":2,"229":2,"231":2,"232":3,"233":3,"234":3,"235":3,"236":3,"237":3,"238":3,"240":3,"241":1,"242":1,"244":2,"245":1,"246":1,"248":1,"249":1,"251":0,"253":0},"path":"C:\\Users\\amir2\\Desktop\\realyx\\contracts\\core\\MarketCalendar.sol","s":{"1":8,"2":8,"3":8,"4":8,"5":0,"6":0,"7":2,"8":1,"9":1,"10":2,"11":17,"12":16,"13":15,"14":13,"15":9,"16":4,"17":13,"18":6,"19":5,"20":5,"21":5,"22":5,"23":25,"24":5,"25":1,"26":1,"27":0,"28":225,"29":231,"30":231,"31":1,"32":230,"33":224,"34":6,"35":5,"36":5,"37":0,"38":5,"39":5,"40":5,"41":5,"42":1,"43":4,"44":4,"45":1,"46":3,"47":3,"48":3,"49":7,"50":7,"51":7,"52":7,"53":7,"54":7,"55":7,"56":7,"57":7,"58":7,"59":7,"60":4,"61":4,"62":2,"63":2,"64":2,"65":2,"66":4,"67":2,"68":2,"69":2,"70":2,"71":0,"72":2,"73":2,"74":2,"75":3,"76":3,"77":3,"78":3,"79":3,"80":3,"81":3,"82":3,"83":2,"84":1,"85":1,"86":1,"87":1},"b":{"1":[8,0],"2":[0,0],"3":[0,0],"4":[0,0],"5":[0,0],"6":[2,0],"7":[1,1],"8":[1,0],"9":[17,1],"10":[1,16],"11":[1,0],"12":[1,15],"13":[2,13],"14":[1,1],"15":[9,4],"16":[6,0],"17":[1,5],"18":[5,0],"19":[4,21],"20":[1,4],"21":[1,0],"22":[1,0],"23":[1,230],"24":[224,6],"25":[1,5],"26":[0,5],"27":[1,4],"28":[1,3],"29":[7,0],"30":[0,7],"31":[2,2],"32":[1,1],"33":[0,2],"34":[2,2],"35":[0,2],"36":[0,2],"37":[1,2],"38":[1,0],"39":[1,1],"40":[1,0]},"f":{"1":8,"2":0,"3":2,"4":1,"5":2,"6":17,"7":6,"8":1,"9":225,"10":231,"11":7,"12":4},"fnMap":{"1":{"name":"initialize","line":59,"loc":{"start":{"line":59,"column":4},"end":{"line":65,"column":4}}},"2":{"name":"_authorizeUpgrade","line":67,"loc":{"start":{"line":67,"column":4},"end":{"line":76,"column":4}}},"3":{"name":"proposeImplementation","line":79,"loc":{"start":{"line":79,"column":4},"end":{"line":84,"column":4}}},"4":{"name":"cancelPendingImplementation","line":87,"loc":{"start":{"line":87,"column":4},"end":{"line":91,"column":4}}},"5":{"name":"pendingImplementation","line":94,"loc":{"start":{"line":94,"column":4},"end":{"line":96,"column":4}}},"6":{"name":"setMarketConfig","line":104,"loc":{"start":{"line":98,"column":4},"end":{"line":131,"column":4}}},"7":{"name":"setTradingDay","line":133,"loc":{"start":{"line":133,"column":4},"end":{"line":152,"column":4}}},"8":{"name":"setHoliday","line":154,"loc":{"start":{"line":154,"column":4},"end":{"line":158,"column":4}}},"9":{"name":"isMarketOpen","line":160,"loc":{"start":{"line":160,"column":4},"end":{"line":162,"column":4}}},"10":{"name":"isMarketOpen","line":164,"loc":{"start":{"line":164,"column":4},"end":{"line":192,"column":4}}},"11":{"name":"_timestampToDate","line":194,"loc":{"start":{"line":194,"column":4},"end":{"line":207,"column":4}}},"12":{"name":"getNextOpenTime","line":209,"loc":{"start":{"line":209,"column":4},"end":{"line":254,"column":4}}}},"statementMap":{"1":{"start":{"line":60,"column":8},"end":{"line":60,"column":29}},"2":{"start":{"line":61,"column":8},"end":{"line":61,"column":31}},"3":{"start":{"line":63,"column":8},"end":{"line":63,"column":44}},"4":{"start":{"line":64,"column":8},"end":{"line":64,"column":38}},"5":{"start":{"line":72,"column":8},"end":{"line":72,"column":85}},"6":{"start":{"line":73,"column":8},"end":{"line":73,"column":113}},"7":{"start":{"line":80,"column":8},"end":{"line":80,"column":65}},"8":{"start":{"line":83,"column":8},"end":{"line":83,"column":77}},"9":{"start":{"line":88,"column":8},"end":{"line":88,"column":50}},"10":{"start":{"line":95,"column":8},"end":{"line":95,"column":52}},"11":{"start":{"line":105,"column":8},"end":{"line":105,"column":71}},"12":{"start":{"line":106,"column":8},"end":{"line":106,"column":76}},"13":{"start":{"line":108,"column":8},"end":{"line":108,"column":79}},"14":{"start":{"line":118,"column":8},"end":{"line":118,"column":4962}},"15":{"start":{"line":119,"column":12},"end":{"line":119,"column":4993}},"16":{"start":{"line":125,"column":12},"end":{"line":125,"column":5210}},"17":{"start":{"line":130,"column":8},"end":{"line":130,"column":74}},"18":{"start":{"line":134,"column":8},"end":{"line":134,"column":46}},"19":{"start":{"line":141,"column":8},"end":{"line":141,"column":57}},"20":{"start":{"line":142,"column":8},"end":{"line":142,"column":6039}},"21":{"start":{"line":143,"column":12},"end":{"line":143,"column":24}},"22":{"start":{"line":144,"column":12},"end":{"line":144,"column":6100}},"23":{"start":{"line":145,"column":16},"end":{"line":145,"column":6153}},"24":{"start":{"line":150,"column":12},"end":{"line":150,"column":48}},"25":{"start":{"line":156,"column":8},"end":{"line":156,"column":6569}},"26":{"start":{"line":156,"column":23},"end":{"line":156,"column":64}},"27":{"start":{"line":157,"column":13},"end":{"line":157,"column":56}},"28":{"start":{"line":161,"column":8},"end":{"line":161,"column":54}},"29":{"start":{"line":165,"column":8},"end":{"line":165,"column":60}},"30":{"start":{"line":171,"column":8},"end":{"line":171,"column":40}},"31":{"start":{"line":171,"column":28},"end":{"line":171,"column":40}},"32":{"start":{"line":172,"column":8},"end":{"line":172,"column":38}},"33":{"start":{"line":172,"column":27},"end":{"line":172,"column":38}},"34":{"start":{"line":174,"column":8},"end":{"line":174,"column":73}},"35":{"start":{"line":176,"column":8},"end":{"line":176,"column":86}},"36":{"start":{"line":177,"column":8},"end":{"line":177,"column":42}},"37":{"start":{"line":177,"column":30},"end":{"line":177,"column":42}},"38":{"start":{"line":178,"column":8},"end":{"line":178,"column":47}},"39":{"start":{"line":180,"column":8},"end":{"line":180,"column":48}},"40":{"start":{"line":181,"column":8},"end":{"line":181,"column":57}},"41":{"start":{"line":183,"column":8},"end":{"line":183,"column":59}},"42":{"start":{"line":183,"column":47},"end":{"line":183,"column":59}},"43":{"start":{"line":185,"column":8},"end":{"line":185,"column":48}},"44":{"start":{"line":186,"column":8},"end":{"line":186,"column":50}},"45":{"start":{"line":186,"column":38},"end":{"line":186,"column":50}},"46":{"start":{"line":188,"column":8},"end":{"line":188,"column":46}},"47":{"start":{"line":189,"column":8},"end":{"line":189,"column":48}},"48":{"start":{"line":191,"column":8},"end":{"line":191,"column":81}},"49":{"start":{"line":195,"column":8},"end":{"line":195,"column":46}},"50":{"start":{"line":196,"column":8},"end":{"line":196,"column":56}},"51":{"start":{"line":197,"column":8},"end":{"line":197,"column":63}},"52":{"start":{"line":198,"column":8},"end":{"line":198,"column":75}},"53":{"start":{"line":199,"column":8},"end":{"line":199,"column":60}},"54":{"start":{"line":200,"column":8},"end":{"line":200,"column":61}},"55":{"start":{"line":201,"column":8},"end":{"line":201,"column":40}},"56":{"start":{"line":202,"column":8},"end":{"line":202,"column":48}},"57":{"start":{"line":203,"column":8},"end":{"line":203,"column":45}},"58":{"start":{"line":204,"column":8},"end":{"line":204,"column":50}},"59":{"start":{"line":206,"column":8},"end":{"line":206,"column":50}},"60":{"start":{"line":210,"column":8},"end":{"line":210,"column":60}},"61":{"start":{"line":211,"column":8},"end":{"line":211,"column":65}},"62":{"start":{"line":211,"column":45},"end":{"line":211,"column":65}},"63":{"start":{"line":213,"column":8},"end":{"line":213,"column":77}},"64":{"start":{"line":216,"column":8},"end":{"line":216,"column":20}},"65":{"start":{"line":217,"column":8},"end":{"line":217,"column":9459}},"66":{"start":{"line":218,"column":12},"end":{"line":218,"column":9508}},"67":{"start":{"line":223,"column":8},"end":{"line":223,"column":44}},"68":{"start":{"line":225,"column":8},"end":{"line":225,"column":65}},"69":{"start":{"line":226,"column":8},"end":{"line":226,"column":63}},"70":{"start":{"line":227,"column":8},"end":{"line":227,"column":46}},"71":{"start":{"line":227,"column":26},"end":{"line":227,"column":46}},"72":{"start":{"line":228,"column":8},"end":{"line":228,"column":43}},"73":{"start":{"line":229,"column":8},"end":{"line":229,"column":35}},"74":{"start":{"line":231,"column":8},"end":{"line":231,"column":9933}},"75":{"start":{"line":232,"column":12},"end":{"line":232,"column":52}},"76":{"start":{"line":233,"column":12},"end":{"line":233,"column":61}},"77":{"start":{"line":234,"column":12},"end":{"line":234,"column":52}},"78":{"start":{"line":235,"column":12},"end":{"line":235,"column":50}},"79":{"start":{"line":236,"column":12},"end":{"line":236,"column":52}},"80":{"start":{"line":237,"column":12},"end":{"line":237,"column":68}},"81":{"start":{"line":238,"column":12},"end":{"line":238,"column":70}},"82":{"start":{"line":240,"column":12},"end":{"line":240,"column":10442}},"83":{"start":{"line":244,"column":12},"end":{"line":244,"column":10622}},"84":{"start":{"line":245,"column":16},"end":{"line":245,"column":80}},"85":{"start":{"line":246,"column":16},"end":{"line":246,"column":65}},"86":{"start":{"line":248,"column":12},"end":{"line":248,"column":10835}},"87":{"start":{"line":249,"column":16},"end":{"line":249,"column":36}}},"branchMap":{"1":{"line":59,"type":"if","locations":[{"start":{"line":59,"column":46},"end":{"line":59,"column":46}},{"start":{"line":59,"column":46},"end":{"line":59,"column":46}}]},"2":{"line":67,"type":"if","locations":[{"start":{"line":67,"column":76},"end":{"line":67,"column":76}},{"start":{"line":67,"column":76},"end":{"line":67,"column":76}}]},"3":{"line":72,"type":"if","locations":[{"start":{"line":72,"column":8},"end":{"line":72,"column":8}},{"start":{"line":72,"column":8},"end":{"line":72,"column":8}}]},"4":{"line":73,"type":"if","locations":[{"start":{"line":73,"column":8},"end":{"line":73,"column":8}},{"start":{"line":73,"column":8},"end":{"line":73,"column":8}}]},"5":{"line":73,"type":"cond-expr","locations":[{"start":{"line":73,"column":12},"end":{"line":73,"column":37}},{"start":{"line":73,"column":42},"end":{"line":73,"column":80}}]},"6":{"line":79,"type":"if","locations":[{"start":{"line":79,"column":71},"end":{"line":79,"column":71}},{"start":{"line":79,"column":71},"end":{"line":79,"column":71}}]},"7":{"line":80,"type":"if","locations":[{"start":{"line":80,"column":8},"end":{"line":80,"column":8}},{"start":{"line":80,"column":8},"end":{"line":80,"column":8}}]},"8":{"line":87,"type":"if","locations":[{"start":{"line":87,"column":52},"end":{"line":87,"column":52}},{"start":{"line":87,"column":52},"end":{"line":87,"column":52}}]},"9":{"line":104,"type":"if","locations":[{"start":{"line":104,"column":15},"end":{"line":104,"column":15}},{"start":{"line":104,"column":15},"end":{"line":104,"column":15}}]},"10":{"line":105,"type":"if","locations":[{"start":{"line":105,"column":8},"end":{"line":105,"column":8}},{"start":{"line":105,"column":8},"end":{"line":105,"column":8}}]},"11":{"line":105,"type":"cond-expr","locations":[{"start":{"line":105,"column":12},"end":{"line":105,"column":27}},{"start":{"line":105,"column":32},"end":{"line":105,"column":48}}]},"12":{"line":106,"type":"if","locations":[{"start":{"line":106,"column":8},"end":{"line":106,"column":8}},{"start":{"line":106,"column":8},"end":{"line":106,"column":8}}]},"13":{"line":108,"type":"if","locations":[{"start":{"line":108,"column":8},"end":{"line":108,"column":8}},{"start":{"line":108,"column":8},"end":{"line":108,"column":8}}]},"14":{"line":108,"type":"cond-expr","locations":[{"start":{"line":108,"column":12},"end":{"line":108,"column":32}},{"start":{"line":108,"column":37},"end":{"line":108,"column":56}}]},"15":{"line":118,"type":"if","locations":[{"start":{"line":118,"column":8},"end":{"line":118,"column":8}},{"start":{"line":118,"column":8},"end":{"line":118,"column":8}}]},"16":{"line":133,"type":"if","locations":[{"start":{"line":133,"column":90},"end":{"line":133,"column":90}},{"start":{"line":133,"column":90},"end":{"line":133,"column":90}}]},"17":{"line":134,"type":"if","locations":[{"start":{"line":134,"column":8},"end":{"line":134,"column":8}},{"start":{"line":134,"column":8},"end":{"line":134,"column":8}}]},"18":{"line":142,"type":"if","locations":[{"start":{"line":142,"column":8},"end":{"line":142,"column":8}},{"start":{"line":142,"column":8},"end":{"line":142,"column":8}}]},"19":{"line":145,"type":"if","locations":[{"start":{"line":145,"column":16},"end":{"line":145,"column":16}},{"start":{"line":145,"column":16},"end":{"line":145,"column":16}}]},"20":{"line":150,"type":"if","locations":[{"start":{"line":150,"column":12},"end":{"line":150,"column":12}},{"start":{"line":150,"column":12},"end":{"line":150,"column":12}}]},"21":{"line":154,"type":"if","locations":[{"start":{"line":154,"column":95},"end":{"line":154,"column":95}},{"start":{"line":154,"column":95},"end":{"line":154,"column":95}}]},"22":{"line":156,"type":"if","locations":[{"start":{"line":156,"column":8},"end":{"line":156,"column":8}},{"start":{"line":156,"column":8},"end":{"line":156,"column":8}}]},"23":{"line":171,"type":"if","locations":[{"start":{"line":171,"column":8},"end":{"line":171,"column":8}},{"start":{"line":171,"column":8},"end":{"line":171,"column":8}}]},"24":{"line":172,"type":"if","locations":[{"start":{"line":172,"column":8},"end":{"line":172,"column":8}},{"start":{"line":172,"column":8},"end":{"line":172,"column":8}}]},"25":{"line":174,"type":"if","locations":[{"start":{"line":174,"column":8},"end":{"line":174,"column":8}},{"start":{"line":174,"column":8},"end":{"line":174,"column":8}}]},"26":{"line":177,"type":"if","locations":[{"start":{"line":177,"column":8},"end":{"line":177,"column":8}},{"start":{"line":177,"column":8},"end":{"line":177,"column":8}}]},"27":{"line":183,"type":"if","locations":[{"start":{"line":183,"column":8},"end":{"line":183,"column":8}},{"start":{"line":183,"column":8},"end":{"line":183,"column":8}}]},"28":{"line":186,"type":"if","locations":[{"start":{"line":186,"column":8},"end":{"line":186,"column":8}},{"start":{"line":186,"column":8},"end":{"line":186,"column":8}}]},"29":{"line":203,"type":"if","locations":[{"start":{"line":203,"column":30},"end":{"line":203,"column":35}},{"start":{"line":203,"column":39},"end":{"line":203,"column":44}}]},"30":{"line":204,"type":"if","locations":[{"start":{"line":204,"column":41},"end":{"line":204,"column":45}},{"start":{"line":204,"column":49},"end":{"line":204,"column":49}}]},"31":{"line":211,"type":"if","locations":[{"start":{"line":211,"column":8},"end":{"line":211,"column":8}},{"start":{"line":211,"column":8},"end":{"line":211,"column":8}}]},"32":{"line":211,"type":"cond-expr","locations":[{"start":{"line":211,"column":12},"end":{"line":211,"column":25}},{"start":{"line":211,"column":30},"end":{"line":211,"column":42}}]},"33":{"line":213,"type":"if","locations":[{"start":{"line":213,"column":8},"end":{"line":213,"column":8}},{"start":{"line":213,"column":8},"end":{"line":213,"column":8}}]},"34":{"line":218,"type":"if","locations":[{"start":{"line":218,"column":12},"end":{"line":218,"column":12}},{"start":{"line":218,"column":12},"end":{"line":218,"column":12}}]},"35":{"line":223,"type":"if","locations":[{"start":{"line":223,"column":8},"end":{"line":223,"column":8}},{"start":{"line":223,"column":8},"end":{"line":223,"column":8}}]},"36":{"line":227,"type":"if","locations":[{"start":{"line":227,"column":8},"end":{"line":227,"column":8}},{"start":{"line":227,"column":8},"end":{"line":227,"column":8}}]},"37":{"line":240,"type":"if","locations":[{"start":{"line":240,"column":12},"end":{"line":240,"column":12}},{"start":{"line":240,"column":12},"end":{"line":240,"column":12}}]},"38":{"line":240,"type":"cond-expr","locations":[{"start":{"line":240,"column":16},"end":{"line":240,"column":48}},{"start":{"line":240,"column":53},"end":{"line":240,"column":76}}]},"39":{"line":244,"type":"if","locations":[{"start":{"line":244,"column":12},"end":{"line":244,"column":12}},{"start":{"line":244,"column":12},"end":{"line":244,"column":12}}]},"40":{"line":248,"type":"if","locations":[{"start":{"line":248,"column":12},"end":{"line":248,"column":12}},{"start":{"line":248,"column":12},"end":{"line":248,"column":12}}]}}},"contracts\\core\\OracleAggregator.sol":{"l":{"76":26,"77":25,"192":1,"197":11,"198":11,"199":11,"200":11,"202":11,"203":11,"205":11,"207":11,"208":11,"209":11,"212":11,"217":0,"223":170,"224":0,"225":0,"226":0,"227":0,"228":0,"231":170,"232":170,"234":169,"235":169,"237":169,"238":158,"239":158,"240":0,"244":169,"245":168,"247":168,"251":168,"257":168,"259":168,"260":168,"264":0,"267":167,"268":167,"270":167,"272":0,"278":141,"283":4,"284":4,"285":4,"290":27,"291":27,"292":1,"293":1,"295":26,"305":52,"306":52,"307":0,"308":0,"310":52,"311":52,"318":52,"323":0,"325":0,"326":0,"327":0,"329":0,"331":0,"337":0,"342":2,"343":1,"348":0,"349":0,"354":0,"355":0,"360":4,"361":2,"362":2,"370":5,"371":1,"372":1,"373":1,"375":1,"377":4,"378":4,"379":3,"380":0,"382":3,"383":3,"384":1,"385":1,"391":25,"398":24,"399":0,"402":24,"404":24,"406":24,"407":21,"408":21,"409":0,"413":24,"419":24,"420":24,"421":24,"422":24,"426":24,"437":0,"438":0,"439":0,"440":0,"443":0,"452":0,"453":0,"460":0,"461":0,"462":0,"463":0,"472":0,"473":0,"485":2,"490":1,"495":0,"496":0,"497":0,"502":5,"503":5,"505":4,"506":4,"507":4,"508":3,"509":3,"511":0,"518":95,"527":1,"532":0,"540":0,"551":4,"552":4,"553":4,"558":1,"559":1,"560":1,"561":1,"573":2,"574":2,"575":2,"576":0,"578":2,"579":2,"580":2,"585":0,"586":0,"587":0,"588":0,"589":0,"590":0,"591":0,"592":0,"594":0,"596":0,"601":3,"607":99,"608":3,"609":3,"610":2,"624":8,"625":7,"626":7,"627":7,"628":7,"634":7,"635":7,"636":7,"642":3,"643":2,"654":3,"670":1,"671":1,"676":15,"677":14,"680":14,"681":14,"682":14,"690":2,"691":1,"699":0,"700":0,"705":3,"714":0,"715":0,"717":0,"734":2,"735":1,"736":1,"741":0,"756":0,"767":0,"774":0,"775":0,"784":3,"792":2,"800":1,"805":1,"806":0,"809":1,"810":1,"811":6,"812":6,"814":6,"815":1,"816":1,"818":1,"820":6,"821":6,"828":0,"829":0,"830":0,"831":0,"836":1,"837":1,"842":0,"847":1,"852":1,"856":168,"858":168,"860":168,"864":168,"866":168,"867":168,"869":0,"879":168,"880":168,"881":168,"882":168,"883":168,"885":0,"890":0,"891":0},"path":"C:\\Users\\amir2\\Desktop\\realyx\\contracts\\core\\OracleAggregator.sol","s":{"1":26,"2":1,"3":11,"4":11,"5":11,"6":11,"7":0,"8":170,"9":0,"10":0,"11":0,"12":0,"13":0,"14":170,"15":170,"16":169,"17":169,"18":169,"19":158,"20":158,"21":169,"22":168,"23":168,"24":168,"25":168,"26":168,"27":168,"28":0,"29":167,"30":167,"31":167,"32":141,"33":4,"34":4,"35":27,"36":27,"37":1,"38":26,"39":52,"40":52,"41":0,"42":52,"43":0,"44":0,"45":0,"46":0,"47":0,"48":2,"49":0,"50":0,"51":4,"52":2,"53":2,"54":2,"55":5,"56":1,"57":1,"58":1,"59":1,"60":4,"61":4,"62":3,"63":3,"64":1,"65":1,"66":25,"67":24,"68":0,"69":24,"70":24,"71":24,"72":21,"73":21,"74":0,"75":24,"76":24,"77":0,"78":0,"79":0,"80":0,"81":0,"82":0,"83":0,"84":0,"85":0,"86":0,"87":0,"88":2,"89":1,"90":0,"91":0,"92":0,"93":0,"94":5,"95":5,"96":1,"97":4,"98":4,"99":4,"100":1,"101":3,"102":0,"103":3,"104":0,"105":95,"106":1,"107":0,"108":4,"109":1,"110":1,"111":2,"112":0,"113":2,"114":0,"115":2,"116":0,"117":2,"118":0,"119":0,"120":0,"121":0,"122":0,"123":0,"124":3,"125":99,"126":96,"127":3,"128":0,"129":3,"130":1,"131":2,"132":8,"133":7,"134":7,"135":7,"136":3,"137":3,"138":1,"139":15,"140":14,"141":14,"142":14,"143":2,"144":0,"145":3,"146":0,"147":2,"148":1,"149":0,"150":0,"151":0,"152":0,"153":0,"154":3,"155":2,"156":1,"157":1,"158":1,"159":1,"160":6,"161":6,"162":6,"163":0,"164":0,"165":0,"166":0,"167":1,"168":1,"169":0,"170":1,"171":1,"172":168,"173":0,"174":168,"175":168,"176":168,"177":168,"178":168,"179":0,"180":168,"181":0,"182":168,"183":168,"184":168,"185":168,"186":0},"b":{"1":[1,25],"2":[11,1],"3":[0,11],"4":[0,0],"5":[0,170],"6":[0,0],"7":[0,0],"8":[1,169],"9":[169,0],"10":[158,11],"11":[0,158],"12":[1,168],"13":[0,168],"14":[0,168],"15":[168,0],"16":[1,167],"17":[0,0],"18":[0,167],"19":[0,167],"20":[1,3],"21":[1,26],"22":[0,52],"23":[0,0],"24":[0,0],"25":[0,0],"26":[0,0],"27":[2,0],"28":[1,1],"29":[1,0],"30":[0,0],"31":[0,0],"32":[0,0],"33":[0,0],"34":[0,0],"35":[2,2],"36":[2,0],"37":[1,4],"38":[1,0],"39":[0,1],"40":[1,3],"41":[1,2],"42":[0,1],"43":[25,1],"44":[1,24],"45":[0,24],"46":[21,3],"47":[0,21],"48":[0,21],"49":[24,0],"50":[0,0],"51":[0,0],"52":[0,0],"53":[0,0],"54":[0,0],"55":[0,0],"56":[2,0],"57":[1,0],"58":[0,0],"59":[0,0],"60":[1,4],"61":[4,0],"62":[1,3],"63":[0,3],"64":[1,0],"65":[0,0],"66":[4,0],"67":[1,1],"68":[1,0],"69":[0,2],"70":[0,2],"71":[0,2],"72":[0,0],"73":[0,0],"74":[0,0],"75":[96,3],"76":[0,3],"77":[1,2],"78":[8,1],"79":[1,7],"80":[7,0],"81":[0,7],"82":[3,0],"83":[1,2],"84":[3,0],"85":[1,0],"86":[15,0],"87":[1,14],"88":[14,0],"89":[0,14],"90":[2,0],"91":[1,1],"92":[1,0],"93":[0,0],"94":[0,0],"95":[0,0],"96":[3,0],"97":[0,0],"98":[2,0],"99":[1,1],"100":[1,0],"101":[0,0],"102":[0,0],"103":[0,1],"104":[1,5],"105":[0,0],"106":[0,168],"107":[0,168],"108":[0,0],"109":[168,0],"110":[0,168],"111":[0,168],"112":[0,0],"113":[168,0]},"f":{"1":26,"2":1,"3":11,"4":0,"5":170,"6":141,"7":4,"8":27,"9":52,"10":0,"11":0,"12":2,"13":0,"14":0,"15":4,"16":5,"17":25,"18":0,"19":2,"20":1,"21":0,"22":5,"23":95,"24":1,"25":0,"26":4,"27":1,"28":2,"29":0,"30":3,"31":99,"32":8,"33":7,"34":3,"35":3,"36":1,"37":15,"38":2,"39":0,"40":3,"41":0,"42":2,"43":0,"44":0,"45":0,"46":0,"47":3,"48":2,"49":1,"50":1,"51":0,"52":1,"53":0,"54":1,"55":1,"56":168,"57":168,"58":0},"fnMap":{"1":{"name":"onlyOracleOrKeeper","line":75,"loc":{"start":{"line":75,"column":4},"end":{"line":78,"column":4}}},"2":{"name":"constructor","line":191,"loc":{"start":{"line":191,"column":4},"end":{"line":193,"column":4}}},"3":{"name":"initialize","line":196,"loc":{"start":{"line":196,"column":4},"end":{"line":213,"column":4}}},"4":{"name":"_authorizeUpgrade","line":216,"loc":{"start":{"line":216,"column":4},"end":{"line":218,"column":4}}},"5":{"name":"_getPriceView","line":220,"loc":{"start":{"line":220,"column":4},"end":{"line":274,"column":4}}},"6":{"name":"getPrice","line":277,"loc":{"start":{"line":277,"column":4},"end":{"line":279,"column":4}}},"7":{"name":"getPriceWithConfidence","line":282,"loc":{"start":{"line":282,"column":4},"end":{"line":286,"column":4}}},"8":{"name":"getTWAP","line":289,"loc":{"start":{"line":289,"column":4},"end":{"line":297,"column":4}}},"9":{"name":"getTWAPWithValidation","line":300,"loc":{"start":{"line":300,"column":4},"end":{"line":319,"column":4}}},"10":{"name":"getEthUsdPrice","line":322,"loc":{"start":{"line":322,"column":4},"end":{"line":333,"column":4}}},"11":{"name":"setEthFeedId","line":336,"loc":{"start":{"line":336,"column":4},"end":{"line":338,"column":4}}},"12":{"name":"setDefaultMaxStaleness","line":341,"loc":{"start":{"line":341,"column":4},"end":{"line":344,"column":4}}},"13":{"name":"setMaxEthStaleness","line":347,"loc":{"start":{"line":347,"column":4},"end":{"line":350,"column":4}}},"14":{"name":"setSequencerGracePeriod","line":353,"loc":{"start":{"line":353,"column":4},"end":{"line":356,"column":4}}},"15":{"name":"getValidSourceCount","line":359,"loc":{"start":{"line":359,"column":4},"end":{"line":363,"column":4}}},"16":{"name":"updatePrices","line":369,"loc":{"start":{"line":369,"column":4},"end":{"line":387,"column":4}}},"17":{"name":"recordPricePoint","line":390,"loc":{"start":{"line":390,"column":4},"end":{"line":427,"column":4}}},"18":{"name":"checkBreakers","line":436,"loc":{"start":{"line":432,"column":4},"end":{"line":481,"column":4}}},"19":{"name":"triggerBreaker","line":484,"loc":{"start":{"line":484,"column":4},"end":{"line":486,"column":4}}},"20":{"name":"resetBreaker","line":489,"loc":{"start":{"line":489,"column":4},"end":{"line":491,"column":4}}},"21":{"name":"autoResetBreakers","line":494,"loc":{"start":{"line":494,"column":4},"end":{"line":498,"column":4}}},"22":{"name":"isOracleHealthy","line":501,"loc":{"start":{"line":501,"column":4},"end":{"line":513,"column":4}}},"23":{"name":"isActionAllowed","line":516,"loc":{"start":{"line":516,"column":4},"end":{"line":519,"column":4}}},"24":{"name":"proposeEmergencyPause","line":526,"loc":{"start":{"line":523,"column":4},"end":{"line":528,"column":4}}},"25":{"name":"confirmEmergencyPause","line":531,"loc":{"start":{"line":531,"column":4},"end":{"line":541,"column":4}}},"26":{"name":"activateGlobalPause","line":544,"loc":{"start":{"line":544,"column":4},"end":{"line":554,"column":4}}},"27":{"name":"deactivateGlobalPause","line":557,"loc":{"start":{"line":557,"column":4},"end":{"line":563,"column":4}}},"28":{"name":"expireGlobalPause","line":572,"loc":{"start":{"line":572,"column":4},"end":{"line":581,"column":4}}},"29":{"name":"clearFailedPauseTarget","line":584,"loc":{"start":{"line":584,"column":4},"end":{"line":597,"column":4}}},"30":{"name":"isGloballyPaused","line":600,"loc":{"start":{"line":600,"column":4},"end":{"line":602,"column":4}}},"31":{"name":"_isGloballyPausedView","line":606,"loc":{"start":{"line":606,"column":4},"end":{"line":611,"column":4}}},"32":{"name":"setPythFeed","line":619,"loc":{"start":{"line":614,"column":4},"end":{"line":629,"column":4}}},"33":{"name":"setMarketCalendar","line":633,"loc":{"start":{"line":633,"column":4},"end":{"line":637,"column":4}}},"34":{"name":"setMarketId","line":640,"loc":{"start":{"line":640,"column":4},"end":{"line":644,"column":4}}},"35":{"name":"configureBreaker","line":653,"loc":{"start":{"line":647,"column":4},"end":{"line":662,"column":4}}},"36":{"name":"setBreakerEnabled","line":669,"loc":{"start":{"line":665,"column":4},"end":{"line":672,"column":4}}},"37":{"name":"registerPausable","line":675,"loc":{"start":{"line":675,"column":4},"end":{"line":684,"column":4}}},"38":{"name":"setGuardianQuorum","line":687,"loc":{"start":{"line":687,"column":4},"end":{"line":692,"column":4}}},"39":{"name":"setEmergencyPriceQuorum","line":695,"loc":{"start":{"line":695,"column":4},"end":{"line":701,"column":4}}},"40":{"name":"addSupportedMarket","line":704,"loc":{"start":{"line":704,"column":4},"end":{"line":706,"column":4}}},"41":{"name":"proposeEmergencyPrice","line":713,"loc":{"start":{"line":709,"column":4},"end":{"line":727,"column":4}}},"42":{"name":"setEmergencyPriceProposalMinInterval","line":733,"loc":{"start":{"line":733,"column":4},"end":{"line":737,"column":4}}},"43":{"name":"confirmEmergencyPrice","line":740,"loc":{"start":{"line":740,"column":4},"end":{"line":750,"column":4}}},"44":{"name":"applyPendingEmergencyPrice","line":755,"loc":{"start":{"line":755,"column":4},"end":{"line":763,"column":4}}},"45":{"name":"cancelPendingEmergencyPrice","line":766,"loc":{"start":{"line":766,"column":4},"end":{"line":768,"column":4}}},"46":{"name":"getPendingEmergencyPrice","line":771,"loc":{"start":{"line":771,"column":4},"end":{"line":776,"column":4}}},"47":{"name":"isManualPriceActive","line":783,"loc":{"start":{"line":783,"column":4},"end":{"line":785,"column":4}}},"48":{"name":"getBreakerStatus","line":788,"loc":{"start":{"line":788,"column":4},"end":{"line":793,"column":4}}},"49":{"name":"getBreakerConfig","line":796,"loc":{"start":{"line":796,"column":4},"end":{"line":801,"column":4}}},"50":{"name":"isMarketRestricted","line":804,"loc":{"start":{"line":804,"column":4},"end":{"line":824,"column":4}}},"51":{"name":"getHistoricalPrice","line":827,"loc":{"start":{"line":827,"column":4},"end":{"line":832,"column":4}}},"52":{"name":"getOracleConfig","line":835,"loc":{"start":{"line":835,"column":4},"end":{"line":838,"column":4}}},"53":{"name":"getPausableList","line":841,"loc":{"start":{"line":841,"column":4},"end":{"line":843,"column":4}}},"54":{"name":"getSupportedMarkets","line":846,"loc":{"start":{"line":846,"column":4},"end":{"line":848,"column":4}}},"55":{"name":"getGuardianQuorum","line":851,"loc":{"start":{"line":851,"column":4},"end":{"line":853,"column":4}}},"56":{"name":"_normalizePythPrice","line":855,"loc":{"start":{"line":855,"column":4},"end":{"line":871,"column":4}}},"57":{"name":"_normalizePythConfidence","line":878,"loc":{"start":{"line":878,"column":4},"end":{"line":887,"column":4}}},"58":{"name":"_recordPrice","line":889,"loc":{"start":{"line":889,"column":4},"end":{"line":892,"column":4}}}},"statementMap":{"1":{"start":{"line":76,"column":8},"end":{"line":76,"column":110}},"2":{"start":{"line":192,"column":8},"end":{"line":192,"column":29}},"3":{"start":{"line":197,"column":8},"end":{"line":197,"column":68}},"4":{"start":{"line":198,"column":8},"end":{"line":198,"column":31}},"5":{"start":{"line":199,"column":8},"end":{"line":199,"column":37}},"6":{"start":{"line":200,"column":8},"end":{"line":200,"column":31}},"7":{"start":{"line":217,"column":8},"end":{"line":217,"column":49}},"8":{"start":{"line":223,"column":8},"end":{"line":223,"column":9214}},"9":{"start":{"line":224,"column":12},"end":{"line":224,"column":67}},"10":{"start":{"line":225,"column":12},"end":{"line":225,"column":59}},"11":{"start":{"line":226,"column":12},"end":{"line":226,"column":107}},"12":{"start":{"line":227,"column":12},"end":{"line":227,"column":107}},"13":{"start":{"line":228,"column":12},"end":{"line":228,"column":60}},"14":{"start":{"line":231,"column":8},"end":{"line":231,"column":57}},"15":{"start":{"line":232,"column":8},"end":{"line":232,"column":63}},"16":{"start":{"line":234,"column":8},"end":{"line":234,"column":9858}},"17":{"start":{"line":235,"column":12},"end":{"line":235,"column":98}},"18":{"start":{"line":237,"column":12},"end":{"line":237,"column":10061}},"19":{"start":{"line":238,"column":16},"end":{"line":238,"column":57}},"20":{"start":{"line":239,"column":16},"end":{"line":239,"column":10185}},"21":{"start":{"line":244,"column":12},"end":{"line":244,"column":87}},"22":{"start":{"line":245,"column":12},"end":{"line":245,"column":60}},"23":{"start":{"line":247,"column":12},"end":{"line":247,"column":90}},"24":{"start":{"line":251,"column":12},"end":{"line":251,"column":60}},"25":{"start":{"line":257,"column":12},"end":{"line":257,"column":102}},"26":{"start":{"line":259,"column":12},"end":{"line":259,"column":11295}},"27":{"start":{"line":260,"column":16},"end":{"line":260,"column":90}},"28":{"start":{"line":264,"column":16},"end":{"line":264,"column":91}},"29":{"start":{"line":267,"column":12},"end":{"line":267,"column":99}},"30":{"start":{"line":268,"column":12},"end":{"line":268,"column":99}},"31":{"start":{"line":270,"column":12},"end":{"line":270,"column":75}},"32":{"start":{"line":278,"column":8},"end":{"line":278,"column":40}},"33":{"start":{"line":283,"column":8},"end":{"line":283,"column":26}},"34":{"start":{"line":285,"column":8},"end":{"line":285,"column":72}},"35":{"start":{"line":290,"column":8},"end":{"line":290,"column":60}},"36":{"start":{"line":291,"column":8},"end":{"line":291,"column":12784}},"37":{"start":{"line":293,"column":12},"end":{"line":293,"column":28}},"38":{"start":{"line":295,"column":8},"end":{"line":295,"column":13025}},"39":{"start":{"line":305,"column":8},"end":{"line":305,"column":60}},"40":{"start":{"line":306,"column":8},"end":{"line":306,"column":13344}},"41":{"start":{"line":308,"column":12},"end":{"line":308,"column":37}},"42":{"start":{"line":310,"column":8},"end":{"line":310,"column":30}},"43":{"start":{"line":323,"column":8},"end":{"line":323,"column":58}},"44":{"start":{"line":325,"column":8},"end":{"line":325,"column":13968}},"45":{"start":{"line":326,"column":12},"end":{"line":326,"column":94}},"46":{"start":{"line":327,"column":12},"end":{"line":327,"column":60}},"47":{"start":{"line":329,"column":12},"end":{"line":329,"column":71}},"48":{"start":{"line":342,"column":8},"end":{"line":342,"column":69}},"49":{"start":{"line":348,"column":8},"end":{"line":348,"column":70}},"50":{"start":{"line":354,"column":8},"end":{"line":354,"column":71}},"51":{"start":{"line":360,"column":8},"end":{"line":360,"column":63}},"52":{"start":{"line":360,"column":55},"end":{"line":360,"column":63}},"53":{"start":{"line":361,"column":8},"end":{"line":361,"column":54}},"54":{"start":{"line":362,"column":8},"end":{"line":362,"column":30}},"55":{"start":{"line":370,"column":8},"end":{"line":370,"column":16207}},"56":{"start":{"line":371,"column":12},"end":{"line":371,"column":16258}},"57":{"start":{"line":372,"column":16},"end":{"line":372,"column":67}},"58":{"start":{"line":373,"column":16},"end":{"line":373,"column":50}},"59":{"start":{"line":375,"column":12},"end":{"line":375,"column":28}},"60":{"start":{"line":377,"column":8},"end":{"line":377,"column":56}},"61":{"start":{"line":378,"column":8},"end":{"line":378,"column":59}},"62":{"start":{"line":379,"column":8},"end":{"line":379,"column":16577}},"63":{"start":{"line":383,"column":8},"end":{"line":383,"column":16737}},"64":{"start":{"line":384,"column":12},"end":{"line":384,"column":63}},"65":{"start":{"line":385,"column":12},"end":{"line":385,"column":46}},"66":{"start":{"line":391,"column":8},"end":{"line":391,"column":64}},"67":{"start":{"line":398,"column":8},"end":{"line":398,"column":17448}},"68":{"start":{"line":399,"column":12},"end":{"line":399,"column":18}},"69":{"start":{"line":402,"column":8},"end":{"line":402,"column":74}},"70":{"start":{"line":404,"column":8},"end":{"line":404,"column":60}},"71":{"start":{"line":406,"column":8},"end":{"line":406,"column":17717}},"72":{"start":{"line":407,"column":12},"end":{"line":407,"column":89}},"73":{"start":{"line":408,"column":12},"end":{"line":408,"column":17848}},"74":{"start":{"line":409,"column":16},"end":{"line":409,"column":22}},"75":{"start":{"line":420,"column":8},"end":{"line":420,"column":18248}},"76":{"start":{"line":426,"column":8},"end":{"line":426,"column":99}},"77":{"start":{"line":437,"column":8},"end":{"line":437,"column":62}},"78":{"start":{"line":438,"column":8},"end":{"line":438,"column":45}},"79":{"start":{"line":439,"column":8},"end":{"line":439,"column":118}},"80":{"start":{"line":440,"column":8},"end":{"line":440,"column":19176}},"81":{"start":{"line":443,"column":8},"end":{"line":443,"column":19316}},"82":{"start":{"line":453,"column":12},"end":{"line":453,"column":19601}},"83":{"start":{"line":460,"column":8},"end":{"line":460,"column":117}},"84":{"start":{"line":461,"column":8},"end":{"line":461,"column":19924}},"85":{"start":{"line":462,"column":12},"end":{"line":462,"column":72}},"86":{"start":{"line":463,"column":12},"end":{"line":463,"column":20040}},"87":{"start":{"line":473,"column":16},"end":{"line":473,"column":20361}},"88":{"start":{"line":485,"column":8},"end":{"line":485,"column":99}},"89":{"start":{"line":490,"column":8},"end":{"line":490,"column":113}},"90":{"start":{"line":495,"column":8},"end":{"line":495,"column":54}},"91":{"start":{"line":496,"column":8},"end":{"line":496,"column":28}},"92":{"start":{"line":496,"column":22},"end":{"line":496,"column":28}},"93":{"start":{"line":497,"column":8},"end":{"line":497,"column":72}},"94":{"start":{"line":502,"column":8},"end":{"line":502,"column":57}},"95":{"start":{"line":503,"column":8},"end":{"line":503,"column":73}},"96":{"start":{"line":503,"column":41},"end":{"line":503,"column":73}},"97":{"start":{"line":505,"column":8},"end":{"line":505,"column":21691}},"98":{"start":{"line":506,"column":12},"end":{"line":506,"column":98}},"99":{"start":{"line":507,"column":12},"end":{"line":507,"column":97}},"100":{"start":{"line":507,"column":68},"end":{"line":507,"column":97}},"101":{"start":{"line":508,"column":12},"end":{"line":508,"column":69}},"102":{"start":{"line":508,"column":38},"end":{"line":508,"column":69}},"103":{"start":{"line":509,"column":12},"end":{"line":509,"column":29}},"104":{"start":{"line":511,"column":12},"end":{"line":511,"column":41}},"105":{"start":{"line":518,"column":8},"end":{"line":518,"column":115}},"106":{"start":{"line":527,"column":8},"end":{"line":527,"column":80}},"107":{"start":{"line":532,"column":8},"end":{"line":532,"column":23071}},"108":{"start":{"line":553,"column":8},"end":{"line":553,"column":45}},"109":{"start":{"line":558,"column":8},"end":{"line":558,"column":24091}},"110":{"start":{"line":561,"column":12},"end":{"line":561,"column":51}},"111":{"start":{"line":573,"column":8},"end":{"line":573,"column":33}},"112":{"start":{"line":573,"column":27},"end":{"line":573,"column":33}},"113":{"start":{"line":574,"column":8},"end":{"line":574,"column":47}},"114":{"start":{"line":574,"column":41},"end":{"line":574,"column":47}},"115":{"start":{"line":575,"column":8},"end":{"line":575,"column":24917}},"116":{"start":{"line":576,"column":12},"end":{"line":576,"column":18}},"117":{"start":{"line":580,"column":8},"end":{"line":580,"column":52}},"118":{"start":{"line":585,"column":8},"end":{"line":585,"column":41}},"119":{"start":{"line":585,"column":35},"end":{"line":585,"column":41}},"120":{"start":{"line":587,"column":8},"end":{"line":587,"column":45}},"121":{"start":{"line":588,"column":8},"end":{"line":588,"column":25455}},"122":{"start":{"line":589,"column":12},"end":{"line":589,"column":25504}},"123":{"start":{"line":591,"column":16},"end":{"line":591,"column":37}},"124":{"start":{"line":601,"column":8},"end":{"line":601,"column":38}},"125":{"start":{"line":607,"column":8},"end":{"line":607,"column":39}},"126":{"start":{"line":607,"column":27},"end":{"line":607,"column":39}},"127":{"start":{"line":608,"column":8},"end":{"line":608,"column":52}},"128":{"start":{"line":608,"column":41},"end":{"line":608,"column":52}},"129":{"start":{"line":609,"column":8},"end":{"line":609,"column":94}},"130":{"start":{"line":609,"column":82},"end":{"line":609,"column":94}},"131":{"start":{"line":610,"column":8},"end":{"line":610,"column":19}},"132":{"start":{"line":624,"column":8},"end":{"line":624,"column":62}},"133":{"start":{"line":628,"column":8},"end":{"line":628,"column":44}},"134":{"start":{"line":634,"column":8},"end":{"line":634,"column":57}},"135":{"start":{"line":636,"column":8},"end":{"line":636,"column":45}},"136":{"start":{"line":642,"column":8},"end":{"line":642,"column":82}},"137":{"start":{"line":654,"column":8},"end":{"line":654,"column":28262}},"138":{"start":{"line":671,"column":8},"end":{"line":671,"column":68}},"139":{"start":{"line":676,"column":8},"end":{"line":676,"column":54}},"140":{"start":{"line":677,"column":8},"end":{"line":677,"column":28978}},"141":{"start":{"line":680,"column":12},"end":{"line":680,"column":80}},"142":{"start":{"line":682,"column":12},"end":{"line":682,"column":37}},"143":{"start":{"line":690,"column":8},"end":{"line":690,"column":61}},"144":{"start":{"line":699,"column":8},"end":{"line":699,"column":61}},"145":{"start":{"line":705,"column":8},"end":{"line":705,"column":40}},"146":{"start":{"line":717,"column":8},"end":{"line":717,"column":30569}},"147":{"start":{"line":734,"column":8},"end":{"line":734,"column":86}},"148":{"start":{"line":736,"column":8},"end":{"line":736,"column":66}},"149":{"start":{"line":741,"column":8},"end":{"line":741,"column":31564}},"150":{"start":{"line":756,"column":8},"end":{"line":756,"column":32171}},"151":{"start":{"line":767,"column":8},"end":{"line":767,"column":86}},"152":{"start":{"line":774,"column":8},"end":{"line":774,"column":90}},"153":{"start":{"line":775,"column":8},"end":{"line":775,"column":55}},"154":{"start":{"line":784,"column":8},"end":{"line":784,"column":97}},"155":{"start":{"line":792,"column":8},"end":{"line":792,"column":56}},"156":{"start":{"line":800,"column":8},"end":{"line":800,"column":55}},"157":{"start":{"line":805,"column":8},"end":{"line":805,"column":34293}},"158":{"start":{"line":809,"column":8},"end":{"line":809,"column":75}},"159":{"start":{"line":810,"column":8},"end":{"line":810,"column":34453}},"160":{"start":{"line":811,"column":12},"end":{"line":811,"column":72}},"161":{"start":{"line":812,"column":12},"end":{"line":812,"column":94}},"162":{"start":{"line":814,"column":12},"end":{
[...]
ine":750,"column":8},"end":{"line":750,"column":8}}]},"60":{"line":751,"type":"cond-expr","locations":[{"start":{"line":751,"column":12},"end":{"line":751,"column":65}},{"start":{"line":752,"column":12},"end":{"line":752,"column":64}}]},"61":{"line":779,"type":"if","locations":[{"start":{"line":779,"column":8},"end":{"line":779,"column":8}},{"start":{"line":779,"column":8},"end":{"line":779,"column":8}}]},"62":{"line":780,"type":"if","locations":[{"start":{"line":780,"column":8},"end":{"line":780,"column":8}},{"start":{"line":780,"column":8},"end":{"line":780,"column":8}}]},"63":{"line":782,"type":"if","locations":[{"start":{"line":782,"column":8},"end":{"line":782,"column":8}},{"start":{"line":782,"column":8},"end":{"line":782,"column":8}}]},"64":{"line":785,"type":"if","locations":[{"start":{"line":785,"column":12},"end":{"line":785,"column":12}},{"start":{"line":785,"column":12},"end":{"line":785,"column":12}}]},"65":{"line":785,"type":"cond-expr","locations":[{"start":{"line":785,"column":16},"end":{"line":785,"column":60}},{"start":{"line":785,"column":65},"end":{"line":785,"column":110}}]},"66":{"line":805,"type":"if","locations":[{"start":{"line":805,"column":14},"end":{"line":805,"column":59}},{"start":{"line":806,"column":14},"end":{"line":806,"column":35}}]},"67":{"line":807,"type":"if","locations":[{"start":{"line":807,"column":8},"end":{"line":807,"column":8}},{"start":{"line":807,"column":8},"end":{"line":807,"column":8}}]},"68":{"line":836,"type":"if","locations":[{"start":{"line":836,"column":8},"end":{"line":836,"column":8}},{"start":{"line":836,"column":8},"end":{"line":836,"column":8}}]},"69":{"line":836,"type":"cond-expr","locations":[{"start":{"line":836,"column":12},"end":{"line":836,"column":22}},{"start":{"line":836,"column":27},"end":{"line":836,"column":37}}]},"70":{"line":841,"type":"if","locations":[{"start":{"line":841,"column":8},"end":{"line":841,"column":8}},{"start":{"line":841,"column":8},"end":{"line":841,"column":8}}]},"71":{"line":842,"type":"if","locations":[{"start":{"line":842,"column":8},"end":{"line":842,"column":8}},{"start":{"line":842,"column":8},"end":{"line":842,"column":8}}]},"72":{"line":844,"type":"if","locations":[{"start":{"line":844,"column":43},"end":{"line":844,"column":72}},{"start":{"line":844,"column":76},"end":{"line":844,"column":106}}]},"73":{"line":845,"type":"if","locations":[{"start":{"line":845,"column":12},"end":{"line":845,"column":12}},{"start":{"line":845,"column":12},"end":{"line":845,"column":12}}]},"74":{"line":849,"type":"if","locations":[{"start":{"line":849,"column":8},"end":{"line":849,"column":8}},{"start":{"line":849,"column":8},"end":{"line":849,"column":8}}]},"75":{"line":853,"type":"if","locations":[{"start":{"line":853,"column":8},"end":{"line":853,"column":8}},{"start":{"line":853,"column":8},"end":{"line":853,"column":8}}]},"76":{"line":868,"type":"if","locations":[{"start":{"line":868,"column":8},"end":{"line":868,"column":8}},{"start":{"line":868,"column":8},"end":{"line":868,"column":8}}]},"77":{"line":876,"type":"if","locations":[{"start":{"line":876,"column":8},"end":{"line":876,"column":8}},{"start":{"line":876,"column":8},"end":{"line":876,"column":8}}]},"78":{"line":877,"type":"if","locations":[{"start":{"line":877,"column":8},"end":{"line":877,"column":8}},{"start":{"line":877,"column":8},"end":{"line":877,"column":8}}]},"79":{"line":879,"type":"if","locations":[{"start":{"line":879,"column":18},"end":{"line":879,"column":63}},{"start":{"line":880,"column":18},"end":{"line":880,"column":63}}]},"80":{"line":881,"type":"if","locations":[{"start":{"line":881,"column":12},"end":{"line":881,"column":12}},{"start":{"line":881,"column":12},"end":{"line":881,"column":12}}]},"81":{"line":884,"type":"if","locations":[{"start":{"line":884,"column":8},"end":{"line":884,"column":8}},{"start":{"line":884,"column":8},"end":{"line":884,"column":8}}]},"82":{"line":886,"type":"if","locations":[{"start":{"line":886,"column":18},"end":{"line":886,"column":81}},{"start":{"line":887,"column":18},"end":{"line":887,"column":81}}]},"83":{"line":888,"type":"if","locations":[{"start":{"line":888,"column":12},"end":{"line":888,"column":12}},{"start":{"line":888,"column":12},"end":{"line":888,"column":12}}]},"84":{"line":894,"type":"if","locations":[{"start":{"line":894,"column":8},"end":{"line":894,"column":8}},{"start":{"line":894,"column":8},"end":{"line":894,"column":8}}]},"85":{"line":902,"type":"if","locations":[{"start":{"line":902,"column":8},"end":{"line":902,"column":8}},{"start":{"line":902,"column":8},"end":{"line":902,"column":8}}]},"86":{"line":907,"type":"if","locations":[{"start":{"line":907,"column":8},"end":{"line":907,"column":8}},{"start":{"line":907,"column":8},"end":{"line":907,"column":8}}]},"87":{"line":914,"type":"if","locations":[{"start":{"line":914,"column":12},"end":{"line":914,"column":12}},{"start":{"line":914,"column":12},"end":{"line":914,"column":12}}]},"88":{"line":919,"type":"if","locations":[{"start":{"line":919,"column":8},"end":{"line":919,"column":8}},{"start":{"line":919,"column":8},"end":{"line":919,"column":8}}]},"89":{"line":921,"type":"if","locations":[{"start":{"line":921,"column":12},"end":{"line":921,"column":12}},{"start":{"line":921,"column":12},"end":{"line":921,"column":12}}]},"90":{"line":924,"type":"if","locations":[{"start":{"line":924,"column":65},"end":{"line":924,"column":93}},{"start":{"line":924,"column":97},"end":{"line":924,"column":97}}]},"91":{"line":926,"type":"if","locations":[{"start":{"line":926,"column":56},"end":{"line":926,"column":100}},{"start":{"line":926,"column":104},"end":{"line":926,"column":104}}]},"92":{"line":927,"type":"if","locations":[{"start":{"line":927,"column":8},"end":{"line":927,"column":8}},{"start":{"line":927,"column":8},"end":{"line":927,"column":8}}]},"93":{"line":928,"type":"if","locations":[{"start":{"line":928,"column":12},"end":{"line":928,"column":12}},{"start":{"line":928,"column":12},"end":{"line":928,"column":12}}]},"94":{"line":937,"type":"if","locations":[{"start":{"line":937,"column":8},"end":{"line":937,"column":8}},{"start":{"line":937,"column":8},"end":{"line":937,"column":8}}]},"95":{"line":962,"type":"if","locations":[{"start":{"line":962,"column":8},"end":{"line":962,"column":8}},{"start":{"line":962,"column":8},"end":{"line":962,"column":8}}]},"96":{"line":963,"type":"if","locations":[{"start":{"line":963,"column":12},"end":{"line":963,"column":12}},{"start":{"line":963,"column":12},"end":{"line":963,"column":12}}]},"97":{"line":964,"type":"if","locations":[{"start":{"line":964,"column":16},"end":{"line":964,"column":16}},{"start":{"line":964,"column":16},"end":{"line":964,"column":16}}]},"98":{"line":966,"type":"if","locations":[{"start":{"line":966,"column":16},"end":{"line":966,"column":16}},{"start":{"line":966,"column":16},"end":{"line":966,"column":16}}]},"99":{"line":970,"type":"if","locations":[{"start":{"line":970,"column":8},"end":{"line":970,"column":8}},{"start":{"line":970,"column":8},"end":{"line":970,"column":8}}]},"100":{"line":971,"type":"if","locations":[{"start":{"line":971,"column":12},"end":{"line":971,"column":12}},{"start":{"line":971,"column":12},"end":{"line":971,"column":12}}]},"101":{"line":972,"type":"if","locations":[{"start":{"line":972,"column":16},"end":{"line":972,"column":16}},{"start":{"line":972,"column":16},"end":{"line":972,"column":16}}]},"102":{"line":974,"type":"if","locations":[{"start":{"line":974,"column":16},"end":{"line":974,"column":16}},{"start":{"line":974,"column":16},"end":{"line":974,"column":16}}]},"103":{"line":988,"type":"if","locations":[{"start":{"line":988,"column":8},"end":{"line":988,"column":8}},{"start":{"line":988,"column":8},"end":{"line":988,"column":8}}]},"104":{"line":997,"type":"if","locations":[{"start":{"line":997,"column":8},"end":{"line":997,"column":8}},{"start":{"line":997,"column":8},"end":{"line":997,"column":8}}]},"105":{"line":1106,"type":"if","locations":[{"start":{"line":1106,"column":48},"end":{"line":1106,"column":58}},{"start":{"line":1106,"column":62},"end":{"line":1106,"column":74}}]},"106":{"line":1107,"type":"if","locations":[{"start":{"line":1107,"column":46},"end":{"line":1107,"column":56}},{"start":{"line":1107,"column":60},"end":{"line":1107,"column":70}}]},"107":{"line":1108,"type":"if","locations":[{"start":{"line":1108,"column":12},"end":{"line":1108,"column":12}},{"start":{"line":1108,"column":12},"end":{"line":1108,"column":12}}]},"108":{"line":1134,"type":"if","locations":[{"start":{"line":1134,"column":8},"end":{"line":1134,"column":8}},{"start":{"line":1134,"column":8},"end":{"line":1134,"column":8}}]},"109":{"line":1144,"type":"if","locations":[{"start":{"line":1144,"column":8},"end":{"line":1144,"column":8}},{"start":{"line":1144,"column":8},"end":{"line":1144,"column":8}}]},"110":{"line":1153,"type":"if","locations":[{"start":{"line":1153,"column":8},"end":{"line":1153,"column":8}},{"start":{"line":1153,"column":8},"end":{"line":1153,"column":8}}]},"111":{"line":1156,"type":"if","locations":[{"start":{"line":1156,"column":8},"end":{"line":1156,"column":8}},{"start":{"line":1156,"column":8},"end":{"line":1156,"column":8}}]},"112":{"line":1183,"type":"if","locations":[{"start":{"line":1183,"column":8},"end":{"line":1183,"column":8}},{"start":{"line":1183,"column":8},"end":{"line":1183,"column":8}}]},"113":{"line":1186,"type":"if","locations":[{"start":{"line":1186,"column":12},"end":{"line":1186,"column":12}},{"start":{"line":1186,"column":12},"end":{"line":1186,"column":12}}]},"114":{"line":1191,"type":"if","locations":[{"start":{"line":1191,"column":8},"end":{"line":1191,"column":8}},{"start":{"line":1191,"column":8},"end":{"line":1191,"column":8}}]},"115":{"line":1218,"type":"if","locations":[{"start":{"line":1218,"column":8},"end":{"line":1218,"column":8}},{"start":{"line":1218,"column":8},"end":{"line":1218,"column":8}}]},"116":{"line":1252,"type":"if","locations":[{"start":{"line":1252,"column":8},"end":{"line":1252,"column":8}},{"start":{"line":1252,"column":8},"end":{"line":1252,"column":8}}]},"117":{"line":1252,"type":"cond-expr","locations":[{"start":{"line":1252,"column":12},"end":{"line":1252,"column":25}},{"start":{"line":1252,"column":30},"end":{"line":1252,"column":40}}]},"118":{"line":1255,"type":"if","locations":[{"start":{"line":1255,"column":56},"end":{"line":1255,"column":56}},{"start":{"line":1255,"column":60},"end":{"line":1255,"column":78}}]},"119":{"line":1256,"type":"if","locations":[{"start":{"line":1256,"column":8},"end":{"line":1256,"column":8}},{"start":{"line":1256,"column":8},"end":{"line":1256,"column":8}}]},"120":{"line":1268,"type":"if","locations":[{"start":{"line":1268,"column":12},"end":{"line":1268,"column":12}},{"start":{"line":1268,"column":12},"end":{"line":1268,"column":12}}]},"121":{"line":1290,"type":"if","locations":[{"start":{"line":1290,"column":8},"end":{"line":1290,"column":8}},{"start":{"line":1290,"column":8},"end":{"line":1290,"column":8}}]},"122":{"line":1292,"type":"if","locations":[{"start":{"line":1292,"column":12},"end":{"line":1292,"column":12}},{"start":{"line":1292,"column":12},"end":{"line":1292,"column":12}}]},"123":{"line":1300,"type":"if","locations":[{"start":{"line":1300,"column":8},"end":{"line":1300,"column":8}},{"start":{"line":1300,"column":8},"end":{"line":1300,"column":8}}]},"124":{"line":1302,"type":"if","locations":[{"start":{"line":1302,"column":79},"end":{"line":1302,"column":112}},{"start":{"line":1302,"column":116},"end":{"line":1302,"column":116}}]},"125":{"line":1321,"type":"if","locations":[{"start":{"line":1321,"column":8},"end":{"line":1321,"column":8}},{"start":{"line":1321,"column":8},"end":{"line":1321,"column":8}}]},"126":{"line":1321,"type":"cond-expr","locations":[{"start":{"line":1321,"column":12},"end":{"line":1321,"column":38}},{"start":{"line":1321,"column":43},"end":{"line":1321,"column":62}}]},"127":{"line":1322,"type":"if","locations":[{"start":{"line":1322,"column":8},"end":{"line":1322,"column":8}},{"start":{"line":1322,"column":8},"end":{"line":1322,"column":8}}]},"128":{"line":1326,"type":"if","locations":[{"start":{"line":1326,"column":8},"end":{"line":1326,"column":8}},{"start":{"line":1326,"column":8},"end":{"line":1326,"column":8}}]},"129":{"line":1327,"type":"cond-expr","locations":[{"start":{"line":1327,"column":13},"end":{"line":1327,"column":66}},{"start":{"line":1328,"column":16},"end":{"line":1328,"column":68}}]},"130":{"line":1332,"type":"if","locations":[{"start":{"line":1332,"column":12},"end":{"line":1332,"column":12}},{"start":{"line":1332,"column":12},"end":{"line":1332,"column":12}}]},"131":{"line":1339,"type":"if","locations":[{"start":{"line":1339,"column":8},"end":{"line":1339,"column":8}},{"start":{"line":1339,"column":8},"end":{"line":1339,"column":8}}]},"132":{"line":1344,"type":"if","locations":[{"start":{"line":1344,"column":65},"end":{"line":1344,"column":81}},{"start":{"line":1344,"column":85},"end":{"line":1344,"column":93}}]},"133":{"line":1372,"type":"if","locations":[{"start":{"line":1372,"column":12},"end":{"line":1372,"column":12}},{"start":{"line":1372,"column":12},"end":{"line":1372,"column":12}}]},"134":{"line":1375,"type":"if","locations":[{"start":{"line":1375,"column":16},"end":{"line":1375,"column":16}},{"start":{"line":1375,"column":16},"end":{"line":1375,"column":16}}]},"135":{"line":1377,"type":"if","locations":[{"start":{"line":1377,"column":20},"end":{"line":1377,"column":20}},{"start":{"line":1377,"column":20},"end":{"line":1377,"column":20}}]},"136":{"line":1381,"type":"if","locations":[{"start":{"line":1381,"column":16},"end":{"line":1381,"column":16}},{"start":{"line":1381,"column":16},"end":{"line":1381,"column":16}}]},"137":{"line":1395,"type":"if","locations":[{"start":{"line":1395,"column":20},"end":{"line":1395,"column":20}},{"start":{"line":1395,"column":20},"end":{"line":1395,"column":20}}]},"138":{"line":1401,"type":"if","locations":[{"start":{"line":1401,"column":20},"end":{"line":1401,"column":20}},{"start":{"line":1401,"column":20},"end":{"line":1401,"column":20}}]},"139":{"line":1403,"type":"if","locations":[{"start":{"line":1403,"column":30},"end":{"line":1403,"column":68}},{"start":{"line":1404,"column":30},"end":{"line":1404,"column":68}}]},"140":{"line":1405,"type":"if","locations":[{"start":{"line":1405,"column":24},"end":{"line":1405,"column":24}},{"start":{"line":1405,"column":24},"end":{"line":1405,"column":24}}]},"141":{"line":1417,"type":"if","locations":[{"start":{"line":1417,"column":16},"end":{"line":1417,"column":16}},{"start":{"line":1417,"column":16},"end":{"line":1417,"column":16}}]},"142":{"line":1419,"type":"if","locations":[{"start":{"line":1419,"column":20},"end":{"line":1419,"column":20}},{"start":{"line":1419,"column":20},"end":{"line":1419,"column":20}}]},"143":{"line":1422,"type":"if","locations":[{"start":{"line":1422,"column":20},"end":{"line":1422,"column":20}},{"start":{"line":1422,"column":20},"end":{"line":1422,"column":20}}]},"144":{"line":1427,"type":"if","locations":[{"start":{"line":1427,"column":16},"end":{"line":1427,"column":16}},{"start":{"line":1427,"column":16},"end":{"line":1427,"column":16}}]},"145":{"line":1428,"type":"if","locations":[{"start":{"line":1428,"column":20},"end":{"line":1428,"column":20}},{"start":{"line":1428,"column":20},"end":{"line":1428,"column":20}}]},"146":{"line":1431,"type":"if","locations":[{"start":{"line":1431,"column":27},"end":{"line":1431,"column":27}},{"start":{"line":1431,"column":27},"end":{"line":1431,"column":27}}]},"147":{"line":1437,"type":"if","locations":[{"start":{"line":1437,"column":16},"end":{"line":1437,"column":16}},{"start":{"line":1437,"column":16},"end":{"line":1437,"column":16}}]},"148":{"line":1446,"type":"if","locations":[{"start":{"line":1446,"column":20},"end":{"line":1446,"column":20}},{"start":{"line":1446,"column":20},"end":{"line":1446,"column":20}}]},"149":{"line":1448,"type":"if","locations":[{"start":{"line":1448,"column":24},"end":{"line":1448,"column":24}},{"start":{"line":1448,"column":24},"end":{"line":1448,"column":24}}]},"150":{"line":1456,"type":"if","locations":[{"start":{"line":1456,"column":28},"end":{"line":1456,"column":28}},{"start":{"line":1456,"column":28},"end":{"line":1456,"column":28}}]},"151":{"line":1458,"type":"if","locations":[{"start":{"line":1458,"column":32},"end":{"line":1458,"column":32}},{"start":{"line":1458,"column":32},"end":{"line":1458,"column":32}}]},"152":{"line":1465,"type":"if","locations":[{"start":{"line":1465,"column":20},"end":{"line":1465,"column":20}},{"start":{"line":1465,"column":20},"end":{"line":1465,"column":20}}]},"153":{"line":1503,"type":"if","locations":[{"start":{"line":1503,"column":8},"end":{"line":1503,"column":8}},{"start":{"line":1503,"column":8},"end":{"line":1503,"column":8}}]}}},"contracts\\libraries\\WithdrawLib.sol":{"l":{"24":2,"25":2,"26":1,"27":1,"28":1,"32":2,"33":2,"34":1,"35":1,"36":1,"44":2,"45":2,"46":2,"47":2,"55":0,"56":0,"57":0,"58":0},"path":"C:\\Users\\amir2\\Desktop\\realyx\\contracts\\libraries\\WithdrawLib.sol","s":{"1":2,"2":2,"3":1,"4":1,"5":1,"6":2,"7":2,"8":1,"9":1,"10":1,"11":2,"12":2,"13":0,"14":2,"15":0,"16":0,"17":0,"18":0},"b":{"1":[1,1],"2":[0,1],"3":[1,1],"4":[0,1],"5":[0,2],"6":[0,0]},"f":{"1":2,"2":2,"3":2,"4":0},"fnMap":{"1":{"name":"withdrawKeeperFees","line":23,"loc":{"start":{"line":23,"column":4},"end":{"line":29,"column":4}}},"2":{"name":"withdrawOrderRefund","line":31,"loc":{"start":{"line":31,"column":4},"end":{"line":37,"column":4}}},"3":{"name":"withdrawOrderCollateralRefund","line":39,"loc":{"start":{"line":39,"column":4},"end":{"line":48,"column":4}}},"4":{"name":"withdrawOrderCollateralTokenRefund","line":50,"loc":{"start":{"line":50,"column":4},"end":{"line":59,"column":4}}}},"statementMap":{"1":{"start":{"line":24,"column":8},"end":{"line":24,"column":40}},"2":{"start":{"line":25,"column":8},"end":{"line":25,"column":31}},"3":{"start":{"line":25,"column":25},"end":{"line":25,"column":31}},"4":{"start":{"line":27,"column":8},"end":{"line":27,"column":82}},"5":{"start":{"line":28,"column":8},"end":{"line":28,"column":40}},"6":{"start":{"line":32,"column":8},"end":{"line":32,"column":40}},"7":{"start":{"line":33,"column":8},"end":{"line":33,"column":31}},"8":{"start":{"line":33,"column":25},"end":{"line":33,"column":31}},"9":{"start":{"line":35,"column":8},"end":{"line":35,"column":82}},"10":{"start":{"line":36,"column":8},"end":{"line":36,"column":40}},"11":{"start":{"line":44,"column":8},"end":{"line":44,"column":40}},"12":{"start":{"line":45,"column":8},"end":{"line":45,"column":31}},"13":{"start":{"line":45,"column":25},"end":{"line":45,"column":31}},"14":{"start":{"line":47,"column":8},"end":{"line":47,"column":40}},"15":{"start":{"line":55,"column":8},"end":{"line":55,"column":54}},"16":{"start":{"line":56,"column":8},"end":{"line":56,"column":31}},"17":{"start":{"line":56,"column":25},"end":{"line":56,"column":31}},"18":{"start":{"line":58,"column":8},"end":{"line":58,"column":49}}},"branchMap":{"1":{"line":25,"type":"if","locations":[{"start":{"line":25,"column":8},"end":{"line":25,"column":8}},{"start":{"line":25,"column":8},"end":{"line":25,"column":8}}]},"2":{"line":28,"type":"if","locations":[{"start":{"line":28,"column":8},"end":{"line":28,"column":8}},{"start":{"line":28,"column":8},"end":{"line":28,"column":8}}]},"3":{"line":33,"type":"if","locations":[{"start":{"line":33,"column":8},"end":{"line":33,"column":8}},{"start":{"line":33,"column":8},"end":{"line":33,"column":8}}]},"4":{"line":36,"type":"if","locations":[{"start":{"line":36,"column":8},"end":{"line":36,"column":8}},{"start":{"line":36,"column":8},"end":{"line":36,"column":8}}]},"5":{"line":45,"type":"if","locations":[{"start":{"line":45,"column":8},"end":{"line":45,"column":8}},{"start":{"line":45,"column":8},"end":{"line":45,"column":8}}]},"6":{"line":56,"type":"if","locations":[{"start":{"line":56,"column":8},"end":{"line":56,"column":8}},{"start":{"line":56,"column":8},"end":{"line":56,"column":8}}]}}}}