{"numFailedTestSuites":3,"numFailedTests":5,"numPassedTestSuites":22,"numPassedTests":101,"numPendingTestSuites":0,"numPendingTests":0,"numRuntimeErrorTestSuites":0,"numTodoTests":0,"numTotalTestSuites":25,"numTotalTests":106,"openHandles":[],"snapshot":{"added":0,"didUpdate":false,"failure":false,"filesAdded":0,"filesRemoved":0,"filesRemovedList":[],"filesUnmatched":0,"filesUpdated":0,"matched":0,"total":0,"unchecked":0,"uncheckedKeysByFile":[],"unmatched":0,"updated":0},"startTime":1776452010509,"success":false,"testResults":[{"assertionResults":[{"ancestorTitles":["Indexer Service Logic"],"duration":13,"failureDetails":[],"failureMessages":[],"fullName":"Indexer Service Logic fetchProtocol should handle success","invocations":1,"location":null,"numPassingAsserts":3,"retryReasons":[],"status":"passed","title":"fetchProtocol should handle success"},{"ancestorTitles":["Indexer Service Logic"],"duration":1,"failureDetails":[],"failureMessages":[],"fullName":"Indexer Service Logic fetchProtocol should handle DB error and return null","invocations":1,"location":null,"numPassingAsserts":1,"retryReasons":[],"status":"passed","title":"fetchProtocol should handle DB error and return null"},{"ancestorTitles":["Indexer Service Logic"],"duration":1,"failureDetails":[],"failureMessages":[],"fullName":"Indexer Service Logic fetchActiveTraders24h should return count","invocations":1,"location":null,"numPassingAsserts":1,"retryReasons":[],"status":"passed","title":"fetchActiveTraders24h should return count"},{"ancestorTitles":["Indexer Service Logic"],"duration":1,"failureDetails":[],"failureMessages":[],"fullName":"Indexer Service Logic fetchActiveTraders24h should handle error","invocations":1,"location":null,"numPassingAsserts":1,"retryReasons":[],"status":"passed","title":"fetchActiveTraders24h should handle error"},{"ancestorTitles":["Indexer Service Logic"],"duration":3,"failureDetails":[{"matcherResult":{"message":"expect(received).toBeGreaterThan(expected)\n\nExpected: > 0\nReceived:   0","pass":false}}],"failureMessages":["Error: expect(received).toBeGreaterThan(expected)\n\nExpected: > 0\nReceived:   0\n    at Object.<anonymous> (C:\\Users\\amir2\\Desktop\\realyx\\backend\\src\\__tests__\\indexer_logic.test.ts:62:32)\n    at processTicksAndRejections (node:internal/process/task_queues:95:5)"],"fullName":"Indexer Service Logic fetchMarkets should merge onchain and DB stats","invocations":1,"location":null,"numPassingAsserts":0,"retryReasons":[],"status":"failed","title":"fetchMarkets should merge onchain and DB stats"},{"ancestorTitles":["Indexer Service Logic"],"duration":3,"failureDetails":[],"failureMessages":[],"fullName":"Indexer Service Logic fetchUserPositions should return parsed positions","invocations":1,"location":null,"numPassingAsserts":3,"retryReasons":[],"status":"passed","title":"fetchUserPositions should return parsed positions"},{"ancestorTitles":["Indexer Service Logic"],"duration":2,"failureDetails":[],"failureMessages":[],"fullName":"Indexer Service Logic fetchUserTrades should return history","invocations":1,"location":null,"numPassingAsserts":2,"retryReasons":[],"status":"passed","title":"fetchUserTrades should return history"},{"ancestorTitles":["Indexer Service Logic"],"duration":1,"failureDetails":[],"failureMessages":[],"fullName":"Indexer Service Logic fetchLeaderboard should return ranked users","invocations":1,"location":null,"numPassingAsserts":2,"retryReasons":[],"status":"passed","title":"fetchLeaderboard should return ranked users"},{"ancestorTitles":["Indexer Service Logic"],"duration":5,"failureDetails":[],"failureMessages":[],"fullName":"Indexer Service Logic fetchProtocolMetrics should handle failure","invocations":1,"location":null,"numPassingAsserts":1,"retryReasons":[],"status":"passed","title":"fetchProtocolMetrics should handle failure"}],"endTime":1776452012581,"message":"  ● Indexer Service Logic › fetchMarkets should merge onchain and DB stats\n\n    expect(received).toBeGreaterThan(expected)\n\n    Expected: > 0\n    Received:   0\n\n    \u001b[0m \u001b[90m 60 |\u001b[39m         \n     \u001b[90m 61 |\u001b[39m         \u001b[36mconst\u001b[39m markets \u001b[33m=\u001b[39m \u001b[36mawait\u001b[39m fetchMarkets()\u001b[33m;\u001b[39m\n    \u001b[31m\u001b[1m>\u001b[22m\u001b[39m\u001b[90m 62 |\u001b[39m         expect(markets\u001b[33m.\u001b[39mlength)\u001b[33m.\u001b[39mtoBeGreaterThan(\u001b[35m0\u001b[39m)\u001b[33m;\u001b[39m\n     \u001b[90m    |\u001b[39m                                \u001b[31m\u001b[1m^\u001b[22m\u001b[39m\n     \u001b[90m 63 |\u001b[39m         \u001b[36mconst\u001b[39m m \u001b[33m=\u001b[39m markets\u001b[33m.\u001b[39mfind(x \u001b[33m=>\u001b[39m x\u001b[33m.\u001b[39mmarketAddress\u001b[33m.\u001b[39mtoLowerCase() \u001b[33m===\u001b[39m \u001b[32m'0xabc'\u001b[39m)\u001b[33m;\u001b[39m\n     \u001b[90m 64 |\u001b[39m         \u001b[36mif\u001b[39m (m) {\n     \u001b[90m 65 |\u001b[39m             expect(m\u001b[33m.\u001b[39mvolume24h)\u001b[33m.\u001b[39mtoBe(\u001b[32m'500'\u001b[39m)\u001b[33m;\u001b[39m\u001b[0m\n\n      at Object.<anonymous> (src/__tests__/indexer_logic.test.ts:62:32)\n","name":"C:\\Users\\amir2\\Desktop\\realyx\\backend\\src\\__tests__\\indexer_logic.test.ts","startTime":1776452011458,"status":"failed","summary":""},{"assertionResults":[{"ancestorTitles":["External Services Logic","Pyth Service"],"duration":18,"failureDetails":[],"failureMessages":[],"fullName":"External Services Logic Pyth Service fetchPythPrices should handle success","invocations":1,"location":null,"numPassingAsserts":1,"retryReasons":[],"status":"passed","title":"fetchPythPrices should handle success"},{"ancestorTitles":["External Services Logic","Pyth Service"],"duration":1,"failureDetails":[],"failureMessages":[],"fullName":"External Services Logic Pyth Service fetchPythPrices should handle exhaustion/failure","invocations":1,"location":null,"numPassingAsserts":1,"retryReasons":[],"status":"passed","title":"fetchPythPrices should handle exhaustion/failure"},{"ancestorTitles":["External Services Logic","Pyth Service"],"duration":4,"failureDetails":[{"matcherResult":{"message":"expect(received).toBeGreaterThan(expected)\n\nExpected: > 0\nReceived:   0","pass":false}}],"failureMessages":["Error: expect(received).toBeGreaterThan(expected)\n\nExpected: > 0\nReceived:   0\n    at Object.<anonymous> (C:\\Users\\amir2\\Desktop\\realyx\\backend\\src\\__tests__\\external_services_logic.test.ts:43:36)\n    at processTicksAndRejections (node:internal/process/task_queues:95:5)"],"fullName":"External Services Logic Pyth Service fetchPythPriceHistory should return formatted data","invocations":1,"location":null,"numPassingAsserts":0,"retryReasons":[],"status":"failed","title":"fetchPythPriceHistory should return formatted data"},{"ancestorTitles":["External Services Logic","Pyth Service"],"duration":2,"failureDetails":[],"failureMessages":[],"fullName":"External Services Logic Pyth Service fetchPythPriceHistoryHermes should work as fallback","invocations":1,"location":null,"numPassingAsserts":1,"retryReasons":[],"status":"passed","title":"fetchPythPriceHistoryHermes should work as fallback"},{"ancestorTitles":["External Services Logic","CoinGecko Service"],"duration":1,"failureDetails":[],"failureMessages":[],"fullName":"External Services Logic CoinGecko Service fetchCoinGeckoPrices should return prices","invocations":1,"location":null,"numPassingAsserts":1,"retryReasons":[],"status":"passed","title":"fetchCoinGeckoPrices should return prices"},{"ancestorTitles":["External Services Logic","CoinGecko Service"],"duration":3,"failureDetails":[],"failureMessages":[],"fullName":"External Services Logic CoinGecko Service fetchPriceHistory should handle failure","invocations":1,"location":null,"numPassingAsserts":1,"retryReasons":[],"status":"passed","title":"fetchPriceHistory should handle failure"}],"endTime":1776452012632,"message":"  ● External Services Logic › Pyth Service › fetchPythPriceHistory should return formatted data\n\n    expect(received).toBeGreaterThan(expected)\n\n    Expected: > 0\n    Received:   0\n\n    \u001b[0m \u001b[90m 41 |\u001b[39m             })\u001b[33m;\u001b[39m\n     \u001b[90m 42 |\u001b[39m             \u001b[36mconst\u001b[39m history \u001b[33m=\u001b[39m \u001b[36mawait\u001b[39m fetchPythPriceHistory(\u001b[32m'0x986a383f6de4a24dd3f524f0f93546229b58265f'\u001b[39m\u001b[33m,\u001b[39m \u001b[35m1\u001b[39m)\u001b[33m;\u001b[39m\n    \u001b[31m\u001b[1m>\u001b[22m\u001b[39m\u001b[90m 43 |\u001b[39m             expect(history\u001b[33m.\u001b[39mlength)\u001b[33m.\u001b[39mtoBeGreaterThan(\u001b[35m0\u001b[39m)\u001b[33m;\u001b[39m\n     \u001b[90m    |\u001b[39m                                    \u001b[31m\u001b[1m^\u001b[22m\u001b[39m\n     \u001b[90m 44 |\u001b[39m         })\u001b[33m;\u001b[39m\n     \u001b[90m 45 |\u001b[39m\n     \u001b[90m 46 |\u001b[39m         it(\u001b[32m'fetchPythPriceHistoryHermes should work as fallback'\u001b[39m\u001b[33m,\u001b[39m \u001b[36masync\u001b[39m () \u001b[33m=>\u001b[39m {\u001b[0m\n\n      at Object.<anonymous> (src/__tests__/external_services_logic.test.ts:43:36)\n","name":"C:\\Users\\amir2\\Desktop\\realyx\\backend\\src\\__tests__\\external_services_logic.test.ts","startTime":1776452011525,"status":"failed","summary":""},{"assertionResults":[{"ancestorTitles":["User Tracking REST API"],"duration":50,"failureDetails":[],"failureMessages":[],"fullName":"User Tracking REST API should return user positions","invocations":1,"location":null,"numPassingAsserts":4,"retryReasons":[],"status":"passed","title":"should return user positions"},{"ancestorTitles":["User Tracking REST API"],"duration":11,"failureDetails":[],"failureMessages":[],"fullName":"User Tracking REST API should handle errors gracefully","invocations":1,"location":null,"numPassingAsserts":2,"retryReasons":[],"status":"passed","title":"should handle errors gracefully"}],"endTime":1776452014065,"message":"","name":"C:\\Users\\amir2\\Desktop\\realyx\\backend\\src\\__tests__\\user.test.ts","startTime":1776452011525,"status":"passed","summary":""},{"assertionResults":[{"ancestorTitles":["Insurance Routes Coverage"],"duration":34,"failureDetails":[],"failureMessages":[],"fullName":"Insurance Routes Coverage should get insurance claims","invocations":1,"location":null,"numPassingAsserts":2,"retryReasons":[],"status":"passed","title":"should get insurance claims"},{"ancestorTitles":["Insurance Routes Coverage"],"duration":9,"failureDetails":[],"failureMessages":[],"fullName":"Insurance Routes Coverage should handle claim coverage details","invocations":1,"location":null,"numPassingAsserts":1,"retryReasons":[],"status":"passed","title":"should handle claim coverage details"}],"endTime":1776452014291,"message":"","name":"C:\\Users\\amir2\\Desktop\\realyx\\backend\\src\\__tests__\\insurance.test.ts","startTime":1776452012683,"status":"passed","summary":""},{"assertionResults":[{"ancestorTitles":["Coverage Booster - Max coverage"],"duration":36,"failureDetails":[],"failureMessages":[],"fullName":"Coverage Booster - Max coverage GET /health should return 200, 400, 404 or 500","invocations":1,"location":null,"numPassingAsserts":1,"retryReasons":[],"status":"passed","title":"GET /health should return 200, 400, 404 or 500"},{"ancestorTitles":["Coverage Booster - Max coverage"],"duration":11,"failureDetails":[],"failureMessages":[],"fullName":"Coverage Booster - Max coverage GET /health/detailed should return 200, 400, 404 or 500","invocations":1,"location":null,"numPassingAsserts":1,"retryReasons":[],"status":"passed","title":"GET /health/detailed should return 200, 400, 404 or 500"},{"ancestorTitles":["Coverage Booster - Max coverage"],"duration":9,"failureDetails":[],"failureMessages":[],"fullName":"Coverage Booster - Max coverage GET /api/markets should return 200, 400, 404 or 500","invocations":1,"location":null,"numPassingAsserts":1,"retryReasons":[],"status":"passed","title":"GET /api/markets should return 200, 400, 404 or 500"},{"ancestorTitles":["Coverage Booster - Max coverage"],"duration":15,"failureDetails":[],"failureMessages":[],"fullName":"Coverage Booster - Max coverage GET /api/stats should return 200, 400, 404 or 500","invocations":1,"location":null,"numPassingAsserts":1,"retryReasons":[],"status":"passed","title":"GET /api/stats should return 200, 400, 404 or 500"},{"ancestorTitles":["Coverage Booster - Max coverage"],"duration":8,"failureDetails":[],"failureMessages":[],"fullName":"Coverage Booster - Max coverage GET /api/stats/history should return 200, 400, 404 or 500","invocations":1,"location":null,"numPassingAsserts":1,"retryReasons":[],"status":"passed","title":"GET /api/stats/history should return 200, 400, 404 or 500"},{"ancestorTitles":["Coverage Booster - Max coverage"],"duration":84,"failureDetails":[],"failureMessages":[],"fullName":"Coverage Booster - Max coverage GET /api/stats/history?days=7&period=day should return 200, 400, 404 or 500","invocations":1,"location":null,"numPassingAsserts":1,"retryReasons":[],"status":"passed","title":"GET /api/stats/history?days=7&period=day should return 200, 400, 404 or 500"},{"ancestorTitles":["Coverage Booster - Max coverage"],"duration":7,"failureDetails":[],"failureMessages":[],"fullName":"Coverage Booster - Max coverage GET /api/stats/history?days=30&period=hour should return 200, 400, 404 or 500","invocations":1,"location":null,"numPassingAsserts":1,"retryReasons":[],"status":"passed","title":"GET /api/stats/history?days=30&period=hour should return 200, 400, 404 or 500"},{"ancestorTitles":["Coverage Booster - Max coverage"],"duration":5,"failureDetails":[],"failureMessages":[],"fullName":"Coverage Booster - Max coverage GET /api/stats/history?days=1&period=minute should return 200, 400, 404 or 500","invocations":1,"location":null,"numPassingAsserts":1,"retryReasons":[],"status":"passed","title":"GET /api/stats/history?days=1&period=minute should return 200, 400, 404 or 500"},{"ancestorTitles":["Coverage Booster - Max coverage"],"duration":8,"failureDetails":[],"failureMessages":[],"fullName":"Coverage Booster - Max coverage GET /api/insurance/claims should return 200, 400, 404 or 500","invocations":1,"location":null,"numPassingAsserts":1,"retryReasons":[],"status":"passed","title":"GET /api/insurance/claims should return 200, 400, 404 or 500"},{"ancestorTitles":["Coverage Booster - Max coverage"],"duration":8,"failureDetails":[],"failureMessages":[],"fullName":"Coverage Booster - Max coverage GET /api/insurance/claims/1 should return 200, 400, 404 or 500","invocations":1,"location":null,"numPassingAsserts":1,"retryReasons":[],"status":"passed","title":"GET /api/insurance/claims/1 should return 200, 400, 404 or 500"},{"ancestorTitles":["Coverage Booster - Max coverage"],"duration":6,"failureDetails":[],"failureMessages":[],"fullName":"Coverage Booster - Max coverage GET /api/user/0x123/positions should return 200, 400, 404 or 500","invocations":1,"location":null,"numPassingAsserts":1,"retryReasons":[],"status":"passed","title":"GET /api/user/0x123/positions should return 200, 400, 404 or 500"},{"ancestorTitles":["Coverage Booster - Max coverage"],"duration":6,"failureDetails":[],"failureMessages":[],"fullName":"Coverage Booster - Max coverage GET /api/user/0x123/trades should return 200, 400, 404 or 500","invocations":1,"location":null,"numPassingAsserts":1,"retryReasons":[],"status":"passed","title":"GET /api/user/0x123/trades should return 200, 400, 404 or 500"},{"ancestorTitles":["Coverage Booster - Max coverage"],"duration":6,"failureDetails":[],"failureMessages":[],"fullName":"Coverage Booster - Max coverage GET /api/user/0x123/trades?first=50 should return 200, 400, 404 or 500","invocations":1,"location":null,"numPassingAsserts":1,"retryReasons":[],"status":"passed","title":"GET /api/user/0x123/trades?first=50 should return 200, 400, 404 or 500"},{"ancestorTitles":["Coverage Booster - Max coverage"],"duration":5,"failureDetails":[],"failureMessages":[],"fullName":"Coverage Booster - Max coverage GET /api/user/invalid-address/positions should return 200, 400, 404 or 500","invocations":1,"location":null,"numPassingAsserts":1,"retryReasons":[],"status":"passed","title":"GET /api/user/invalid-address/positions should return 200, 400, 404 or 500"},{"ancestorTitles":["Coverage Booster - Max coverage"],"duration":5,"failureDetails":[],"failureMessages":[],"fullName":"Coverage Booster - Max coverage GET /api/leaderboard should return 200, 400, 404 or 500","invocations":1,"location":null,"numPassingAsserts":1,"retryReasons":[],"status":"passed","title":"GET /api/leaderboard should return 200, 400, 404 or 500"},{"ancestorTitles":["Coverage Booster - Max coverage"],"duration":5,"failureDetails":[],"failureMessages":[],"fullName":"Coverage Booster - Max coverage GET /api/leaderboard?first=50 should return 200, 400, 404 or 500","invocations":1,"location":null,"numPassingAsserts":1,"retryReasons":[],"status":"passed","title":"GET /api/leaderboard?first=50 should return 200, 400, 404 or 500"},{"ancestorTitles":["Coverage Booster - Max coverage"],"duration":5,"failureDetails":[],"failureMessages":[],"fullName":"Coverage Booster - Max coverage GET /api/markets?sortDir=desc&sortBy=dailyVolume should return 200, 400, 404 or 500","invocations":1,"location":null,"numPassingAsserts":1,"retryReasons":[],"status":"passed","title":"GET /api/markets?sortDir=desc&sortBy=dailyVolume should return 200, 400, 404 or 500"},{"ancestorTitles":["Coverage Booster - Max coverage"],"duration":5,"failureDetails":[],"failureMessages":[],"fullName":"Coverage Booster - Max coverage GET /api/markets?sortDir=asc&sortBy=priceChange24h should return 200, 400, 404 or 500","invocations":1,"location":null,"numPassingAsserts":1,"retryReasons":[],"status":"passed","title":"GET /api/markets?sortDir=asc&sortBy=priceChange24h should return 200, 400, 404 or 500"},{"ancestorTitles":["Coverage Booster - Max coverage"],"duration":5,"failureDetails":[],"failureMessages":[],"fullName":"Coverage Booster - Max coverage GET /api/markets?sortDir=desc&sortBy=name should return 200, 400, 404 or 500","invocations":1,"location":null,"numPassingAsserts":1,"retryReasons":[],"status":"passed","title":"GET /api/markets?sortDir=desc&sortBy=name should return 200, 400, 404 or 500"},{"ancestorTitles":["Coverage Booster - Max coverage"],"duration":5,"failureDetails":[],"failureMessages":[],"fullName":"Coverage Booster - Max coverage GET /api/markets?sortDir=asc&sortBy=totalLongSize should return 200, 400, 404 or 500","invocations":1,"location":null,"numPassingAsserts":1,"retryReasons":[],"status":"passed","title":"GET /api/markets?sortDir=asc&sortBy=totalLongSize should return 200, 400, 404 or 500"},{"ancestorTitles":["Coverage Booster - Max coverage"],"duration":5,"failureDetails":[],"failureMessages":[],"fullName":"Coverage Booster - Max coverage GET /api/markets?sortDir=desc&sortBy=totalShortSize should return 200, 400, 404 or 500","invocations":1,"location":null,"numPassingAsserts":1,"retryReasons":[],"status":"passed","title":"GET /api/markets?sortDir=desc&sortBy=totalShortSize should return 200, 400, 404 or 500"},{"ancestorTitles":["Coverage Booster - Max coverage"],"duration":6,"failureDetails":[],"failureMessages":[],"fullName":"Coverage Booster - Max coverage GET /api/markets?sortDir=asc&sortBy=fundingRate should return 200, 400, 404 or 500","invocations":1,"location":null,"numPassingAsserts":1,"retryReasons":[],"status":"passed","title":"GET /api/markets?sortDir=asc&sortBy=fundingRate should return 200, 400, 404 or 500"},{"ancestorTitles":["Coverage Booster - Max coverage"],"duration":7,"failureDetails":[],"failureMessages":[],"fullName":"Coverage Booster - Max coverage GET /api/markets?category=CRYPTO should return 200, 400, 404 or 500","invocations":1,"location":null,"numPassingAsserts":1,"retryReasons":[],"status":"passed","title":"GET /api/markets?category=CRYPTO should return 200, 400, 404 or 500"},{"ancestorTitles":["Coverage Booster - Max coverage"],"duration":7,"failureDetails":[],"failureMessages":[],"fullName":"Coverage Booster - Max coverage GET /api/markets?category=FOREX should return 200, 400, 404 or 500","invocations":1,"location":null,"numPassingAsserts":1,"retryReasons":[],"status":"passed","title":"GET /api/markets?category=FOREX should return 200, 400, 404 or 500"},{"ancestorTitles":["Coverage Booster - Max coverage"],"duration":6,"failureDetails":[],"failureMessages":[],"fullName":"Coverage Booster - Max coverage GET /api/markets/price-history/0x986a383f6de4a24dd3f524f0f93546229b58265f should return 200, 400, 404 or 500","invocations":1,"location":null,"numPassingAsserts":1,"retryReasons":[],"status":"passed","title":"GET /api/markets/price-history/0x986a383f6de4a24dd3f524f0f93546229b58265f should return 200, 400, 404 or 500"},{"ancestorTitles":["Coverage Booster - Max coverage"],"duration":6,"failureDetails":[],"failureMessages":[],"fullName":"Coverage Booster - Max coverage GET /api/markets/price-history/0x926a383f6de4a24dd3f524f0f93546229b58265f should return 200, 400, 404 or 500","invocations":1,"location":null,"numPassingAsserts":1,"retryReasons":[],"status":"passed","title":"GET /api/markets/price-history/0x926a383f6de4a24dd3f524f0f93546229b58265f should return 200, 400, 404 or 500"},{"ancestorTitles":["Coverage Booster - Max coverage"],"duration":5,"failureDetails":[],"failureMessages":[],"fullName":"Coverage Booster - Max coverage GET /api/markets/price-history/invalid-id should return 200, 400, 404 or 500","invocations":1,"location":null,"numPassingAsserts":1,"retryReasons":[],"status":"passed","title":"GET /api/markets/price-history/invalid-id should return 200, 400, 404 or 500"},{"ancestorTitles":["Coverage Booster - Max coverage"],"duration":7,"failureDetails":[],"failureMessages":[],"fullName":"Coverage Booster - Max coverage GET /api/invalid-route should return 200, 400, 404 or 500","invocations":1,"location":null,"numPassingAsserts":1,"retryReasons":[],"status":"passed","title":"GET /api/invalid-route should return 200, 400, 404 or 500"},{"ancestorTitles":["Coverage Booster - Max coverage"],"duration":5,"failureDetails":[],"failureMessages":[],"fullName":"Coverage Booster - Max coverage should handle user address missing error","invocations":1,"location":null,"numPassingAsserts":1,"retryReasons":[],"status":"passed","title":"should handle user address missing error"}],"endTime":1776452014532,"message":"","name":"C:\\Users\\amir2\\Desktop\\realyx\\backend\\src\\__tests__\\coverage_booster.test.ts","startTime":1776452012624,"status":"passed","summary":""},{"assertionResults":[{"ancestorTitles":["Markets API"],"duration":8,"failureDetails":[],"failureMessages":[],"fullName":"Markets API should filter active markets and return output","invocations":1,"location":null,"numPassingAsserts":4,"retryReasons":[],"status":"passed","title":"should filter active markets and return output"},{"ancestorTitles":["Markets API"],"duration":6,"failureDetails":[],"failureMessages":[],"fullName":"Markets API should return fallback data on subgraph failures","invocations":1,"location":null,"numPassingAsserts":3,"retryReasons":[],"status":"passed","title":"should return fallback data on subgraph failures"}],"endTime":1776452014963,"message":"","name":"C:\\Users\\amir2\\Desktop\\realyx\\backend\\src\\__tests__\\markets.test.ts","startTime":1776452014581,"status":"passed","summary":""},{"assertionResults":[{"ancestorTitles":["wsServer Coverage"],"duration":537,"failureDetails":[],"failureMessages":[],"fullName":"wsServer Coverage should handle connections and messages","invocations":1,"location":null,"numPassingAsserts":0,"retryReasons":[],"status":"passed","title":"should handle connections and messages"},{"ancestorTitles":["wsServer Coverage"],"duration":9,"failureDetails":[],"failureMessages":[],"fullName":"wsServer Coverage should handle concurrent connections","invocations":1,"location":null,"numPassingAsserts":0,"retryReasons":[],"status":"passed","title":"should handle concurrent connections"}],"endTime":1776452015062,"message":"","name":"C:\\Users\\amir2\\Desktop\\realyx\\backend\\src\\__tests__\\wsServer_coverage.test.ts","startTime":1776452014380,"status":"passed","summary":""},{"assertionResults":[{"ancestorTitles":["WebSocket Server Integration"],"duration":512,"failureDetails":[],"failureMessages":[],"fullName":"WebSocket Server Integration should accept client connections and respond to subscriptions","invocations":1,"location":null,"numPassingAsserts":2,"retryReasons":[],"status":"passed","title":"should accept client connections and respond to subscriptions"}],"endTime":1776452015338,"message":"","name":"C:\\Users\\amir2\\Desktop\\realyx\\backend\\src\\__tests__\\ws.test.ts","startTime":1776452014164,"status":"passed","summary":""},{"assertionResults":[{"ancestorTitles":["Health and Simple Routes Testing"],"duration":9,"failureDetails":[],"failureMessages":[],"fullName":"Health and Simple Routes Testing should hit /health natively and return standard status payload","invocations":1,"location":null,"numPassingAsserts":3,"retryReasons":[],"status":"passed","title":"should hit /health natively and return standard status payload"}],"endTime":1776452015332,"message":"","name":"C:\\Users\\amir2\\Desktop\\realyx\\backend\\src\\__tests__\\health.test.ts","startTime":1776452015021,"status":"passed","summary":""},{"assertionResults":[{"ancestorTitles":["API Routes Coverage"],"duration":9,"failureDetails":[],"failureMessages":[],"fullName":"API Routes Coverage GET /health should return 200 OK","invocations":1,"location":null,"numPassingAsserts":2,"retryReasons":[],"status":"passed","title":"GET /health should return 200 OK"},{"ancestorTitles":["API Routes Coverage"],"duration":8,"failureDetails":[],"failureMessages":[],"fullName":"API Routes Coverage GET /api/user/0x123/positions should return positions","invocations":1,"location":null,"numPassingAsserts":2,"retryReasons":[],"status":"passed","title":"GET /api/user/0x123/positions should return positions"}],"endTime":1776452015418,"message":"","name":"C:\\Users\\amir2\\Desktop\\realyx\\backend\\src\\__tests__\\api.test.ts","startTime":1776452015084,"status":"passed","summary":""},{"assertionResults":[{"ancestorTitles":["Middleware Coverage Enhancement","Rate Limiter"],"duration":2,"failureDetails":[],"failureMessages":[],"fullName":"Middleware Coverage Enhancement Rate Limiter getClientIp should handle x-forwarded-for string","invocations":1,"location":null,"numPassingAsserts":1,"retryReasons":[],"status":"passed","title":"getClientIp should handle x-forwarded-for string"},{"ancestorTitles":["Middleware Coverage Enhancement","Rate Limiter"],"duration":0,"failureDetails":[],"failureMessages":[],"fullName":"Middleware Coverage Enhancement Rate Limiter getClientIp should handle x-forwarded-for array","invocations":1,"location":null,"numPassingAsserts":1,"retryReasons":[],"status":"passed","title":"getClientIp should handle x-forwarded-for array"},{"ancestorTitles":["Middleware Coverage Enhancement","Rate Limiter"],"duration":0,"failureDetails":[],"failureMessages":[],"fullName":"Middleware Coverage Enhancement Rate Limiter getClientIp should default to req.ip","invocations":1,"location":null,"numPassingAsserts":1,"retryReasons":[],"status":"passed","title":"getClientIp should default to req.ip"},{"ancestorTitles":["Middleware Coverage Enhancement","Rate Limiter"],"duration":1,"failureDetails":[],"failureMessages":[],"fullName":"Middleware Coverage Enhancement Rate Limiter should trigger rate limit error","invocations":1,"location":null,"numPassingAsserts":1,"retryReasons":[],"status":"passed","title":"should trigger rate limit error"},{"ancestorTitles":["Middleware Coverage Enhancement","Rate Limiter"],"duration":1,"failureDetails":[],"failureMessages":[],"fullName":"Middleware Coverage Enhancement Rate Limiter should handle WS rate limiting","invocations":1,"location":null,"numPassingAsserts":12,"retryReasons":[],"status":"passed","title":"should handle WS rate limiting"},{"ancestorTitles":["Middleware Coverage Enhancement","Metrics Middleware"],"duration":53,"failureDetails":[],"failureMessages":[],"fullName":"Middleware Coverage Enhancement Metrics Middleware should track request duration","invocations":1,"location":null,"numPassingAsserts":1,"retryReasons":[],"status":"passed","title":"should track request duration"}],"endTime":1776452015538,"message":"","name":"C:\\Users\\amir2\\Desktop\\realyx\\backend\\src\\__tests__\\middleware_coverage.test.ts","startTime":1776452015393,"status":"passed","summary":""},{"assertionResults":[{"ancestorTitles":["rateLimit branch coverage"],"duration":5,"failureDetails":[],"failureMessages":[],"fullName":"rateLimit branch coverage resets request window after expiry","invocations":1,"location":null,"numPassingAsserts":2,"retryReasons":[],"status":"passed","title":"resets request window after expiry"},{"ancestorTitles":["rateLimit branch coverage"],"duration":1,"failureDetails":[],"failureMessages":[],"fullName":"rateLimit branch coverage falls back to unknown client ip","invocations":1,"location":null,"numPassingAsserts":1,"retryReasons":[],"status":"passed","title":"falls back to unknown client ip"},{"ancestorTitles":["rateLimit branch coverage"],"duration":5,"failureDetails":[],"failureMessages":[],"fullName":"rateLimit branch coverage cleans up expired entries via interval","invocations":1,"location":null,"numPassingAsserts":1,"retryReasons":[],"status":"passed","title":"cleans up expired entries via interval"}],"endTime":1776452015577,"message":"","name":"C:\\Users\\amir2\\Desktop\\realyx\\backend\\src\\__tests__\\rateLimit_branches.test.ts","startTime":1776452015483,"status":"passed","summary":""},{"assertionResults":[{"ancestorTitles":["CoinGecko Service Network"],"duration":2,"failureDetails":[],"failureMessages":[],"fullName":"CoinGecko Service Network fetchCoinGeckoPrices should parse markets response","invocations":1,"location":null,"numPassingAsserts":2,"retryReasons":[],"status":"passed","title":"fetchCoinGeckoPrices should parse markets response"},{"ancestorTitles":["CoinGecko Service Network"],"duration":1,"failureDetails":[],"failureMessages":[],"fullName":"CoinGecko Service Network getCoinGeckoIdForMarket should return id for bitcoin market","invocations":1,"location":null,"numPassingAsserts":1,"retryReasons":[],"status":"passed","title":"getCoinGeckoIdForMarket should return id for bitcoin market"}],"endTime":1776452015651,"message":"","name":"C:\\Users\\amir2\\Desktop\\realyx\\backend\\src\\__tests__\\coingecko_network.test.ts","startTime":1776452015556,"status":"passed","summary":""},{"assertionResults":[{"ancestorTitles":["Metrics Middleware"],"duration":0,"failureDetails":[],"failureMessages":[],"fullName":"Metrics Middleware should handle request and emit statistics on completion","invocations":1,"location":null,"numPassingAsserts":1,"retryReasons":[],"status":"passed","title":"should handle request and emit statistics on completion"},{"ancestorTitles":["Metrics Middleware"],"duration":0,"failureDetails":[],"failureMessages":[],"fullName":"Metrics Middleware should log errors on status >= 500","invocations":1,"location":null,"numPassingAsserts":0,"retryReasons":[],"status":"passed","title":"should log errors on status >= 500"},{"ancestorTitles":["Metrics Middleware"],"duration":1,"failureDetails":[],"failureMessages":[],"fullName":"Metrics Middleware should log slow requests in development mode","invocations":1,"location":null,"numPassingAsserts":1,"retryReasons":[],"status":"passed","title":"should log slow requests in development mode"}],"endTime":1776452015688,"message":"","name":"C:\\Users\\amir2\\Desktop\\realyx\\backend\\src\\__tests__\\metrics.test.ts","startTime":1776452015597,"status":"passed","summary":""},{"assertionResults":[{"ancestorTitles":["Format Utils"],"duration":1,"failureDetails":[],"failureMessages":[],"fullName":"Format Utils toDecimal should convert large string numbers to decimal precision strings","invocations":1,"location":null,"numPassingAsserts":3,"retryReasons":[],"status":"passed","title":"toDecimal should convert large string numbers to decimal precision strings"},{"ancestorTitles":["Format Utils"],"duration":0,"failureDetails":[],"failureMessages":[],"fullName":"Format Utils PRECISION_1E18 should be correct","invocations":1,"location":null,"numPassingAsserts":1,"retryReasons":[],"status":"passed","title":"PRECISION_1E18 should be correct"}],"endTime":1776452015766,"message":"","name":"C:\\Users\\amir2\\Desktop\\realyx\\backend\\src\\__tests__\\utils.test.ts","startTime":1776452015669,"status":"passed","summary":""},{"assertionResults":[{"ancestorTitles":["Pyth Service Helpers"],"duration":1,"failureDetails":[],"failureMessages":[],"fullName":"Pyth Service Helpers getPythFeedId should return correct ID for known markets","invocations":1,"location":null,"numPassingAsserts":2,"retryReasons":[],"status":"passed","title":"getPythFeedId should return correct ID for known markets"},{"ancestorTitles":["Pyth Service Helpers"],"duration":1,"failureDetails":[],"failureMessages":[],"fullName":"Pyth Service Helpers getPythTvSymbol should return correct symbol","invocations":1,"location":null,"numPassingAsserts":2,"retryReasons":[],"status":"passed","title":"getPythTvSymbol should return correct symbol"},{"ancestorTitles":["Subgraph Service Basic"],"duration":0,"failureDetails":[],"failureMessages":[],"fullName":"Subgraph Service Basic should work with mocked fetchProtocol","invocations":1,"location":null,"numPassingAsserts":1,"retryReasons":[],"status":"passed","title":"should work with mocked fetchProtocol"}],"endTime":1776452015790,"message":"","name":"C:\\Users\\amir2\\Desktop\\realyx\\backend\\src\\__tests__\\services.test.ts","startTime":1776452015704,"status":"passed","summary":""},{"assertionResults":[{"ancestorTitles":["Leaderboard API"],"duration":13,"failureDetails":[],"failureMessages":[],"fullName":"Leaderboard API returns top traders from indexer","invocations":1,"location":null,"numPassingAsserts":5,"retryReasons":[],"status":"passed","title":"returns top traders from indexer"},{"ancestorTitles":["Leaderboard API"],"duration":16,"failureDetails":[],"failureMessages":[],"fullName":"Leaderboard API passes timeframe to indexer","invocations":1,"location":null,"numPassingAsserts":2,"retryReasons":[],"status":"passed","title":"passes timeframe to indexer"},{"ancestorTitles":["Leaderboard API"],"duration":12,"failureDetails":[],"failureMessages":[],"fullName":"Leaderboard API handles indexer errors gracefully","invocations":1,"location":null,"numPassingAsserts":2,"retryReasons":[],"status":"passed","title":"handles indexer errors gracefully"}],"endTime":1776452015819,"message":"","name":"C:\\Users\\amir2\\Desktop\\realyx\\backend\\src\\__tests__\\leaderboard.test.ts","startTime":1776452015362,"status":"passed","summary":""},{"assertionResults":[{"ancestorTitles":["Active Markets Service"],"duration":3,"failureDetails":[],"failureMessages":[],"fullName":"Active Markets Service getActiveMarketAddresses should return a set of lowercased addresses","invocations":1,"location":null,"numPassingAsserts":2,"retryReasons":[],"status":"passed","title":"getActiveMarketAddresses should return a set of lowercased addresses"},{"ancestorTitles":["Active Markets Service"],"duration":1,"failureDetails":[],"failureMessages":[],"fullName":"Active Markets Service should handle RPC failure","invocations":1,"location":null,"numPassingAsserts":1,"retryReasons":[],"status":"passed","title":"should handle RPC failure"}],"endTime":1776452015879,"message":"","name":"C:\\Users\\amir2\\Desktop\\realyx\\backend\\src\\__tests__\\activeMarkets.test.ts","startTime":1776452015780,"status":"passed","summary":""},{"assertionResults":[{"ancestorTitles":["Pyth Service Network Tests"],"duration":1,"failureDetails":[],"failureMessages":[],"fullName":"Pyth Service Network Tests fetchPythPrices should handle network failure gracefully","invocations":1,"location":null,"numPassingAsserts":1,"retryReasons":[],"status":"passed","title":"fetchPythPrices should handle network failure gracefully"},{"ancestorTitles":["Pyth Service Network Tests"],"duration":1,"failureDetails":[],"failureMessages":[],"fullName":"Pyth Service Network Tests fetchPythPrices should parse Hermes response correctly","invocations":1,"location":null,"numPassingAsserts":1,"retryReasons":[],"status":"passed","title":"fetchPythPrices should parse Hermes response correctly"}],"endTime":1776452015911,"message":"","name":"C:\\Users\\amir2\\Desktop\\realyx\\backend\\src\\__tests__\\pyth_network.test.ts","startTime":1776452015810,"status":"passed","summary":""},{"assertionResults":[{"ancestorTitles":["Config"],"duration":1,"failureDetails":[],"failureMessages":[],"fullName":"Config should possess all environment variables","invocations":1,"location":null,"numPassingAsserts":7,"retryReasons":[],"status":"passed","title":"should possess all environment variables"}],"endTime":1776452015985,"message":"","name":"C:\\Users\\amir2\\Desktop\\realyx\\backend\\src\\__tests__\\config.test.ts","startTime":1776452015905,"status":"passed","summary":""},{"assertionResults":[{"ancestorTitles":["Rate Limit Middleware"],"duration":1,"failureDetails":[],"failureMessages":[],"fullName":"Rate Limit Middleware should allow initial request","invocations":1,"location":null,"numPassingAsserts":1,"retryReasons":[],"status":"passed","title":"should allow initial request"},{"ancestorTitles":["Rate Limit Middleware"],"duration":1,"failureDetails":[],"failureMessages":[],"fullName":"Rate Limit Middleware should track WS connections","invocations":1,"location":null,"numPassingAsserts":1,"retryReasons":[],"status":"passed","title":"should track WS connections"},{"ancestorTitles":["Rate Limit Middleware"],"duration":0,"failureDetails":[],"failureMessages":[],"fullName":"Rate Limit Middleware should fail WS limit if exceeded","invocations":1,"location":null,"numPassingAsserts":1,"retryReasons":[],"status":"passed","title":"should fail WS limit if exceeded"}],"endTime":1776452015985,"message":"","name":"C:\\Users\\amir2\\Desktop\\realyx\\backend\\src\\__tests__\\middleware.test.ts","startTime":1776452015898,"status":"passed","summary":""},{"assertionResults":[{"ancestorTitles":["Aggregate API Routes Coverage (No Mocks)"],"duration":48,"failureDetails":[],"failureMessages":[],"fullName":"Aggregate API Routes Coverage (No Mocks) GET /health","invocations":1,"location":null,"numPassingAsserts":1,"retryReasons":[],"status":"passed","title":"GET /health"},{"ancestorTitles":["Aggregate API Routes Coverage (No Mocks)"],"duration":13,"failureDetails":[],"failureMessages":[],"fullName":"Aggregate API Routes Coverage (No Mocks) GET /api/insurance/claims","invocations":1,"location":null,"numPassingAsserts":1,"retryReasons":[],"status":"passed","title":"GET /api/insurance/claims"},{"ancestorTitles":["Aggregate API Routes Coverage (No Mocks)"],"duration":14,"failureDetails":[],"failureMessages":[],"fullName":"Aggregate API Routes Coverage (No Mocks) GET /api/leaderboard","invocations":1,"location":null,"numPassingAsserts":1,"retryReasons":[],"status":"passed","title":"GET /api/leaderboard"},{"ancestorTitles":["Aggregate API Routes Coverage (No Mocks)"],"duration":4348,"failureDetails":[],"failureMessages":[],"fullName":"Aggregate API Routes Coverage (No Mocks) GET /api/stats","invocations":1,"location":null,"numPassingAsserts":1,"retryReasons":[],"status":"passed","title":"GET /api/stats"},{"ancestorTitles":["Aggregate API Routes Coverage (No Mocks)"],"duration":5,"failureDetails":[],"failureMessages":[],"fullName":"Aggregate API Routes Coverage (No Mocks) GET /api/stats/history","invocations":1,"location":null,"numPassingAsserts":1,"retryReasons":[],"status":"passed","title":"GET /api/stats/history"},{"ancestorTitles":["Aggregate API Routes Coverage (No Mocks)"],"duration":9,"failureDetails":[],"failureMessages":[],"fullName":"Aggregate API Routes Coverage (No Mocks) GET /api/markets","invocations":1,"location":null,"numPassingAsserts":1,"retryReasons":[],"status":"passed","title":"GET /api/markets"},{"ancestorTitles":["Aggregate API Routes Coverage (No Mocks)"],"duration":5,"failureDetails":[],"failureMessages":[],"fullName":"Aggregate API Routes Coverage (No Mocks) GET /api/user/0x0000000000000000000000000000000000000000/positions","invocations":1,"location":null,"numPassingAsserts":1,"retryReasons":[],"status":"passed","title":"GET /api/user/0x0000000000000000000000000000000000000000/positions"}],"endTime":1776452018367,"message":"","name":"C:\\Users\\amir2\\Desktop\\realyx\\backend\\src\\__tests__\\aggregate_api.test.ts","startTime":1776452011505,"status":"passed","summary":""},{"assertionResults":[{"ancestorTitles":["Markets Route Deep Coverage"],"duration":4506,"failureDetails":[],"failureMessages":[],"fullName":"Markets Route Deep Coverage should cover sorting by various fields","invocations":1,"location":null,"numPassingAsserts":0,"retryReasons":[],"status":"passed","title":"should cover sorting by various fields"},{"ancestorTitles":["Markets Route Deep Coverage"],"duration":17,"failureDetails":[],"failureMessages":[],"fullName":"Markets Route Deep Coverage should cover category filtering","invocations":1,"location":null,"numPassingAsserts":0,"retryReasons":[],"status":"passed","title":"should cover category filtering"},{"ancestorTitles":["Markets Route Deep Coverage"],"duration":14,"failureDetails":[],"failureMessages":[],"fullName":"Markets Route Deep Coverage should cover price history sources","invocations":1,"location":null,"numPassingAsserts":0,"retryReasons":[],"status":"passed","title":"should cover price history sources"},{"ancestorTitles":["Markets Route Deep Coverage"],"duration":4,"failureDetails":[],"failureMessages":[],"fullName":"Markets Route Deep Coverage should handle market not found for history","invocations":1,"location":null,"numPassingAsserts":1,"retryReasons":[],"status":"passed","title":"should handle market not found for history"},{"ancestorTitles":["Markets Route Deep Coverage"],"duration":4,"failureDetails":[],"failureMessages":[],"fullName":"Markets Route Deep Coverage should handle indexPrice calculation branches","invocations":1,"location":null,"numPassingAsserts":0,"retryReasons":[],"status":"passed","title":"should handle indexPrice calculation branches"},{"ancestorTitles":["Markets Route Deep Coverage"],"duration":5,"failureDetails":[],"failureMessages":[],"fullName":"Markets Route Deep Coverage should handle fallback mode if subgraph fails","invocations":1,"location":null,"numPassingAsserts":1,"retryReasons":[],"status":"passed","title":"should handle fallback mode if subgraph fails"}],"endTime":1776452018525,"message":"","name":"C:\\Users\\amir2\\Desktop\\realyx\\backend\\src\\__tests__\\markets_deep.test.ts","startTime":1776452011513,"status":"passed","summary":""},{"assertionResults":[{"ancestorTitles":["Stats API Testing (Integration)"],"duration":14119,"failureDetails":[],"failureMessages":[],"fullName":"Stats API Testing (Integration) should return 200 for /api/stats","invocations":1,"location":null,"numPassingAsserts":1,"retryReasons":[],"status":"passed","title":"should return 200 for /api/stats"},{"ancestorTitles":["Stats API Testing (Integration)"],"duration":7,"failureDetails":[],"failureMessages":[],"fullName":"Stats API Testing (Integration) should return 200 for /api/stats/history","invocations":1,"location":null,"numPassingAsserts":1,"retryReasons":[],"status":"passed","title":"should return 200 for /api/stats/history"}],"endTime":1776452028059,"message":"","name":"C:\\Users\\amir2\\Desktop\\realyx\\backend\\src\\__tests__\\stats.test.ts","startTime":1776452011465,"status":"passed","summary":""},{"assertionResults":[{"ancestorTitles":["Route Logic Booster","Sync Route Logic"],"duration":5029,"failureDetails":[{"message":"thrown: \"Exceeded timeout of 5000 ms for a test.\nAdd a timeout value to this test to increase the timeout, if this is a long-running test. See https://jestjs.io/docs/api#testname-fn-timeout.\""}],"failureMessages":["Error: thrown: \"Exceeded timeout of 5000 ms for a test.\nAdd a timeout value to this test to increase the timeout, if this is a long-running test. See https://jestjs.io/docs/api#testname-fn-timeout.\"\n    at C:\\Users\\amir2\\Desktop\\realyx\\backend\\src\\__tests__\\route_logic_booster.test.ts:16:9\n    at _dispatchDescribe (C:\\Users\\amir2\\Desktop\\realyx\\node_modules\\jest-circus\\build\\index.js:91:26)\n    at describe (C:\\Users\\amir2\\Desktop\\realyx\\node_modules\\jest-circus\\build\\index.js:55:5)\n    at C:\\Users\\amir2\\Desktop\\realyx\\backend\\src\\__tests__\\route_logic_booster.test.ts:15:5\n    at _dispatchDescribe (C:\\Users\\amir2\\Desktop\\realyx\\node_modules\\jest-circus\\build\\index.js:91:26)\n    at describe (C:\\Users\\amir2\\Desktop\\realyx\\node_modules\\jest-circus\\build\\index.js:55:5)\n    at Object.<anonymous> (C:\\Users\\amir2\\Desktop\\realyx\\backend\\src\\__tests__\\route_logic_booster.test.ts:7:1)\n    at Runtime._execModule (C:\\Users\\amir2\\Desktop\\realyx\\node_modules\\jest-runtime\\build\\index.js:1439:24)\n    at Runtime._loadModule (C:\\Users\\amir2\\Desktop\\realyx\\node_modules\\jest-runtime\\build\\index.js:1022:12)\n    at Runtime.requireModule (C:\\Users\\amir2\\Desktop\\realyx\\node_modules\\jest-runtime\\build\\index.js:882:12)\n    at jestAdapter (C:\\Users\\amir2\\Desktop\\realyx\\node_modules\\jest-circus\\build\\legacy-code-todo-rewrite\\jestAdapter.js:77:13)\n    at processTicksAndRejections (node:internal/process/task_queues:95:5)\n    at runTestInternal (C:\\Users\\amir2\\Desktop\\realyx\\node_modules\\jest-runner\\build\\runTest.js:367:16)\n    at runTest (C:\\Users\\amir2\\Desktop\\realyx\\node_modules\\jest-runner\\build\\runTest.js:444:34)\n    at Object.worker (C:\\Users\\amir2\\Desktop\\realyx\\node_modules\\jest-runner\\build\\testWorker.js:106:12)"],"fullName":"Route Logic Booster Sync Route Logic runSync should handle empty logs","invocations":1,"location":null,"numPassingAsserts":0,"retryReasons":[],"status":"failed","title":"runSync should handle empty logs"},{"ancestorTitles":["Route Logic Booster","Sync Route Logic"],"duration":3,"failureDetails":[],"failureMessages":[],"fullName":"Route Logic Booster Sync Route Logic checkAndSync should trigger if stale","invocations":1,"location":null,"numPassingAsserts":1,"retryReasons":[],"status":"passed","title":"checkAndSync should trigger if stale"},{"ancestorTitles":["Route Logic Booster","Sync Route Logic"],"duration":5002,"failureDetails":[{"message":"thrown: \"Exceeded timeout of 5000 ms for a test.\nAdd a timeout value to this test to increase the timeout, if this is a long-running test. See https://jestjs.io/docs/api#testname-fn-timeout.\""}],"failureMessages":["Error: thrown: \"Exceeded timeout of 5000 ms for a test.\nAdd a timeout value to this test to increase the timeout, if this is a long-running test. See https://jestjs.io/docs/api#testname-fn-timeout.\"\n    at C:\\Users\\amir2\\Desktop\\realyx\\backend\\src\\__tests__\\route_logic_booster.test.ts:32:9\n    at _dispatchDescribe (C:\\Users\\amir2\\Desktop\\realyx\\node_modules\\jest-circus\\build\\index.js:91:26)\n    at describe (C:\\Users\\amir2\\Desktop\\realyx\\node_modules\\jest-circus\\build\\index.js:55:5)\n    at C:\\Users\\amir2\\Desktop\\realyx\\backend\\src\\__tests__\\route_logic_booster.test.ts:15:5\n    at _dispatchDescribe (C:\\Users\\amir2\\Desktop\\realyx\\node_modules\\jest-circus\\build\\index.js:91:26)\n    at describe (C:\\Users\\amir2\\Desktop\\realyx\\node_modules\\jest-circus\\build\\index.js:55:5)\n    at Object.<anonymous> (C:\\Users\\amir2\\Desktop\\realyx\\backend\\src\\__tests__\\route_logic_booster.test.ts:7:1)\n    at Runtime._execModule (C:\\Users\\amir2\\Desktop\\realyx\\node_modules\\jest-runtime\\build\\index.js:1439:24)\n    at Runtime._loadModule (C:\\Users\\amir2\\Desktop\\realyx\\node_modules\\jest-runtime\\build\\index.js:1022:12)\n    at Runtime.requireModule (C:\\Users\\amir2\\Desktop\\realyx\\node_modules\\jest-runtime\\build\\index.js:882:12)\n    at jestAdapter (C:\\Users\\amir2\\Desktop\\realyx\\node_modules\\jest-circus\\build\\legacy-code-todo-rewrite\\jestAdapter.js:77:13)\n    at processTicksAndRejections (node:internal/process/task_queues:95:5)\n    at runTestInternal (C:\\Users\\amir2\\Desktop\\realyx\\node_modules\\jest-runner\\build\\runTest.js:367:16)\n    at runTest (C:\\Users\\amir2\\Desktop\\realyx\\node_modules\\jest-runner\\build\\runTest.js:444:34)\n    at Object.worker (C:\\Users\\amir2\\Desktop\\realyx\\node_modules\\jest-runner\\build\\testWorker.js:106:12)"],"fullName":"Route Logic Booster Sync Route Logic GET /api/sync should require auth or force key","invocations":1,"location":null,"numPassingAsserts":0,"retryReasons":[],"status":"failed","title":"GET /api/sync should require auth or force key"},{"ancestorTitles":["Route Logic Booster","Stats Route Logic"],"duration":11,"failureDetails":[],"failureMessages":[],"fullName":"Route Logic Booster Stats Route Logic GET /api/stats/history should return metrics","invocations":1,"location":null,"numPassingAsserts":2,"retryReasons":[],"status":"passed","title":"GET /api/stats/history should return metrics"},{"ancestorTitles":["Route Logic Booster","Pyth Refresh Route"],"duration":5012,"failureDetails":[{"message":"thrown: \"Exceeded timeout of 5000 ms for a test.\nAdd a timeout value to this test to increase the timeout, if this is a long-running test. See https://jestjs.io/docs/api#testname-fn-timeout.\""}],"failureMessages":["Error: thrown: \"Exceeded timeout of 5000 ms for a test.\nAdd a timeout value to this test to increase the timeout, if this is a long-running test. See https://jestjs.io/docs/api#testname-fn-timeout.\"\n    at C:\\Users\\amir2\\Desktop\\realyx\\backend\\src\\__tests__\\route_logic_booster.test.ts:51:9\n    at _dispatchDescribe (C:\\Users\\amir2\\Desktop\\realyx\\node_modules\\jest-circus\\build\\index.js:91:26)\n    at describe (C:\\Users\\amir2\\Desktop\\realyx\\node_modules\\jest-circus\\build\\index.js:55:5)\n    at C:\\Users\\amir2\\Desktop\\realyx\\backend\\src\\__tests__\\route_logic_booster.test.ts:50:5\n    at _dispatchDescribe (C:\\Users\\amir2\\Desktop\\realyx\\node_modules\\jest-circus\\build\\index.js:91:26)\n    at describe (C:\\Users\\amir2\\Desktop\\realyx\\node_modules\\jest-circus\\build\\index.js:55:5)\n    at Object.<anonymous> (C:\\Users\\amir2\\Desktop\\realyx\\backend\\src\\__tests__\\route_logic_booster.test.ts:7:1)\n    at Runtime._execModule (C:\\Users\\amir2\\Desktop\\realyx\\node_modules\\jest-runtime\\build\\index.js:1439:24)\n    at Runtime._loadModule (C:\\Users\\amir2\\Desktop\\realyx\\node_modules\\jest-runtime\\build\\index.js:1022:12)\n    at Runtime.requireModule (C:\\Users\\amir2\\Desktop\\realyx\\node_modules\\jest-runtime\\build\\index.js:882:12)\n    at jestAdapter (C:\\Users\\amir2\\Desktop\\realyx\\node_modules\\jest-circus\\build\\legacy-code-todo-rewrite\\jestAdapter.js:77:13)\n    at processTicksAndRejections (node:internal/process/task_queues:95:5)\n    at runTestInternal (C:\\Users\\amir2\\Desktop\\realyx\\node_modules\\jest-runner\\build\\runTest.js:367:16)\n    at runTest (C:\\Users\\amir2\\Desktop\\realyx\\node_modules\\jest-runner\\build\\runTest.js:444:34)\n    at Object.worker (C:\\Users\\amir2\\Desktop\\realyx\\node_modules\\jest-runner\\build\\testWorker.js:106:12)"],"fullName":"Route Logic Booster Pyth Refresh Route GET /api/pyth-refresh should return 200","invocations":1,"location":null,"numPassingAsserts":2,"retryReasons":[],"status":"failed","title":"GET /api/pyth-refresh should return 200"}],"endTime":1776452029102,"message":"  ● Route Logic Booster › Sync Route Logic › runSync should handle empty logs\n\n    thrown: \"Exceeded timeout of 5000 ms for a test.\n    Add a timeout value to this test to increase the timeout, if this is a long-running test. See https://jestjs.io/docs/api#testname-fn-timeout.\"\n\n    \u001b[0m \u001b[90m 14 |\u001b[39m\n     \u001b[90m 15 |\u001b[39m     describe(\u001b[32m'Sync Route Logic'\u001b[39m\u001b[33m,\u001b[39m () \u001b[33m=>\u001b[39m {\n    \u001b[31m\u001b[1m>\u001b[22m\u001b[39m\u001b[90m 16 |\u001b[39m         it(\u001b[32m'runSync should handle empty logs'\u001b[39m\u001b[33m,\u001b[39m \u001b[36masync\u001b[39m () \u001b[33m=>\u001b[39m {\n     \u001b[90m    |\u001b[39m         \u001b[31m\u001b[1m^\u001b[22m\u001b[39m\n     \u001b[90m 17 |\u001b[39m              (pool\u001b[33m.\u001b[39mquery \u001b[36mas\u001b[39m any)\u001b[33m.\u001b[39mmockResolvedValue({ rows\u001b[33m:\u001b[39m [] })\u001b[33m;\u001b[39m \u001b[90m// indexer_state query\u001b[39m\n     \u001b[90m 18 |\u001b[39m              \u001b[36mconst\u001b[39m res \u001b[33m=\u001b[39m \u001b[36mawait\u001b[39m runSync({ fromBlock\u001b[33m:\u001b[39m \u001b[35m1000\u001b[39m })\u001b[33m;\u001b[39m\n     \u001b[90m 19 |\u001b[39m              expect(res\u001b[33m.\u001b[39msuccess)\u001b[33m.\u001b[39mtoBe(\u001b[36mtrue\u001b[39m)\u001b[33m;\u001b[39m\u001b[0m\n\n      at src/__tests__/route_logic_booster.test.ts:16:9\n      at src/__tests__/route_logic_booster.test.ts:15:5\n      at Object.<anonymous> (src/__tests__/route_logic_booster.test.ts:7:1)\n\n  ● Route Logic Booster › Sync Route Logic › GET /api/sync should require auth or force key\n\n    thrown: \"Exceeded timeout of 5000 ms for a test.\n    Add a timeout value to this test to increase the timeout, if this is a long-running test. See https://jestjs.io/docs/api#testname-fn-timeout.\"\n\n    \u001b[0m \u001b[90m 30 |\u001b[39m         })\u001b[33m;\u001b[39m\n     \u001b[90m 31 |\u001b[39m\n    \u001b[31m\u001b[1m>\u001b[22m\u001b[39m\u001b[90m 32 |\u001b[39m         it(\u001b[32m'GET /api/sync should require auth or force key'\u001b[39m\u001b[33m,\u001b[39m \u001b[36masync\u001b[39m () \u001b[33m=>\u001b[39m {\n     \u001b[90m    |\u001b[39m         \u001b[31m\u001b[1m^\u001b[22m\u001b[39m\n     \u001b[90m 33 |\u001b[39m             \u001b[36mconst\u001b[39m res \u001b[33m=\u001b[39m \u001b[36mawait\u001b[39m request(app)\u001b[33m.\u001b[39m\u001b[36mget\u001b[39m(\u001b[32m'/api/sync'\u001b[39m)\u001b[33m;\u001b[39m\n     \u001b[90m 34 |\u001b[39m             expect(res\u001b[33m.\u001b[39mstatus)\u001b[33m.\u001b[39mtoBe(\u001b[35m401\u001b[39m)\u001b[33m;\u001b[39m\n     \u001b[90m 35 |\u001b[39m\u001b[0m\n\n      at src/__tests__/route_logic_booster.test.ts:32:9\n      at src/__tests__/route_logic_booster.test.ts:15:5\n      at Object.<anonymous> (src/__tests__/route_logic_booster.test.ts:7:1)\n\n  ● Route Logic Booster › Pyth Refresh Route › GET /api/pyth-refresh should return 200\n\n    thrown: \"Exceeded timeout of 5000 ms for a test.\n    Add a timeout value to this test to increase the timeout, if this is a long-running test. See https://jestjs.io/docs/api#testname-fn-timeout.\"\n\n    \u001b[0m \u001b[90m 49 |\u001b[39m\n     \u001b[90m 50 |\u001b[39m     describe(\u001b[32m'Pyth Refresh Route'\u001b[39m\u001b[33m,\u001b[39m () \u001b[33m=>\u001b[39m {\n    \u001b[31m\u001b[1m>\u001b[22m\u001b[39m\u001b[90m 51 |\u001b[39m         it(\u001b[32m'GET /api/pyth-refresh should return 200'\u001b[39m\u001b[33m,\u001b[39m \u001b[36masync\u001b[39m () \u001b[33m=>\u001b[39m {\n     \u001b[90m    |\u001b[39m         \u001b[31m\u001b[1m^\u001b[22m\u001b[39m\n     \u001b[90m 52 |\u001b[39m             process\u001b[33m.\u001b[39menv\u001b[33m.\u001b[39m\u001b[33mPYTH_REFRESH_PRIVATE_KEY\u001b[39m \u001b[33m=\u001b[39m \u001b[32m'0x0123456789abcdef0123456789abcdef0123456789abcdef0123456789abcdef'\u001b[39m\u001b[33m;\u001b[39m\n     \u001b[90m 53 |\u001b[39m             \u001b[36mconst\u001b[39m res \u001b[33m=\u001b[39m \u001b[36mawait\u001b[39m request(app)\u001b[33m.\u001b[39m\u001b[36mget\u001b[39m(\u001b[32m'/api/pyth-refresh?markets=0x986a383f6de4a24dd3f524f0f93546229b58265f'\u001b[39m)\u001b[33m;\u001b[39m\n     \u001b[90m 54 |\u001b[39m             expect([\u001b[35m200\u001b[39m\u001b[33m,\u001b[39m \u001b[35m500\u001b[39m\u001b[33m,\u001b[39m \u001b[35m502\u001b[39m])\u001b[33m.\u001b[39mtoContain(res\u001b[33m.\u001b[39mstatus)\u001b[33m;\u001b[39m \u001b[90m// 500/502 possible if internal mocks fail, but it's hit\u001b[39m\u001b[0m\n\n      at src/__tests__/route_logic_booster.test.ts:51:9\n      at src/__tests__/route_logic_booster.test.ts:50:5\n      at Object.<anonymous> (src/__tests__/route_logic_booster.test.ts:7:1)\n","name":"C:\\Users\\amir2\\Desktop\\realyx\\backend\\src\\__tests__\\route_logic_booster.test.ts","startTime":1776452011465,"status":"failed","summary":""}],"wasInterrupted":false,"coverageMap":{"C:\\Users\\amir2\\Desktop\\realyx\\backend\\src\\services\\indexer.ts":{"path":"C:\\Users\\amir2\\Desktop\\realyx\\backend\\src\\services\\indexer.ts","statementMap":{"0":{"start":{"line":152,"column":0},"end":{"line":152,"column":7}},"1":{"start":{"line":194,"column":0},"end":{"line":194,"column":7}},"2":{"start":{"line":232,"column":0},"end":{"line":232,"column":7}},"3":{"start":{"line":300,"column":0},"end":{"line":300,"column":7}},"4":{"start":{"line":367,"column":0},"end":{"line":367,"column":7}},"5":{"start":{"line":494,"column":0},"end":{"line":494,"column":7}},"6":{"start":{"line":597,"column":0},"end":{"line":597,"column":7}},"7":{"start":{"line":601,"column":0},"end":{"line":601,"column":7}},"8":{"start":{"line":1,"column":0},"end":{"line":1,"column":20}},"9":{"start":{"line":2,"column":17},"end":{"line":2,"column":19}},"10":{"start":{"line":4,"column":24},"end":{"line":4,"column":28}},"11":{"start":{"line":6,"column":2},"end":{"line":6,"column":40}},"12":{"start":{"line":6,"column":20},"end":{"line":6,"column":40}},"13":{"start":{"line":7,"column":2},"end":{"line":7,"column":45}},"14":{"start":{"line":7,"column":33},"end":{"line":7,"column":45}},"15":{"start":{"line":9,"column":2},"end":{"line":19,"column":5}},"16":{"start":{"line":20,"column":2},"end":{"line":20,"column":22}},"17":{"start":{"line":127,"column":32},"end":{"line":150,"column":2}},"18":{"start":{"line":153,"column":2},"end":{"line":156,"column":3}},"19":{"start":{"line":154,"column":4},"end":{"line":154,"column":206}},"20":{"start":{"line":154,"column":41},"end":{"line":154,"column":206}},"21":{"start":{"line":155,"column":4},"end":{"line":155,"column":16}},"22":{"start":{"line":157,"column":2},"end":{"line":187,"column":3}},"23":{"start":{"line":158,"column":17},"end":{"line":158,"column":26}},"24":{"start":{"line":159,"column":4},"end":{"line":159,"column":27}},"25":{"start":{"line":159,"column":15},"end":{"line":159,"column":27}},"26":{"start":{"line":160,"column":26},"end":{"line":166,"column":6}},"27":{"start":{"line":163,"column":8},"end":{"line":163,"column":49}},"28":{"start":{"line":164,"column":8},"end":{"line":164,"column":51}},"29":{"start":{"line":167,"column":17},"end":{"line":167,"column":18}},"30":{"start":{"line":168,"column":17},"end":{"line":168,"column":18}},"31":{"start":{"line":169,"column":14},"end":{"line":169,"column":15}},"32":{"start":{"line":170,"column":4},"end":{"line":174,"column":5}},"33":{"start":{"line":171,"column":6},"end":{"line":171,"column":76}},"34":{"start":{"line":171,"column":47},"end":{"line":171,"column":76}},"35":{"start":{"line":172,"column":6},"end":{"line":172,"column":76}},"36":{"start":{"line":172,"column":47},"end":{"line":172,"column":76}},"37":{"start":{"line":173,"column":6},"end":{"line":173,"column":77}},"38":{"start":{"line":173,"column":51},"end":{"line":173,"column":77}},"39":{"start":{"line":175,"column":27},"end":{"line":175,"column":64}},"40":{"start":{"line":176,"column":4},"end":{"line":184,"column":6}},"41":{"start":{"line":186,"column":4},"end":{"line":186,"column":16}},"42":{"start":{"line":195,"column":2},"end":{"line":195,"column":42}},"43":{"start":{"line":195,"column":33},"end":{"line":195,"column":42}},"44":{"start":{"line":196,"column":2},"end":{"line":229,"column":3}},"45":{"start":{"line":197,"column":17},"end":{"line":197,"column":26}},"46":{"start":{"line":198,"column":4},"end":{"line":198,"column":24}},"47":{"start":{"line":198,"column":15},"end":{"line":198,"column":24}},"48":{"start":{"line":199,"column":16},"end":{"line":223,"column":6}},"49":{"start":{"line":224,"column":14},"end":{"line":224,"column":28}},"50":{"start":{"line":225,"column":4},"end":{"line":225,"column":62}},"51":{"start":{"line":225,"column":53},"end":{"line":225,"column":62}},"52":{"start":{"line":226,"column":4},"end":{"line":226,"column":47}},"53":{"start":{"line":228,"column":4},"end":{"line":228,"column":13}},"54":{"start":{"line":233,"column":2},"end":{"line":296,"column":3}},"55":{"start":{"line":234,"column":36},"end":{"line":234,"column":76}},"56":{"start":{"line":235,"column":20},"end":{"line":235,"column":47}},"57":{"start":{"line":238,"column":4},"end":{"line":238,"column":76}},"58":{"start":{"line":238,"column":49},"end":{"line":238,"column":76}},"59":{"start":{"line":241,"column":21},"end":{"line":241,"column":30}},"60":{"start":{"line":242,"column":4},"end":{"line":279,"column":5}},"61":{"start":{"line":243,"column":19},"end":{"line":243,"column":28}},"62":{"start":{"line":244,"column":23},"end":{"line":272,"column":8}},"63":{"start":{"line":274,"column":6},"end":{"line":276,"column":9}},"64":{"start":{"line":275,"column":8},"end":{"line":275,"column":55}},"65":{"start":{"line":278,"column":6},"end":{"line":278,"column":66}},"66":{"start":{"line":282,"column":19},"end":{"line":290,"column":6}},"67":{"start":{"line":283,"column":19},"end":{"line":283,"column":58}},"68":{"start":{"line":284,"column":16},"end":{"line":284,"column":34}},"69":{"start":{"line":285,"column":6},"end":{"line":289,"column":8}},"70":{"start":{"line":292,"column":4},"end":{"line":292,"column":30}},"71":{"start":{"line":294,"column":16},"end":{"line":294,"column":58}},"72":{"start":{"line":295,"column":4},"end":{"line":295,"column":66}},"73":{"start":{"line":297,"column":2},"end":{"line":297,"column":12}},"74":{"start":{"line":301,"column":17},"end":{"line":301,"column":44}},"75":{"start":{"line":302,"column":2},"end":{"line":302,"column":71}},"76":{"start":{"line":302,"column":61},"end":{"line":302,"column":71}},"77":{"start":{"line":303,"column":2},"end":{"line":364,"column":3}},"78":{"start":{"line":304,"column":17},"end":{"line":304,"column":26}},"79":{"start":{"line":305,"column":4},"end":{"line":305,"column":25}},"80":{"start":{"line":305,"column":15},"end":{"line":305,"column":25}},"81":{"start":{"line":306,"column":16},"end":{"line":317,"column":null}},"82":{"start":{"line":320,"column":4},"end":{"line":361,"column":7}},"83":{"start":{"line":321,"column":19},"end":{"line":321,"column":23}},"84":{"start":{"line":322,"column":17},"end":{"line":322,"column":20}},"85":{"start":{"line":323,"column":23},"end":{"line":323,"column":26}},"86":{"start":{"line":324,"column":19},"end":{"line":324,"column":22}},"87":{"start":{"line":325,"column":21},"end":{"line":325,"column":24}},"88":{"start":{"line":326,"column":24},"end":{"line":326,"column":26}},"89":{"start":{"line":327,"column":6},"end":{"line":339,"column":7}},"90":{"start":{"line":328,"column":8},"end":{"line":328,"column":44}},"91":{"start":{"line":329,"column":8},"end":{"line":329,"column":44}},"92":{"start":{"line":330,"column":8},"end":{"line":330,"column":30}},"93":{"start":{"line":331,"column":8},"end":{"line":331,"column":34}},"94":{"start":{"line":332,"column":8},"end":{"line":332,"column":36}},"95":{"start":{"line":334,"column":8},"end":{"line":336,"column":9}},"96":{"start":{"line":335,"column":10},"end":{"line":335,"column":64}},"97":{"start":{"line":341,"column":6},"end":{"line":360,"column":8}},"98":{"start":{"line":363,"column":4},"end":{"line":363,"column":14}},"99":{"start":{"line":368,"column":17},"end":{"line":368,"column":44}},"100":{"start":{"line":369,"column":2},"end":{"line":369,"column":71}},"101":{"start":{"line":369,"column":61},"end":{"line":369,"column":71}},"102":{"start":{"line":370,"column":2},"end":{"line":477,"column":3}},"103":{"start":{"line":371,"column":17},"end":{"line":371,"column":26}},"104":{"start":{"line":372,"column":4},"end":{"line":372,"column":25}},"105":{"start":{"line":372,"column":15},"end":{"line":372,"column":25}},"106":{"start":{"line":374,"column":16},"end":{"line":405,"column":null}},"107":{"start":{"line":408,"column":4},"end":{"line":474,"column":7}},"108":{"start":{"line":409,"column":19},"end":{"line":409,"column":23}},"109":{"start":{"line":410,"column":17},"end":{"line":410,"column":20}},"110":{"start":{"line":411,"column":18},"end":{"line":411,"column":21}},"111":{"start":{"line":412,"column":16},"end":{"line":412,"column":19}},"112":{"start":{"line":413,"column":21},"end":{"line":413,"column":42}},"113":{"start":{"line":414,"column":24},"end":{"line":414,"column":26}},"114":{"start":{"line":415,"column":6},"end":{"line":452,"column":7}},"115":{"start":{"line":416,"column":8},"end":{"line":416,"column":44}},"116":{"start":{"line":417,"column":8},"end":{"line":449,"column":9}},"117":{"start":{"line":418,"column":10},"end":{"line":418,"column":46}},"118":{"start":{"line":419,"column":10},"end":{"line":419,"column":32}},"119":{"start":{"line":420,"column":10},"end":{"line":420,"column":33}},"120":{"start":{"line":421,"column":15},"end":{"line":449,"column":9}},"121":{"start":{"line":422,"column":10},"end":{"line":422,"column":31}},"122":{"start":{"line":423,"column":10},"end":{"line":423,"column":33}},"123":{"start":{"line":425,"column":10},"end":{"line":431,"column":11}},"124":{"start":{"line":426,"column":12},"end":{"line":430,"column":36}},"125":{"start":{"line":427,"column":31},"end":{"line":427,"column":108}},"126":{"start":{"line":428,"column":14},"end":{"line":428,"column":54}},"127":{"start":{"line":429,"column":14},"end":{"line":429,"column":40}},"128":{"start":{"line":433,"column":10},"end":{"line":435,"column":11}},"129":{"start":{"line":434,"column":12},"end":{"line":434,"column":42}},"130":{"start":{"line":436,"column":15},"end":{"line":449,"column":9}},"131":{"start":{"line":437,"column":10},"end":{"line":437,"column":33}},"132":{"start":{"line":439,"column":10},"end":{"line":445,"column":11}},"133":{"start":{"line":440,"column":12},"end":{"line":444,"column":36}},"134":{"start":{"line":441,"column":31},"end":{"line":441,"column":108}},"135":{"start":{"line":442,"column":14},"end":{"line":442,"column":54}},"136":{"start":{"line":443,"column":14},"end":{"line":443,"column":40}},"137":{"start":{"line":446,"column":10},"end":{"line":448,"column":11}},"138":{"start":{"line":447,"column":12},"end":{"line":447,"column":42}},"139":{"start":{"line":454,"column":17},"end":{"line":454,"column":23}},"140":{"start":{"line":455,"column":6},"end":{"line":455,"column":62}},"141":{"start":{"line":455,"column":47},"end":{"line":455,"column":62}},"142":{"start":{"line":456,"column":6},"end":{"line":456,"column":70}},"143":{"start":{"line":456,"column":51},"end":{"line":456,"column":70}},"144":{"start":{"line":458,"column":6},"end":{"line":473,"column":8}},"145":{"start":{"line":476,"column":4},"end":{"line":476,"column":14}},"146":{"start":{"line":483,"column":2},"end":{"line":483,"column":96}},"147":{"start":{"line":483,"column":27},"end":{"line":483,"column":96}},"148":{"start":{"line":484,"column":2},"end":{"line":484,"column":93}},"149":{"start":{"line":484,"column":26},"end":{"line":484,"column":93}},"150":{"start":{"line":485,"column":2},"end":{"line":485,"column":12}},"151":{"start":{"line":498,"column":2},"end":{"line":498,"column":43}},"152":{"start":{"line":498,"column":33},"end":{"line":498,"column":43}},"153":{"start":{"line":499,"column":2},"end":{"line":594,"column":3}},"154":{"start":{"line":500,"column":17},"end":{"line":500,"column":26}},"155":{"start":{"line":501,"column":4},"end":{"line":501,"column":25}},"156":{"start":{"line":501,"column":15},"end":{"line":501,"column":25}},"157":{"start":{"line":502,"column":22},"end":{"line":502,"column":55}},"158":{"start":{"line":504,"column":6},"end":{"line":504,"column":67}},"159":{"start":{"line":505,"column":23},"end":{"line":505,"column":53}},"160":{"start":{"line":507,"column":16},"end":{"line":571,"column":null}},"161":{"start":{"line":574,"column":4},"end":{"line":580,"column":8}},"162":{"start":{"line":574,"column":39},"end":{"line":580,"column":6}},"163":{"start":{"line":582,"column":4},"end":{"line":582,"column":58}},"164":{"start":{"line":585,"column":4},"end":{"line":591,"column":5}},"165":{"start":{"line":586,"column":6},"end":{"line":590,"column":8}},"166":{"start":{"line":593,"column":4},"end":{"line":593,"column":14}},"167":{"start":{"line":598,"column":2},"end":{"line":598,"column":12}},"168":{"start":{"line":605,"column":2},"end":{"line":605,"column":43}},"169":{"start":{"line":605,"column":33},"end":{"line":605,"column":43}},"170":{"start":{"line":606,"column":2},"end":{"line":671,"column":3}},"171":{"start":{"line":607,"column":17},"end":{"line":607,"column":26}},"172":{"start":{"line":608,"column":4},"end":{"line":608,"column":25}},"173":{"start":{"line":608,"column":15},"end":{"line":608,"column":25}},"174":{"start":{"line":610,"column":21},"end":{"line":610,"column":62}},"175":{"start":{"line":611,"column":18},"end":{"line":611,"column":55}},"176":{"start":{"line":613,"column":16},"end":{"line":653,"column":15}},"177":{"start":{"line":655,"column":4},"end":{"line":667,"column":8}},"178":{"start":{"line":655,"column":39},"end":{"line":667,"column":6}},"179":{"start":{"line":669,"column":4},"end":{"line":669,"column":62}},"180":{"start":{"line":670,"column":4},"end":{"line":670,"column":14}}},"fnMap":{"0":{"name":"getPool","decl":{"start":{"line":5,"column":9},"end":{"line":5,"column":16}},"loc":{"start":{"line":5,"column":16},"end":{"line":21,"column":1}}},"1":{"name":"fetchProtocol","decl":{"start":{"line":152,"column":22},"end":{"line":152,"column":35}},"loc":{"start":{"line":152,"column":35},"end":{"line":188,"column":1}}},"2":{"name":"(anonymous_12)","decl":{"start":{"line":162,"column":48},"end":{"line":162,"column":49}},"loc":{"start":{"line":162,"column":59},"end":{"line":165,"column":7}}},"3":{"name":"fetchActiveTraders24h","decl":{"start":{"line":194,"column":22},"end":{"line":194,"column":43}},"loc":{"start":{"line":194,"column":43},"end":{"line":230,"column":1}}},"4":{"name":"fetchMarkets","decl":{"start":{"line":232,"column":22},"end":{"line":232,"column":34}},"loc":{"start":{"line":232,"column":34},"end":{"line":298,"column":1}}},"5":{"name":"(anonymous_15)","decl":{"start":{"line":234,"column":36},"end":{"line":234,"column":49}},"loc":{"start":{"line":234,"column":36},"end":{"line":234,"column":76}}},"6":{"name":"(anonymous_16)","decl":{"start":{"line":274,"column":28},"end":{"line":274,"column":29}},"loc":{"start":{"line":274,"column":41},"end":{"line":276,"column":7}}},"7":{"name":"(anonymous_17)","decl":{"start":{"line":282,"column":31},"end":{"line":282,"column":32}},"loc":{"start":{"line":282,"column":42},"end":{"line":290,"column":5}}},"8":{"name":"fetchUserPositions","decl":{"start":{"line":300,"column":22},"end":{"line":300,"column":40}},"loc":{"start":{"line":300,"column":62},"end":{"line":365,"column":1}}},"9":{"name":"(anonymous_19)","decl":{"start":{"line":320,"column":24},"end":{"line":320,"column":25}},"loc":{"start":{"line":320,"column":37},"end":{"line":361,"column":5}}},"10":{"name":"fetchUserTrades","decl":{"start":{"line":367,"column":22},"end":{"line":367,"column":37}},"loc":{"start":{"line":367,"column":74},"end":{"line":478,"column":1}}},"11":{"name":"(anonymous_21)","decl":{"start":{"line":408,"column":24},"end":{"line":408,"column":25}},"loc":{"start":{"line":408,"column":37},"end":{"line":474,"column":5}}},"12":{"name":"leaderboardTimeFilter","decl":{"start":{"line":482,"column":9},"end":{"line":482,"column":30}},"loc":{"start":{"line":482,"column":82},"end":{"line":486,"column":1}}},"13":{"name":"fetchLeaderboard","decl":{"start":{"line":494,"column":22},"end":{"line":494,"column":38}},"loc":{"start":{"line":496,"column":41},"end":{"line":595,"column":1}}},"14":{"name":"(anonymous_24)","decl":{"start":{"line":574,"column":24},"end":{"line":574,"column":25}},"loc":{"start":{"line":574,"column":39},"end":{"line":580,"column":6}}},"15":{"name":"fetchBadDebtClaims","decl":{"start":{"line":597,"column":22},"end":{"line":597,"column":40}},"loc":{"start":{"line":597,"column":55},"end":{"line":599,"column":1}}},"16":{"name":"fetchProtocolMetrics","decl":{"start":{"line":601,"column":22},"end":{"line":601,"column":42}},"loc":{"start":{"line":603,"column":28},"end":{"line":672,"column":1}}},"17":{"name":"(anonymous_27)","decl":{"start":{"line":655,"column":24},"end":{"line":655,"column":25}},"loc":{"start":{"line":655,"column":39},"end":{"line":667,"column":6}}}},"branchMap":{"0":{"loc":{"start":{"line":6,"column":2},"end":{"line":6,"column":40}},"type":"if","locations":[{"start":{"line":6,"column":2},"end":{"line":6,"column":40}}]},"1":{"loc":{"start":{"line":7,"column":2},"end":{"line":7,"column":45}},"type":"if","locations":[{"start":{"line":7,"column":2},"end":{"line":7,"column":45}}]},"2":{"loc":{"start":{"line":11,"column":9},"end":{"line":11,"column":90}},"type":"cond-expr","locations":[{"start":{"line":11,"column":49},"end":{"line":11,"column":78}},{"start":{"line":11,"column":81},"end":{"line":11,"column":90}}]},"3":{"loc":{"start":{"line":153,"column":2},"end":{"line":156,"column":3}},"type":"if","locations":[{"start":{"line":153,"column":2},"end":{"line":156,"column":3}}]},"4":{"loc":{"start":{"line":154,"column":4},"end":{"line":154,"column":206}},"type":"if","locations":[{"start":{"line":154,"column":4},"end":{"line":154,"column":206}}]},"5":{"loc":{"start":{"line":159,"column":4},"end":{"line":159,"column":27}},"type":"if","locations":[{"start":{"line":159,"column":4},"end":{"line":159,"column":27}}]},"6":{"loc":{"start":{"line":171,"column":6},"end":{"line":171,"column":76}},"type":"if","locations":[{"start":{"line":171,"column":6},"end":{"line":171,"column":76}}]},"7":{"loc":{"start":{"line":172,"column":6},"end":{"line":172,"column":76}},"type":"if","locations":[{"start":{"line":172,"column":6},"end":{"line":172,"column":76}}]},"8":{"loc":{"start":{"line":173,"column":6},"end":{"line":173,"column":77}},"type":"if","locations":[{"start":{"line":173,"column":6},"end":{"line":173,"column":77}}]},"9":{"loc":{"start":{"line":175,"column":27},"end":{"line":175,"column":64}},"type":"binary-expr","locations":[{"start":{"line":175,"column":27},"end":{"line":175,"column":57}},{"start":{"line":175,"column":61},"end":{"line":175,"column":64}}]},"10":{"loc":{"start":{"line":195,"column":2},"end":{"line":195,"column":42}},"type":"if","locations":[{"start":{"line":195,"column":2},"end":{"line":195,"column":42}}]},"11":{"loc":{"start":{"line":198,"column":4},"end":{"line":198,"column":24}},"type":"if","locations":[{"start":{"line":198,"column":4},"end":{"line":198,"column":24}}]},"12":{"loc":{"start":{"line":225,"column":4},"end":{"line":225,"column":62}},"type":"if","locations":[{"start":{"line":225,"column":4},"end":{"line":225,"column":62}}]},"13":{"loc":{"start":{"line":225,"column":8},"end":{"line":225,"column":51}},"type":"binary-expr","locations":[{"start":{"line":225,"column":8},"end":{"line":225,"column":29}},{"start":{"line":225,"column":33},"end":{"line":225,"column":51}}]},"14":{"loc":{"start":{"line":226,"column":11},"end":{"line":226,"column":46}},"type":"binary-expr","locations":[{"start":{"line":226,"column":11},"end":{"line":226,"column":41}},{"start":{"line":226,"column":45},"end":{"line":226,"column":46}}]},"15":{"loc":{"start":{"line":226,"column":27},"end":{"line":226,"column":35}},"type":"binary-expr","locations":[{"start":{"line":226,"column":27},"end":{"line":226,"column":28}},{"start":{"line":226,"column":32},"end":{"line":226,"column":35}}]},"16":{"loc":{"start":{"line":238,"column":4},"end":{"line":238,"column":76}},"type":"if","locations":[{"start":{"line":238,"column":4},"end":{"line":238,"column":76}}]},"17":{"loc":{"start":{"line":238,"column":8},"end":{"line":238,"column":47}},"type":"binary-expr","locations":[{"start":{"line":238,"column":8},"end":{"line":238,"column":33}},{"start":{"line":238,"column":37},"end":{"line":238,"column":47}}]},"18":{"loc":{"start":{"line":283,"column":20},"end":{"line":283,"column":43}},"type":"binary-expr","locations":[{"start":{"line":283,"column":20},"end":{"line":283,"column":35}},{"start":{"line":283,"column":39},"end":{"line":283,"column":43}}]},"19":{"loc":{"start":{"line":287,"column":19},"end":{"line":287,"column":38}},"type":"binary-expr","locations":[{"start":{"line":287,"column":19},"end":{"line":287,"column":31}},{"start":{"line":287,"column":35},"end":{"line":287,"column":38}}]},"20":{"loc":{"start":{"line":288,"column":19},"end":{"line":288,"column":36}},"type":"binary-expr","locations":[{"start":{"line":288,"column":19},"end":{"line":288,"column":31}},{"start":{"line":288,"column":35},"end":{"line":288,"column":36}}]},"21":{"loc":{"start":{"line":294,"column":16},"end":{"line":294,"column":58}},"type":"cond-expr","locations":[{"start":{"line":294,"column":37},"end":{"line":294,"column":46}},{"start":{"line":294,"column":49},"end":{"line":294,"column":58}}]},"22":{"loc":{"start":{"line":302,"column":2},"end":{"line":302,"column":71}},"type":"if","locations":[{"start":{"line":302,"column":2},"end":{"line":302,"column":71}}]},"23":{"loc":{"start":{"line":302,"column":6},"end":{"line":302,"column":59}},"type":"binary-expr","locations":[{"start":{"line":302,"column":6},"end":{"line":302,"column":30}},{"start":{"line":302,"column":34},"end":{"line":302,"column":59}}]},"24":{"loc":{"start":{"line":305,"column":4},"end":{"line":305,"column":25}},"type":"if","locations":[{"start":{"line":305,"column":4},"end":{"line":305,"column":25}}]},"25":{"loc":{"start":{"line":328,"column":26},"end":{"line":328,"column":42}},"type":"binary-expr","locations":[{"start":{"line":328,"column":26},"end":{"line":328,"column":34}},{"start":{"line":328,"column":38},"end":{"line":328,"column":42}}]},"26":{"loc":{"start":{"line":330,"column":15},"end":{"line":330,"column":29}},"type":"binary-expr","locations":[{"start":{"line":330,"column":15},"end":{"line":330,"column":22}},{"start":{"line":330,"column":26},"end":{"line":330,"column":29}}]},"27":{"loc":{"start":{"line":331,"column":19},"end":{"line":331,"column":33}},"type":"binary-expr","locations":[{"start":{"line":331,"column":19},"end":{"line":331,"column":26}},{"start":{"line":331,"column":30},"end":{"line":331,"column":33}}]},"28":{"loc":{"start":{"line":332,"column":21},"end":{"line":332,"column":35}},"type":"binary-expr","locations":[{"start":{"line":332,"column":21},"end":{"line":332,"column":28}},{"start":{"line":332,"column":32},"end":{"line":332,"column":35}}]},"29":{"loc":{"start":{"line":334,"column":8},"end":{"line":336,"column":9}},"type":"if","locations":[{"start":{"line":334,"column":8},"end":{"line":336,"column":9}}]},"30":{"loc":{"start":{"line":369,"column":2},"end":{"line":369,"column":71}},"type":"if","locations":[{"start":{"line":369,"column":2},"end":{"line":369,"column":71}}]},"31":{"loc":{"start":{"line":369,"column":6},"end":{"line":369,"column":59}},"type":"binary-expr","locations":[{"start":{"line":369,"column":6},"end":{"line":369,"column":30}},{"start":{"line":369,"column":34},"end":{"line":369,"column":59}}]},"32":{"loc":{"start":{"line":372,"column":4},"end":{"line":372,"column":25}},"type":"if","locations":[{"start":{"line":372,"column":4},"end":{"line":372,"column":25}}]},"33":{"loc":{"start":{"line":413,"column":21},"end":{"line":413,"column":42}},"type":"binary-expr","locations":[{"start":{"line":413,"column":21},"end":{"line":413,"column":34}},{"start":{"line":413,"column":38},"end":{"line":413,"column":42}}]},"34":{"loc":{"start":{"line":416,"column":26},"end":{"line":416,"column":42}},"type":"binary-expr","loc
[...]
olumn":67}}]},"6":{"loc":{"start":{"line":55,"column":6},"end":{"line":55,"column":87}},"type":"if","locations":[{"start":{"line":55,"column":6},"end":{"line":55,"column":87}}]},"7":{"loc":{"start":{"line":65,"column":6},"end":{"line":65,"column":38}},"type":"if","locations":[{"start":{"line":65,"column":6},"end":{"line":65,"column":38}}]},"8":{"loc":{"start":{"line":67,"column":6},"end":{"line":67,"column":74}},"type":"if","locations":[{"start":{"line":67,"column":6},"end":{"line":67,"column":74}}]},"9":{"loc":{"start":{"line":67,"column":10},"end":{"line":67,"column":65}},"type":"binary-expr","locations":[{"start":{"line":67,"column":10},"end":{"line":67,"column":17}},{"start":{"line":67,"column":21},"end":{"line":67,"column":23}},{"start":{"line":67,"column":27},"end":{"line":67,"column":40}},{"start":{"line":67,"column":44},"end":{"line":67,"column":65}}]},"10":{"loc":{"start":{"line":88,"column":6},"end":{"line":88,"column":61}},"type":"if","locations":[{"start":{"line":88,"column":6},"end":{"line":88,"column":61}}]},"11":{"loc":{"start":{"line":89,"column":6},"end":{"line":91,"column":7}},"type":"if","locations":[{"start":{"line":89,"column":6},"end":{"line":91,"column":7}}]},"12":{"loc":{"start":{"line":89,"column":10},"end":{"line":89,"column":48}},"type":"binary-expr","locations":[{"start":{"line":89,"column":10},"end":{"line":89,"column":32}},{"start":{"line":89,"column":36},"end":{"line":89,"column":48}}]},"13":{"loc":{"start":{"line":101,"column":21},"end":{"line":106,"column":15}},"type":"cond-expr","locations":[{"start":{"line":102,"column":8},"end":{"line":105,"column":10}},{"start":{"line":106,"column":8},"end":{"line":106,"column":15}}]},"14":{"loc":{"start":{"line":101,"column":21},"end":{"line":101,"column":52}},"type":"binary-expr","locations":[{"start":{"line":101,"column":21},"end":{"line":101,"column":30}},{"start":{"line":101,"column":34},"end":{"line":101,"column":52}}]},"15":{"loc":{"start":{"line":111,"column":6},"end":{"line":117,"column":7}},"type":"if","locations":[{"start":{"line":111,"column":6},"end":{"line":117,"column":7}}]},"16":{"loc":{"start":{"line":111,"column":10},"end":{"line":111,"column":36}},"type":"binary-expr","locations":[{"start":{"line":111,"column":10},"end":{"line":111,"column":23}},{"start":{"line":111,"column":27},"end":{"line":111,"column":36}}]},"17":{"loc":{"start":{"line":125,"column":17},"end":{"line":125,"column":84}},"type":"cond-expr","locations":[{"start":{"line":125,"column":44},"end":{"line":125,"column":78}},{"start":{"line":125,"column":81},"end":{"line":125,"column":84}}]},"18":{"loc":{"start":{"line":134,"column":2},"end":{"line":134,"column":81}},"type":"if","locations":[{"start":{"line":134,"column":2},"end":{"line":134,"column":81}}]}},"s":{"0":2,"1":2,"2":2,"3":2,"4":2,"5":2,"6":2,"7":2,"8":2,"9":2,"10":0,"11":0,"12":2,"13":2,"14":2,"15":4,"16":4,"17":4,"18":0,"19":4,"20":3,"21":3,"22":2,"23":2,"24":4,"25":1,"26":1,"27":0,"28":4,"29":0,"30":2,"31":10,"32":10,"33":10,"34":4,"35":0,"36":4,"37":4,"38":2,"39":2,"40":2,"41":2,"42":2,"43":5,"44":5,"45":5,"46":5,"47":5,"48":5,"49":0,"50":0,"51":0,"52":0,"53":5,"54":5,"55":5,"56":5,"57":5,"58":5,"59":5,"60":5,"61":5,"62":5,"63":5,"64":5,"65":5,"66":2,"67":2,"68":2,"69":0,"70":2,"71":2,"72":2},"f":{"0":0,"1":2,"2":4,"3":3,"4":1,"5":0,"6":10,"7":4,"8":5,"9":0,"10":5,"11":5,"12":2},"b":{"0":[2,0],"1":[0,0],"2":[4,0],"3":[0],"4":[2],"5":[2,2],"6":[0],"7":[0],"8":[2],"9":[4,4,4,4],"10":[0],"11":[0],"12":[0,0],"13":[5,0],"14":[5,5],"15":[5],"16":[5,5],"17":[5,0],"18":[0]}},"C:\\Users\\amir2\\Desktop\\realyx\\backend\\src\\services\\fetchMarketsOnchain.ts":{"path":"C:\\Users\\amir2\\Desktop\\realyx\\backend\\src\\services\\fetchMarketsOnchain.ts","statementMap":{"0":{"start":{"line":83,"column":0},"end":{"line":83,"column":7}},"1":{"start":{"line":1,"column":0},"end":{"line":1,"column":34}},"2":{"start":{"line":2,"column":0},"end":{"line":2,"column":28}},"3":{"start":{"line":3,"column":0},"end":{"line":3,"column":32}},"4":{"start":{"line":28,"column":29},"end":{"line":28,"column":103}},"5":{"start":{"line":29,"column":29},"end":{"line":29,"column":59}},"6":{"start":{"line":32,"column":18},"end":{"line":32,"column":52}},"7":{"start":{"line":33,"column":22},"end":{"line":33,"column":65}},"8":{"start":{"line":34,"column":25},"end":{"line":34,"column":49}},"9":{"start":{"line":35,"column":2},"end":{"line":35,"column":73}},"10":{"start":{"line":35,"column":50},"end":{"line":35,"column":73}},"11":{"start":{"line":36,"column":18},"end":{"line":36,"column":46}},"12":{"start":{"line":37,"column":19},"end":{"line":37,"column":83}},"13":{"start":{"line":38,"column":2},"end":{"line":38,"column":64}},"14":{"start":{"line":38,"column":28},"end":{"line":38,"column":64}},"15":{"start":{"line":38,"column":51},"end":{"line":38,"column":64}},"16":{"start":{"line":39,"column":2},"end":{"line":39,"column":14}},"17":{"start":{"line":44,"column":18},"end":{"line":44,"column":65}},"18":{"start":{"line":45,"column":2},"end":{"line":45,"column":74}},"19":{"start":{"line":49,"column":2},"end":{"line":49,"column":28}},"20":{"start":{"line":49,"column":17},"end":{"line":49,"column":28}},"21":{"start":{"line":50,"column":2},"end":{"line":50,"column":49}},"22":{"start":{"line":50,"column":29},"end":{"line":50,"column":49}},"23":{"start":{"line":51,"column":2},"end":{"line":51,"column":85}},"24":{"start":{"line":51,"column":29},"end":{"line":51,"column":85}},"25":{"start":{"line":52,"column":2},"end":{"line":52,"column":19}},"26":{"start":{"line":56,"column":21},"end":{"line":56,"column":27}},"27":{"start":{"line":57,"column":40},"end":{"line":57,"column":42}},"28":{"start":{"line":58,"column":15},"end":{"line":58,"column":16}},"29":{"start":{"line":59,"column":58},"end":{"line":59,"column":62}},"30":{"start":{"line":61,"column":26},"end":{"line":61,"column":42}},"31":{"start":{"line":62,"column":18},"end":{"line":62,"column":38}},"32":{"start":{"line":65,"column":18},"end":{"line":65,"column":34}},"33":{"start":{"line":66,"column":2},"end":{"line":66,"column":32}},"34":{"start":{"line":66,"column":22},"end":{"line":66,"column":32}},"35":{"start":{"line":68,"column":2},"end":{"line":74,"column":3}},"36":{"start":{"line":69,"column":22},"end":{"line":69,"column":64}},"37":{"start":{"line":70,"column":4},"end":{"line":70,"column":55}},"38":{"start":{"line":72,"column":22},"end":{"line":72,"column":64}},"39":{"start":{"line":73,"column":4},"end":{"line":73,"column":58}},"40":{"start":{"line":85,"column":2},"end":{"line":87,"column":3}},"41":{"start":{"line":86,"column":4},"end":{"line":86,"column":25}},"42":{"start":{"line":90,"column":2},"end":{"line":90,"column":46}},"43":{"start":{"line":90,"column":23},"end":{"line":90,"column":46}},"44":{"start":{"line":92,"column":2},"end":{"line":92,"column":47}},"45":{"start":{"line":93,"column":2},"end":{"line":98,"column":3}},"46":{"start":{"line":94,"column":19},"end":{"line":94,"column":40}},"47":{"start":{"line":95,"column":4},"end":{"line":95,"column":18}},"48":{"start":{"line":97,"column":4},"end":{"line":97,"column":27}},"49":{"start":{"line":102,"column":29},"end":{"line":102,"column":113}},"50":{"start":{"line":103,"column":2},"end":{"line":103,"column":37}},"51":{"start":{"line":103,"column":27},"end":{"line":103,"column":37}},"52":{"start":{"line":105,"column":18},"end":{"line":105,"column":60}},"53":{"start":{"line":106,"column":15},"end":{"line":106,"column":27}},"54":{"start":{"line":107,"column":2},"end":{"line":107,"column":35}},"55":{"start":{"line":107,"column":25},"end":{"line":107,"column":35}},"56":{"start":{"line":110,"column":2},"end":{"line":174,"column":3}},"57":{"start":{"line":111,"column":4},"end":{"line":173,"column":5}},"58":{"start":{"line":112,"column":23},"end":{"line":112,"column":66}},"59":{"start":{"line":113,"column":18},"end":{"line":113,"column":38}},"60":{"start":{"line":114,"column":17},"end":{"line":114,"column":71}},"61":{"start":{"line":115,"column":22},"end":{"line":115,"column":50}},"62":{"start":{"line":116,"column":16},"end":{"line":116,"column":31}},"63":{"start":{"line":117,"column":6},"end":{"line":117,"column":51}},"64":{"start":{"line":117,"column":41},"end":{"line":117,"column":51}},"65":{"start":{"line":120,"column":27},"end":{"line":120,"column":84}},"66":{"start":{"line":120,"column":63},"end":{"line":120,"column":83}},"67":{"start":{"line":121,"column":30},"end":{"line":121,"column":61}},"68":{"start":{"line":124,"column":27},"end":{"line":124,"column":88}},"69":{"start":{"line":124,"column":47},"end":{"line":124,"column":87}},"70":{"start":{"line":124,"column":82},"end":{"line":124,"column":86}},"71":{"start":{"line":125,"column":27},"end":{"line":125,"column":90}},"72":{"start":{"line":125,"column":47},"end":{"line":125,"column":89}},"73":{"start":{"line":125,"column":84},"end":{"line":125,"column":88}},"74":{"start":{"line":126,"column":29},"end":{"line":129,"column":8}},"75":{"start":{"line":131,"column":38},"end":{"line":131,"column":40}},"76":{"start":{"line":132,"column":6},"end":{"line":165,"column":7}},"77":{"start":{"line":132,"column":19},"end":{"line":132,"column":20}},"78":{"start":{"line":133,"column":21},"end":{"line":133,"column":29}},"79":{"start":{"line":134,"column":8},"end":{"line":134,"column":56}},"80":{"start":{"line":134,"column":47},"end":{"line":134,"column":56}},"81":{"start":{"line":135,"column":21},"end":{"line":135,"column":29}},"82":{"start":{"line":136,"column":21},"end":{"line":136,"column":29}},"83":{"start":{"line":137,"column":8},"end":{"line":137,"column":28}},"84":{"start":{"line":137,"column":19},"end":{"line":137,"column":28}},"85":{"start":{"line":141,"column":23},"end":{"line":141,"column":54}},"86":{"start":{"line":142,"column":24},"end":{"line":142,"column":56}},"87":{"start":{"line":143,"column":32},"end":{"line":143,"column":76}},"88":{"start":{"line":144,"column":31},"end":{"line":144,"column":53}},"89":{"start":{"line":146,"column":8},"end":{"line":164,"column":11}},"90":{"start":{"line":168,"column":6},"end":{"line":168,"column":26}},"91":{"start":{"line":169,"column":6},"end":{"line":169,"column":28}},"92":{"start":{"line":170,"column":6},"end":{"line":170,"column":17}},"93":{"start":{"line":172,"column":6},"end":{"line":172,"column":18}},"94":{"start":{"line":175,"column":2},"end":{"line":175,"column":111}},"95":{"start":{"line":176,"column":2},"end":{"line":176,"column":12}}},"fnMap":{"0":{"name":"getRpcUrls","decl":{"start":{"line":31,"column":9},"end":{"line":31,"column":19}},"loc":{"start":{"line":31,"column":19},"end":{"line":40,"column":1}}},"1":{"name":"loadTradingCoreAbi","decl":{"start":{"line":42,"column":9},"end":{"line":42,"column":27}},"loc":{"start":{"line":42,"column":27},"end":{"line":46,"column":1}}},"2":{"name":"toStr","decl":{"start":{"line":48,"column":9},"end":{"line":48,"column":14}},"loc":{"start":{"line":48,"column":25},"end":{"line":53,"column":1}}},"3":{"name":"calculateInstantFundingRate","decl":{"start":{"line":64,"column":9},"end":{"line":64,"column":36}},"loc":{"start":{"line":64,"column":68},"end":{"line":75,"column":1}}},"4":{"name":"fetchMarketsOnChain","decl":{"start":{"line":83,"column":22},"end":{"line":83,"column":41}},"loc":{"start":{"line":83,"column":41},"end":{"line":99,"column":1}}},"5":{"name":"_fetchMarketsOnChainImpl","decl":{"start":{"line":101,"column":15},"end":{"line":101,"column":39}},"loc":{"start":{"line":101,"column":39},"end":{"line":177,"column":1}}},"6":{"name":"(anonymous_6)","decl":{"start":{"line":120,"column":53},"end":{"line":120,"column":54}},"loc":{"start":{"line":120,"column":63},"end":{"line":120,"column":83}}},"7":{"name":"(anonymous_7)","decl":{"start":{"line":124,"column":37},"end":{"line":124,"column":38}},"loc":{"start":{"line":124,"column":47},"end":{"line":124,"column":87}}},"8":{"name":"(anonymous_8)","decl":{"start":{"line":124,"column":76},"end":{"line":124,"column":79}},"loc":{"start":{"line":124,"column":82},"end":{"line":124,"column":86}}},"9":{"name":"(anonymous_9)","decl":{"start":{"line":125,"column":37},"end":{"line":125,"column":38}},"loc":{"start":{"line":125,"column":47},"end":{"line":125,"column":89}}},"10":{"name":"(anonymous_10)","decl":{"start":{"line":125,"column":78},"end":{"line":125,"column":81}},"loc":{"start":{"line":125,"column":84},"end":{"line":125,"column":88}}}},"branchMap":{"0":{"loc":{"start":{"line":32,"column":19},"end":{"line":32,"column":44}},"type":"binary-expr","locations":[{"start":{"line":32,"column":19},"end":{"line":32,"column":38}},{"start":{"line":32,"column":42},"end":{"line":32,"column":44}}]},"1":{"loc":{"start":{"line":33,"column":23},"end":{"line":33,"column":57}},"type":"binary-expr","locations":[{"start":{"line":33,"column":23},"end":{"line":33,"column":51}},{"start":{"line":33,"column":55},"end":{"line":33,"column":57}}]},"2":{"loc":{"start":{"line":34,"column":25},"end":{"line":34,"column":49}},"type":"cond-expr","locations":[{"start":{"line":34,"column":35},"end":{"line":34,"column":44}},{"start":{"line":34,"column":47},"end":{"line":34,"column":49}}]},"3":{"loc":{"start":{"line":35,"column":2},"end":{"line":35,"column":73}},"type":"if","locations":[{"start":{"line":35,"column":2},"end":{"line":35,"column":73}}]},"4":{"loc":{"start":{"line":35,"column":6},"end":{"line":35,"column":48}},"type":"binary-expr","locations":[{"start":{"line":35,"column":6},"end":{"line":35,"column":17}},{"start":{"line":35,"column":21},"end":{"line":35,"column":48}}]},"5":{"loc":{"start":{"line":36,"column":18},"end":{"line":36,"column":46}},"type":"binary-expr","locations":[{"start":{"line":36,"column":18},"end":{"line":36,"column":38}},{"start":{"line":36,"column":42},"end":{"line":36,"column":46}}]},"6":{"loc":{"start":{"line":37,"column":19},"end":{"line":37,"column":83}},"type":"cond-expr","locations":[{"start":{"line":37,"column":40},"end":{"line":37,"column":60}},{"start":{"line":37,"column":63},"end":{"line":37,"column":83}}]},"7":{"loc":{"start":{"line":38,"column":28},"end":{"line":38,"column":64}},"type":"if","locations":[{"start":{"line":38,"column":28},"end":{"line":38,"column":64}}]},"8":{"loc":{"start":{"line":49,"column":2},"end":{"line":49,"column":28}},"type":"if","locations":[{"start":{"line":49,"column":2},"end":{"line":49,"column":28}}]},"9":{"loc":{"start":{"line":50,"column":2},"end":{"line":50,"column":49}},"type":"if","locations":[{"start":{"line":50,"column":2},"end":{"line":50,"column":49}}]},"10":{"loc":{"start":{"line":51,"column":2},"end":{"line":51,"column":85}},"type":"if","locations":[{"start":{"line":51,"column":2},"end":{"line":51,"column":85}}]},"11":{"loc":{"start":{"line":51,"column":36},"end":{"line":51,"column":84}},"type":"cond-expr","locations":[{"start":{"line":51,"column":57},"end":{"line":51,"column":78}},{"start":{"line":51,"column":81},"end":{"line":51,"column":84}}]},"12":{"loc":{"start":{"line":66,"column":2},"end":{"line":66,"column":32}},"type":"if","locations":[{"start":{"line":66,"column":2},"end":{"line":66,"column":32}}]},"13":{"loc":{"start":{"line":68,"column":2},"end":{"line":74,"column":3}},"type":"if","locations":[{"start":{"line":68,"column":2},"end":{"line":74,"column":3}},{"start":{"line":71,"column":9},"end":{"line":74,"column":3}}]},"14":{"loc":{"start":{"line":85,"column":2},"end":{"line":87,"column":3}},"type":"if","locations":[{"start":{"line":85,"column":2},"end":{"line":87,"column":3}}]},"15":{"loc":{"start":{"line":85,"column":6},"end":{"line":85,"column":70}},"type":"binary-expr","locations":[{"start":{"line":85,"column":6},"end":{"line":85,"column":42}},{"start":{"line":85,"column":46},"end":{"line":85,"column":70}}]},"16":{"loc":{"start":{"line":90,"column":2},"end":{"line":90,"column":46}},"type":"if","locations":[{"start":{"line":90,"column":2},"end":{"line":90,"column":46}}]},"17":{"loc":{"start":{"line":102,"column":30},"end":{"line":102,"column":105}},"type":"binary-expr","locations":[{"start":{"line":102,"column":30},"end":{"line":102,"column":62}},{"start":{"line":102,"column":66},"end":{"line":102,"column":99}},{"start":{"line":102,"column":103},"end":{"line":102,"column":105}}]},"18":{"loc":{"start":{"line":103,"column":2},"end":{"line":103,"column":37}},"type":"if","locations":[{"start":{"line":103,"column":2},"end":{"line":103,"column":37}}]},"19":{"loc":{"start":{"line":105,"column":27},"end":{"line":105,"column":55}},"type":"binary-expr","locations":[{"start":{"line":105,"column":27},"end":{"line":105,"column":47}},{"start":{"line":105,"column":51},"end":{"line":105,"column":55}}]},"20":{"loc":{"start":{"line":107,"column":2},"end":{"line":107,"column":35}},"type":"if","locations":[{"start":{"line":107,"column":2},"end":{"line":107,"column":35}}]},"21":{"loc":{"start":{"line":117,"column":6},"end":{"line":117,"column":51}},"type":"if","locations":[{"start":{"line":117,"column":6},"end":{"line":117,"column":51}}]},"22":{"loc":{"start":{"line":117,"column":10},"end":{"line":117,"column":39}},"type":"binary-expr","locations":[{"start":{"line":117,"column":10},"end":{"line":117,"column":29}},{"start":{"line":117,"column":33},"end":{"line":117,"column":39}}]},"23":{"loc":{"start":{"line":134,"column":8},"end":{"line":134,"column":56}},"type":"if","locations":[{"start":{"line":134,"column":8},"end":{"line":134,"column":56}}]},"24":{"loc":{"start":{"line":134,"column":12},"end":{"line":134,"column":45}},"type":"binary-expr","locations":[{"start":{"line":134,"column":12},"end":{"line":134,"column":17}},{"start":{"line":134,"column":21},"end":{"line":134,"column":45}}]},"25":{"loc":{"start":{"line":137,"column":8},"end":{"line":137,"column":28}},"type":"if","locations":[{"start":{"line":137,"column":8},"end":{"line":137,"column":28}}]},"26":{"loc":{"start":{"line":141,"column":30},"end":{"line":141,"column":53}},"type":"binary-expr","locations":[{"start":{"line":141,"column":30},"end":{"line":141,"column":48}},{"start":{"line":141,"column":52},"end":{"line":141,"column":53}}]},"27":{"loc":{"start":{"line":142,"column":31},"end":{"line":142,"column":55}},"type":"binary-expr","locations":[{"start":{"line":142,"column":31},"end":{"line":142,"column":50}},{"start":{"line":142,"column":54},"end":{"line":142,"column":55}}]},"28":{"loc":{"start":{"line":157,"column":29},"end":{"line":157,"column":71}},"type":"cond-expr","locations":[{"start":{"line":157,"column":36},"end":{"line":157,"column":65}},{"start":{"line":157,"column":68},"end":{"line":157,"column":71}}]},"29":{"loc":{"start":{"line":158,"column":27},"end":{"line":158,"column":66}},"type":"cond-expr","locations":[{"start":{"line":158,"column":34},"end":{"line":158,"column":60}},{"start":{"line":158,"column":63},"end":{"line":158,"column":66}}]},"30":{"loc":{"start":{"line":175,"column":57},"end":{"line":175,"column":109}},"type":"cond-expr","locations":[{"start":{"line":175,"column":84},"end":{"line":175,"column":99}},{"start":{"line":175,"column":102},"end":{"line":175,"column":109}}]}},"s":{"0":3,"1":3,"2":3,"3":3,"4":3,"5":3,"6":3,"7":3,"8":3,"9":3,"10":3,"11":3,"12":3,"13":3,"14":6,"15":0,"16":3,"17":3,"18":3,"19":576,"20":0,"21":576,"22":576,"23":0,"24":0,"25":0,"26":3,"27":3,"28":3,"29":3,"30":3,"31":3,"32":48,"33":48,"34":36,"35":12,"36":9,"37":9,"38":3,"39":3,"40":4,"41":1,"42":3,"43":0,"44":3,"45":3,"46":3,"47":3,"48":3,"49":3,"50":3,"51":0,"52":3,"53":3,"54":3,"55":0,"56":3,"57":3,"58":3,"59":3,"60":3,"61":3,"62":3,"63":3,"64":0,"65":3,"66":48,"67":3,"68":3,"69":48,"70":0,"71":3,"72":48,"73":0,"74":3,"75":3,"76":3,"77":3,"78":48,"79":48,"80":0,"81":48,"82":48,"83":48,"84":0,"85":48,"86":48,"87":48,"88":48,"89":48,"90":3,"91":3,"92":3,"93":0,"94":0,"95":0},"f":{"0":3,"1":3,"2":576,"3":48,"4":4,"5":3,"6":48,"7":48,"8":0,"9":48,"10":0},"b":{"0":[3,0],"1":[3,0],"2":[3,0],"3":[3],"4":[3,3],"5":[3,0],"6":[0,3],"7":[0],"8":[0],"9":[576],"10":[0],"11":[0,0],"12":[36],"13":[9,3],"14":[1],"15":[4,1],"16":[0],"17":[3,0,0],"18":[0],"19":[3,0],"20":[0],"21":[0],"22":[3,3],"23":[0],"24":[48,48],"25":[0],"26":[48,39],"27":[48,45],"28":[48,0],"29":[48,0],"30":[0,0]}}}}
